This is pdfTeX, Version 3.14159265-2.6-1.40.21 (TeX Live 2020) (preloaded format=pdflatex 2020.8.20)  2 OCT 2020 14:28
entering extended mode
 restricted \write18 enabled.
 file:line:error style messages enabled.
 %&-line parsing enabled.
**/Users/keke/Documents/Project/fdml_dp_admm_sharing/yhu-DP_ADMM_SHARING/NIPS_Workshop/main.tex
(/Users/keke/Documents/Project/fdml_dp_admm_sharing/yhu-DP_ADMM_SHARING/NIPS_Workshop/main.tex
LaTeX2e <2020-02-02> patch level 5
L3 programming layer <2020-03-06> (/usr/local/texlive/2020/texmf-dist/tex/latex/base/article.cls
Document Class: article 2019/12/20 v1.4l Standard LaTeX document class
(/usr/local/texlive/2020/texmf-dist/tex/latex/base/size10.clo
File: size10.clo 2019/12/20 v1.4l Standard LaTeX file (size option)
)
\c@part=\count167
\c@section=\count168
\c@subsection=\count169
\c@subsubsection=\count170
\c@paragraph=\count171
\c@subparagraph=\count172
\c@figure=\count173
\c@table=\count174
\abovecaptionskip=\skip47
\belowcaptionskip=\skip48
\bibindent=\dimen134
) (/Users/keke/Documents/Project/fdml_dp_admm_sharing/yhu-DP_ADMM_SHARING/NIPS_Workshop/aaai20.sty
Conference Style for AAAI for LaTeX 2e -- version for the AAAI-20 conference
\titlebox=\skip49
) (/usr/local/texlive/2020/texmf-dist/tex/latex/psnfss/times.sty
Package: times 2005/04/12 PSNFSS-v9.2a (SPQR) 
) (/usr/local/texlive/2020/texmf-dist/tex/latex/psnfss/helvet.sty
Package: helvet 2005/04/12 PSNFSS-v9.2a (WaS) 
 (/usr/local/texlive/2020/texmf-dist/tex/latex/graphics/keyval.sty
Package: keyval 2014/10/28 v1.15 key=value parser (DPC)
\KV@toks@=\toks15
)) (/usr/local/texlive/2020/texmf-dist/tex/latex/psnfss/courier.sty
Package: courier 2005/04/12 PSNFSS-v9.2a (WaS) 
) (/usr/local/texlive/2020/texmf-dist/tex/latex/url/url.sty
\Urlmuskip=\muskip16
Package: url 2013/09/16  ver 3.4  Verb mode for urls, etc.
) (/usr/local/texlive/2020/texmf-dist/tex/latex/graphics/graphicx.sty
Package: graphicx 2019/11/30 v1.2a Enhanced LaTeX Graphics (DPC,SPQR)
 (/usr/local/texlive/2020/texmf-dist/tex/latex/graphics/graphics.sty
Package: graphics 2019/11/30 v1.4a Standard LaTeX Graphics (DPC,SPQR)
 (/usr/local/texlive/2020/texmf-dist/tex/latex/graphics/trig.sty
Package: trig 2016/01/03 v1.10 sin cos tan (DPC)
) (/usr/local/texlive/2020/texmf-dist/tex/latex/graphics-cfg/graphics.cfg
File: graphics.cfg 2016/06/04 v1.11 sample graphics configuration
)
Package graphics Info: Driver file: pdftex.def on input line 105.
 (/usr/local/texlive/2020/texmf-dist/tex/latex/graphics-def/pdftex.def
File: pdftex.def 2018/01/08 v1.0l Graphics/color driver for pdftex
))
\Gin@req@height=\dimen135
\Gin@req@width=\dimen136
) (/usr/local/texlive/2020/texmf-dist/tex/latex/subfigure/subfigure.sty
Package: subfigure 2002/03/15 v2.1.5 subfigure package
\subfigtopskip=\skip50
\subfigcapskip=\skip51
\subfigcaptopadj=\dimen137
\subfigbottomskip=\skip52
\subfigcapmargin=\dimen138
\subfiglabelskip=\skip53
\c@subfigure=\count175
\c@lofdepth=\count176
\c@subtable=\count177
\c@lotdepth=\count178

****************************************
* Local config file subfigure.cfg used *
****************************************
(/usr/local/texlive/2020/texmf-dist/tex/latex/subfigure/subfigure.cfg)
\subfig@top=\skip54
\subfig@bottom=\skip55
) (/usr/local/texlive/2020/texmf-dist/tex/latex/amsmath/amsmath.sty
Package: amsmath 2020/01/20 v2.17e AMS math features
\@mathmargin=\skip56

For additional information on amsmath, use the `?' option.
(/usr/local/texlive/2020/texmf-dist/tex/latex/amsmath/amstext.sty
Package: amstext 2000/06/29 v2.01 AMS text
 (/usr/local/texlive/2020/texmf-dist/tex/latex/amsmath/amsgen.sty
File: amsgen.sty 1999/11/30 v2.0 generic functions
\@emptytoks=\toks16
\ex@=\dimen139
)) (/usr/local/texlive/2020/texmf-dist/tex/latex/amsmath/amsbsy.sty
Package: amsbsy 1999/11/29 v1.2d Bold Symbols
\pmbraise@=\dimen140
) (/usr/local/texlive/2020/texmf-dist/tex/latex/amsmath/amsopn.sty
Package: amsopn 2016/03/08 v2.02 operator names
)
\inf@bad=\count179
LaTeX Info: Redefining \frac on input line 227.
\uproot@=\count180
\leftroot@=\count181
LaTeX Info: Redefining \overline on input line 389.
\classnum@=\count182
\DOTSCASE@=\count183
LaTeX Info: Redefining \ldots on input line 486.
LaTeX Info: Redefining \dots on input line 489.
LaTeX Info: Redefining \cdots on input line 610.
\Mathstrutbox@=\box45
\strutbox@=\box46
\big@size=\dimen141
LaTeX Font Info:    Redeclaring font encoding OML on input line 733.
LaTeX Font Info:    Redeclaring font encoding OMS on input line 734.
\macc@depth=\count184
\c@MaxMatrixCols=\count185
\dotsspace@=\muskip17
\c@parentequation=\count186
\dspbrk@lvl=\count187
\tag@help=\toks17
\row@=\count188
\column@=\count189
\maxfields@=\count190
\andhelp@=\toks18
\eqnshift@=\dimen142
\alignsep@=\dimen143
\tagshift@=\dimen144
\tagwidth@=\dimen145
\totwidth@=\dimen146
\lineht@=\dimen147
\@envbody=\toks19
\multlinegap=\skip57
\multlinetaggap=\skip58
\mathdisplay@stack=\toks20
LaTeX Info: Redefining \[ on input line 2859.
LaTeX Info: Redefining \] on input line 2860.
) (/usr/local/texlive/2020/texmf-dist/tex/latex/amsfonts/amssymb.sty
Package: amssymb 2013/01/14 v3.01 AMS font symbols
 (/usr/local/texlive/2020/texmf-dist/tex/latex/amsfonts/amsfonts.sty
Package: amsfonts 2013/01/14 v3.01 Basic AMSFonts support
\symAMSa=\mathgroup4
\symAMSb=\mathgroup5
LaTeX Font Info:    Redeclaring math symbol \hbar on input line 98.
LaTeX Font Info:    Overwriting math alphabet `\mathfrak' in version `bold'
(Font)                  U/euf/m/n --> U/euf/b/n on input line 106.
)) (/usr/local/texlive/2020/texmf-dist/tex/latex/xcolor/xcolor.sty
Package: xcolor 2016/05/11 v2.12 LaTeX color extensions (UK)
 (/usr/local/texlive/2020/texmf-dist/tex/latex/graphics-cfg/color.cfg
File: color.cfg 2016/01/02 v1.6 sample color configuration
)
Package xcolor Info: Driver file: pdftex.def on input line 225.
Package xcolor Info: Model `cmy' substituted by `cmy0' on input line 1348.
Package xcolor Info: Model `hsb' substituted by `rgb' on input line 1352.
Package xcolor Info: Model `RGB' extended on input line 1364.
Package xcolor Info: Model `HTML' substituted by `rgb' on input line 1366.
Package xcolor Info: Model `Hsb' substituted by `hsb' on input line 1367.
Package xcolor Info: Model `tHsb' substituted by `hsb' on input line 1368.
Package xcolor Info: Model `HSB' substituted by `hsb' on input line 1369.
Package xcolor Info: Model `Gray' substituted by `gray' on input line 1370.
Package xcolor Info: Model `wave' substituted by `hsb' on input line 1371.
) (/usr/local/texlive/2020/texmf-dist/tex/latex/algorithms/algorithm.sty
Package: algorithm 2009/08/24 v0.1 Document Style `algorithm' - floating environment
 (/usr/local/texlive/2020/texmf-dist/tex/latex/float/float.sty
Package: float 2001/11/08 v1.3d Float enhancements (AL)
\c@float@type=\count191
\float@exts=\toks21
\float@box=\box47
\@float@everytoks=\toks22
\@floatcapt=\box48
) (/usr/local/texlive/2020/texmf-dist/tex/latex/base/ifthen.sty
Package: ifthen 2014/09/29 v1.1c Standard LaTeX ifthen package (DPC)
)
\@float@every@algorithm=\toks23
\c@algorithm=\count192
) (/usr/local/texlive/2020/texmf-dist/tex/latex/algorithms/algorithmic.sty
Package: algorithmic 2009/08/24 v0.1 Document Style `algorithmic'
\c@ALC@unique=\count193
\c@ALC@line=\count194
\c@ALC@rem=\count195
\c@ALC@depth=\count196
\ALC@tlm=\skip59
\algorithmicindent=\skip60
)
\c@defi=\count197
\c@lemma=\count198
\c@theorem=\count199
\c@assume=\count266
\c@coro=\count267
 (/usr/local/texlive/2020/texmf-dist/tex/latex/mdframed/mdframed.sty
Package: mdframed 2013/07/01 1.9b: mdframed
 (/usr/local/texlive/2020/texmf-dist/tex/latex/kvoptions/kvoptions.sty
Package: kvoptions 2019/11/29 v3.13 Key value format for package options (HO)
 (/usr/local/texlive/2020/texmf-dist/tex/generic/ltxcmds/ltxcmds.sty
Package: ltxcmds 2019/12/15 v1.24 LaTeX kernel commands for general use (HO)
) (/usr/local/texlive/2020/texmf-dist/tex/generic/kvsetkeys/kvsetkeys.sty
Package: kvsetkeys 2019/12/15 v1.18 Key value parser (HO)
)) (/usr/local/texlive/2020/texmf-dist/tex/latex/l3packages/xparse/xparse.sty (/usr/local/texlive/2020/texmf-dist/tex/latex/l3kernel/expl3.sty
Package: expl3 2020-03-06 L3 programming layer (loader) 
 (/usr/local/texlive/2020/texmf-dist/tex/latex/l3backend/l3backend-pdfmode.def
File: l3backend-pdfmode.def 2020-03-12 L3 backend support: PDF mode
\l__kernel_color_stack_int=\count268
\l__pdf_internal_box=\box49
))
Package: xparse 2020-03-06 L3 Experimental document command parser
\l__xparse_current_arg_int=\count269
\g__xparse_grabber_int=\count270
\l__xparse_m_args_int=\count271
\l__xparse_v_nesting_int=\count272
) (/usr/local/texlive/2020/texmf-dist/tex/latex/etoolbox/etoolbox.sty
Package: etoolbox 2019/09/21 v2.5h e-TeX tools for LaTeX (JAW)
\etb@tempcnta=\count273
) (/usr/local/texlive/2020/texmf-dist/tex/latex/zref/zref-abspage.sty
Package: zref-abspage 2020-03-03 v2.29 Module abspage for zref (HO)
 (/usr/local/texlive/2020/texmf-dist/tex/latex/zref/zref-base.sty
Package: zref-base 2020-03-03 v2.29 Module base for zref (HO)
 (/usr/local/texlive/2020/texmf-dist/tex/generic/infwarerr/infwarerr.sty
Package: infwarerr 2019/12/03 v1.5 Providing info/warning/error messages (HO)
) (/usr/local/texlive/2020/texmf-dist/tex/generic/kvdefinekeys/kvdefinekeys.sty
Package: kvdefinekeys 2019-12-19 v1.6 Define keys (HO)
) (/usr/local/texlive/2020/texmf-dist/tex/latex/pdftexcmds/pdftexcmds.sty
Package: pdftexcmds 2019/11/24 v0.31 Utility functions of pdfTeX for LuaTeX (HO)
 (/usr/local/texlive/2020/texmf-dist/tex/generic/iftex/iftex.sty
Package: iftex 2020/03/06 v1.0d TeX engine tests
)
Package pdftexcmds Info: \pdf@primitive is available.
Package pdftexcmds Info: \pdf@ifprimitive is available.
Package pdftexcmds Info: \pdfdraftmode found.
) (/usr/local/texlive/2020/texmf-dist/tex/generic/etexcmds/etexcmds.sty
Package: etexcmds 2019/12/15 v1.7 Avoid name clashes with e-TeX commands (HO)
) (/usr/local/texlive/2020/texmf-dist/tex/latex/auxhook/auxhook.sty
Package: auxhook 2019-12-17 v1.6 Hooks for auxiliary files (HO)
)
Package zref Info: New property list: main on input line 763.
Package zref Info: New property: default on input line 764.
Package zref Info: New property: page on input line 765.
) (/usr/local/texlive/2020/texmf-dist/tex/generic/atbegshi/atbegshi.sty
Package: atbegshi 2019/12/05 v1.19 At begin shipout hook (HO)
)
\c@abspage=\count274
Package zref Info: New property: abspage on input line 66.
) (/usr/local/texlive/2020/texmf-dist/tex/latex/needspace/needspace.sty
Package: needspace 2010/09/12 v1.3d reserve vertical space
)
\mdf@templength=\skip61
\c@mdf@globalstyle@cnt=\count275
\mdf@skipabove@length=\skip62
\mdf@skipbelow@length=\skip63
\mdf@leftmargin@length=\skip64
\mdf@rightmargin@length=\skip65
\mdf@innerleftmargin@length=\skip66
\mdf@innerrightmargin@length=\skip67
\mdf@innertopmargin@length=\skip68
\mdf@innerbottommargin@length=\skip69
\mdf@splittopskip@length=\skip70
\mdf@splitbottomskip@length=\skip71
\mdf@outermargin@length=\skip72
\mdf@innermargin@length=\skip73
\mdf@linewidth@length=\skip74
\mdf@innerlinewidth@length=\skip75
\mdf@middlelinewidth@length=\skip76
\mdf@outerlinewidth@length=\skip77
\mdf@roundcorner@length=\skip78
\mdf@footenotedistance@length=\skip79
\mdf@userdefinedwidth@length=\skip80
\mdf@needspace@length=\skip81
\mdf@frametitleaboveskip@length=\skip82
\mdf@frametitlebelowskip@length=\skip83
\mdf@frametitlerulewidth@length=\skip84
\mdf@frametitleleftmargin@length=\skip85
\mdf@frametitlerightmargin@length=\skip86
\mdf@shadowsize@length=\skip87
\mdf@extratopheight@length=\skip88
\mdf@subtitleabovelinewidth@length=\skip89
\mdf@subtitlebelowlinewidth@length=\skip90
\mdf@subtitleaboveskip@length=\skip91
\mdf@subtitlebelowskip@length=\skip92
\mdf@subtitleinneraboveskip@length=\skip93
\mdf@subtitleinnerbelowskip@length=\skip94
\mdf@subsubtitleabovelinewidth@length=\skip95
\mdf@subsubtitlebelowlinewidth@length=\skip96
\mdf@subsubtitleaboveskip@length=\skip97
\mdf@subsubtitlebelowskip@length=\skip98
\mdf@subsubtitleinneraboveskip@length=\skip99
\mdf@subsubtitleinnerbelowskip@length=\skip100
 (/usr/local/texlive/2020/texmf-dist/tex/latex/mdframed/md-frame-0.mdf
File: md-frame-0.mdf 2013/07/01\ 1.9b: md-frame-0
)
\mdf@frametitlebox=\box50
\mdf@footnotebox=\box51
\mdf@splitbox@one=\box52
\mdf@splitbox@two=\box53
\mdf@splitbox@save=\box54
\mdfsplitboxwidth=\skip101
\mdfsplitboxtotalwidth=\skip102
\mdfsplitboxheight=\skip103
\mdfsplitboxdepth=\skip104
\mdfsplitboxtotalheight=\skip105
\mdfframetitleboxwidth=\skip106
\mdfframetitleboxtotalwidth=\skip107
\mdfframetitleboxheight=\skip108
\mdfframetitleboxdepth=\skip109
\mdfframetitleboxtotalheight=\skip110
\mdffootnoteboxwidth=\skip111
\mdffootnoteboxtotalwidth=\skip112
\mdffootnoteboxheight=\skip113
\mdffootnoteboxdepth=\skip114
\mdffootnoteboxtotalheight=\skip115
\mdftotallinewidth=\skip116
\mdfboundingboxwidth=\skip117
\mdfboundingboxtotalwidth=\skip118
\mdfboundingboxheight=\skip119
\mdfboundingboxdepth=\skip120
\mdfboundingboxtotalheight=\skip121
\mdf@freevspace@length=\skip122
\mdf@horizontalwidthofbox@length=\skip123
\mdf@verticalmarginwhole@length=\skip124
\mdf@horizontalspaceofbox=\skip125
\mdfsubtitleheight=\skip126
\mdfsubsubtitleheight=\skip127
\c@mdfcountframes=\count276

****** mdframed patching \endmdf@trivlist

****** -- success******

\mdf@envdepth=\count277
\c@mdf@env@i=\count278
\c@mdf@env@ii=\count279
\c@mdf@zref@counter=\count280
Package zref Info: New property: mdf@pagevalue on input line 895.
) (/usr/local/texlive/2020/texmf-dist/tex/latex/lipsum/lipsum.sty
Package: lipsum 2019/01/02 v2.2 150 paragraphs of Lorem Ipsum dummy text
 (/usr/local/texlive/2020/texmf-dist/tex/latex/lipsum/lipsum.ltd.tex
File: lipsum.ltd.tex 2019/01/02 v2.2 The Lorem ipsum dummy text
))
\c@algo=\count281
\myindent=\skip128
 (/Users/keke/Documents/Project/fdml_dp_admm_sharing/yhu-DP_ADMM_SHARING/NIPS_Workshop/main.aux)
\openout1 = `main.aux'.

LaTeX Font Info:    Checking defaults for OML/cmm/m/it on input line 130.
LaTeX Font Info:    ... okay on input line 130.
LaTeX Font Info:    Checking defaults for OMS/cmsy/m/n on input line 130.
LaTeX Font Info:    ... okay on input line 130.
LaTeX Font Info:    Checking defaults for OT1/cmr/m/n on input line 130.
LaTeX Font Info:    ... okay on input line 130.
LaTeX Font Info:    Checking defaults for T1/cmr/m/n on input line 130.
LaTeX Font Info:    ... okay on input line 130.
LaTeX Font Info:    Checking defaults for TS1/cmr/m/n on input line 130.
LaTeX Font Info:    ... okay on input line 130.
LaTeX Font Info:    Checking defaults for OMX/cmex/m/n on input line 130.
LaTeX Font Info:    ... okay on input line 130.
LaTeX Font Info:    Checking defaults for U/cmr/m/n on input line 130.
LaTeX Font Info:    ... okay on input line 130.
LaTeX Font Info:    Trying to load font information for OT1+ptm on input line 130.
 (/usr/local/texlive/2020/texmf-dist/tex/latex/psnfss/ot1ptm.fd
File: ot1ptm.fd 2001/06/04 font definitions for OT1/ptm.
) (/usr/local/texlive/2020/texmf-dist/tex/context/base/mkii/supp-pdf.mkii
[Loading MPS to PDF converter (version 2006.09.02).]
\scratchcounter=\count282
\scratchdimen=\dimen148
\scratchbox=\box55
\nofMPsegments=\count283
\nofMParguments=\count284
\everyMPshowfont=\toks24
\MPscratchCnt=\count285
\MPscratchDim=\dimen149
\MPnumerator=\count286
\makeMPintoPDFobject=\count287
\everyMPtoPDFconversion=\toks25
) (/usr/local/texlive/2020/texmf-dist/tex/latex/epstopdf-pkg/epstopdf-base.sty
Package: epstopdf-base 2020-01-24 v2.11 Base part for package epstopdf
Package epstopdf-base Info: Redefining graphics rule for `.eps' on input line 485.
 (/usr/local/texlive/2020/texmf-dist/tex/latex/latexconfig/epstopdf-sys.cfg
File: epstopdf-sys.cfg 2010/07/13 v1.3 Configuration of (r)epstopdf for TeX Live
))
\AtBeginShipoutBox=\box56
LaTeX Font Info:    Trying to load font information for U+msa on input line 132.
 (/usr/local/texlive/2020/texmf-dist/tex/latex/amsfonts/umsa.fd
File: umsa.fd 2013/01/14 v3.01 AMS symbols A
)
LaTeX Font Info:    Trying to load font information for U+msb on input line 132.
 (/usr/local/texlive/2020/texmf-dist/tex/latex/amsfonts/umsb.fd
File: umsb.fd 2013/01/14 v3.01 AMS symbols B
)

LaTeX Warning: No \author given.

LaTeX Font Info:    Trying to load font information for TS1+ptm on input line 132.
(/usr/local/texlive/2020/texmf-dist/tex/latex/psnfss/ts1ptm.fd
File: ts1ptm.fd 2001/06/04 font definitions for TS1/ptm.
) (/Users/keke/Documents/Project/fdml_dp_admm_sharing/yhu-DP_ADMM_SHARING/NIPS_Workshop/sections/intro.tex
Underfull \hbox (badness 1253) in paragraph at lines 20--26
[]\OT1/ptm/m/n/10 To fur-ther pro-vide pri-vacy guar-an-tees, we present a
 []


Underfull \vbox (badness 2478) has occurred while \output is active []

 [1{/usr/local/texlive/2020/texmf-var/fonts/map/pdftex/updmap/pdftex.map}



]
Underfull \hbox (badness 1259) in paragraph at lines 36--39
\OT1/ptm/m/n/10 Yuan, and Sayed 2018) pro-poses a stochas-tic learn-ing
 []


Underfull \hbox (badness 10000) in paragraph at lines 41--42
[]\OT1/ptm/b/n/10 Querying Ver-ti-cally Par-ti-tioned Data Pri-vately.
 []


Underfull \hbox (badness 1895) in paragraph at lines 41--42
\OT1/ptm/m/n/10 of query-ing ver-ti-cally par-ti-tioned data. ( Ken-tha-padi et
 []

) (/Users/keke/Documents/Project/fdml_dp_admm_sharing/yhu-DP_ADMM_SHARING/NIPS_Workshop/sections/problem.tex [2]) (/Users/keke/Documents/Project/fdml_dp_admm_sharing/yhu-DP_ADMM_SHARING/NIPS_Workshop/sections/algorithm.tex
Overfull \hbox (17.13925pt too wide) detected at line 8
[]
 []


Overfull \hbox (6.25659pt too wide) detected at line 15
[]
 []

) (/Users/keke/Documents/Project/fdml_dp_admm_sharing/yhu-DP_ADMM_SHARING/NIPS_Workshop/sections/privacy.tex
Underfull \hbox (badness 10000) in paragraph at lines 49--50
[]\OT1/ptm/m/it/10 A ran-dom-ized al-go-rithm $\OMS/cmsy/m/n/10 M$ \OT1/ptm/m/it/10 is
 []

[3]
Underfull \hbox (badness 10000) in paragraph at lines 63--64
[]\OT1/ptm/m/n/10 In our ADMM al-go-rithm, the shared mes-sages
 []


Underfull \hbox (badness 6876) in paragraph at lines 63--64
\OMS/cmsy/m/n/10 fD[]\OML/cmm/m/it/10 x[]\OMS/cmsy/m/n/10 g[]$ \OT1/ptm/m/n/10 may re-veal sen-si-tive in-for-ma-
 []


Underfull \hbox (badness 1810) in paragraph at lines 63--64
\OT1/ptm/m/n/10 de-signed ran-dom noise to pro-vide dif-fer-en-tial pri-vacy.
 []


Underfull \hbox (badness 1348) in paragraph at lines 76--101
\OT1/ptm/m/n/10 In the re-main-ing part of this sec-tion, we demon-strate
 []


Underfull \hbox (badness 2126) in paragraph at lines 107--109
[]\OT1/ptm/m/it/10 The reg-u-lar-izer $\OML/cmm/m/it/10 R[]\OT1/cmr/m/n/10 (\OMS/cmsy/m/n/10 ^^A\OT1/cmr/m/n/10 )$ \OT1/ptm/m/it/10 is dou-bly dif-fer-en-tiable with
 []

) (/Users/keke/Documents/Project/fdml_dp_admm_sharing/yhu-DP_ADMM_SHARING/NIPS_Workshop/sections/experiment.tex
Package epstopdf Info: Source file: <figures/a9a_loss_vs_epoch.eps>
(epstopdf)                    date: 2020-10-01 23:14:22
(epstopdf)                    size: 195288 bytes
(epstopdf)             Output file: <figures/a9a_loss_vs_epoch-eps-converted-to.pdf>
(epstopdf)                    date: 2020-10-02 13:57:02
(epstopdf)                    size: 11739 bytes
(epstopdf)             Command: <repstopdf --outfile=figures/a9a_loss_vs_epoch-eps-converted-to.pdf figures/a9a_loss_vs_epoch.eps>
(epstopdf)             \includegraphics on input line 9.
Package epstopdf Info: Output file is already uptodate.
<figures/a9a_loss_vs_epoch-eps-converted-to.pdf, id=24, 887.315pt x 423.5825pt>
File: figures/a9a_loss_vs_epoch-eps-converted-to.pdf Graphic file (type pdf)
<use figures/a9a_loss_vs_epoch-eps-converted-to.pdf>
Package pdftex.def Info: figures/a9a_loss_vs_epoch-eps-converted-to.pdf  used on input line 9.
(pdftex.def)             Requested size: 245.71754pt x 117.29669pt.
Package epstopdf Info: Source file: <figures/a9a_test_loss_vs_epoch_vary_noise.eps>
(epstopdf)                    date: 2020-10-01 02:23:56
(epstopdf)                    size: 185236 bytes
(epstopdf)             Output file: <figures/a9a_test_loss_vs_epoch_vary_noise-eps-converted-to.pdf>
(epstopdf)                    date: 2020-10-02 13:57:03
(epstopdf)                    size: 9154 bytes
(epstopdf)             Command: <repstopdf --outfile=figures/a9a_test_loss_vs_epoch_vary_noise-eps-converted-to.pdf figures/a9a_test_loss_vs_epoch_vary_noise.eps>
(epstopdf)             \includegraphics on input line 14.
Package epstopdf Info: Output file is already uptodate.
<figures/a9a_test_loss_vs_epoch_vary_noise-eps-converted-to.pdf, id=25, 788.9475pt x 423.5825pt>
File: figures/a9a_test_loss_vs_epoch_vary_noise-eps-converted-to.pdf Graphic file (type pdf)
<use figures/a9a_test_loss_vs_epoch_vary_noise-eps-converted-to.pdf>
Package pdftex.def Info: figures/a9a_test_loss_vs_epoch_vary_noise-eps-converted-to.pdf  used on input line 14.
(pdftex.def)             Requested size: 245.71754pt x 131.92323pt.
Package epstopdf Info: Source file: <figures/gisette_loss_vs_epoch.eps>
(epstopdf)                    date: 2019-05-25 21:28:20
(epstopdf)                    size: 193480 bytes
(epstopdf)             Output file: <figures/gisette_loss_vs_epoch-eps-converted-to.pdf>
(epstopdf)                    date: 2019-09-06 08:15:56
(epstopdf)                    size: 11527 bytes
(epstopdf)             Command: <repstopdf --outfile=figures/gisette_loss_vs_epoch-eps-converted-to.pdf figures/gisette_loss_vs_epoch.eps>
(epstopdf)             \includegraphics on input line 27.
Package epstopdf Info: Output file is already uptodate.
<figures/gisette_loss_vs_epoch-eps-converted-to.pdf, id=26, 778.91pt x 423.5825pt>
File: figures/gisette_loss_vs_epoch-eps-converted-to.pdf Graphic file (type pdf)
<use figures/gisette_loss_vs_epoch-eps-converted-to.pdf>
Package pdftex.def Info: figures/gisette_loss_vs_epoch-eps-converted-to.pdf  used on input line 27.
(pdftex.def)             Requested size: 245.71754pt x 133.6231pt.
Package epstopdf Info: Source file: <figures/gisette_test_loss_vs_epoch_vary_noise.eps>
(epstopdf)                    date: 2019-05-25 22:56:18
(epstopdf)                    size: 186600 bytes
(epstopdf)             Output file: <figures/gisette_test_loss_vs_epoch_vary_noise-eps-converted-to.pdf>
(epstopdf)                    date: 2019-09-06 08:15:58
(epstopdf)                    size: 9447 bytes
(epstopdf)             Command: <repstopdf --outfile=figures/gisette_test_loss_vs_epoch_vary_noise-eps-converted-to.pdf figures/gisette_test_loss_vs_epoch_vary_noise.eps>
(epstopdf)             \includegraphics on input line 32.
Package epstopdf Info: Output file is already uptodate.
<figures/gisette_test_loss_vs_epoch_vary_noise-eps-converted-to.pdf, id=27, 788.9475pt x 423.5825pt>
File: figures/gisette_test_loss_vs_epoch_vary_noise-eps-converted-to.pdf Graphic file (type pdf)
<use figures/gisette_test_loss_vs_epoch_vary_noise-eps-converted-to.pdf>
Package pdftex.def Info: figures/gisette_test_loss_vs_epoch_vary_noise-eps-converted-to.pdf  used on input line 32.
(pdftex.def)             Requested size: 245.71754pt x 131.92323pt.
Package epstopdf Info: Source file: <figures/a9a_test_loss_vs_noise.eps>
(epstopdf)                    date: 2019-05-25 21:28:22
(epstopdf)                    size: 179634 bytes
(epstopdf)             Output file: <figures/a9a_test_loss_vs_noise-eps-converted-to.pdf>
(epstopdf)                    date: 2019-09-06 08:15:58
(epstopdf)                    size: 7134 bytes
(epstopdf)             Command: <repstopdf --outfile=figures/a9a_test_loss_vs_noise-eps-converted-to.pdf figures/a9a_test_loss_vs_noise.eps>
(epstopdf)             \includegraphics on input line 45.
Package epstopdf Info: Output file is already uptodate.
<figures/a9a_test_loss_vs_noise-eps-converted-to.pdf, id=28, 778.91pt x 416.55624pt>
File: figures/a9a_test_loss_vs_noise-eps-converted-to.pdf Graphic file (type pdf)
<use figures/a9a_test_loss_vs_noise-eps-converted-to.pdf>
Package pdftex.def Info: figures/a9a_test_loss_vs_noise-eps-converted-to.pdf  used on input line 45.
(pdftex.def)             Requested size: 245.71754pt x 131.40659pt.
Package epstopdf Info: Source file: <figures/gisette_test_loss_vs_noise.eps>
(epstopdf)                    date: 2019-05-25 21:28:22
(epstopdf)                    size: 179927 bytes
(epstopdf)             Output file: <figures/gisette_test_loss_vs_noise-eps-converted-to.pdf>
(epstopdf)                    date: 2019-09-06 08:15:58
(epstopdf)                    size: 7267 bytes
(epstopdf)             Command: <repstopdf --outfile=figures/gisette_test_loss_vs_noise-eps-converted-to.pdf figures/gisette_test_loss_vs_noise.eps>
(epstopdf)             \includegraphics on input line 50.
Package epstopdf Info: Output file is already uptodate.
<figures/gisette_test_loss_vs_noise-eps-converted-to.pdf, id=29, 778.91pt x 416.55624pt>
File: figures/gisette_test_loss_vs_noise-eps-converted-to.pdf Graphic file (type pdf)
<use figures/gisette_test_loss_vs_noise-eps-converted-to.pdf>
Package pdftex.def Info: figures/gisette_test_loss_vs_noise-eps-converted-to.pdf  used on input line 50.
(pdftex.def)             Requested size: 245.71754pt x 131.40659pt.
 [4] [5 </Users/keke/Documents/Project/fdml_dp_admm_sharing/yhu-DP_ADMM_SHARING/NIPS_Workshop/figures/a9a_loss_vs_epoch-eps-converted-to.pdf> </Users/keke/Documents/Project/fdml_dp_admm_sharing/yhu-DP_ADMM_SHARING/NIPS_Workshop/figures/a9a_test_loss_vs_epoch_vary_noise-eps-converted-to.pdf> </Users/keke/Documents/Project/fdml_dp_admm_sharing/yhu-DP_ADMM_SHARING/NIPS_Workshop/figures/gisette_loss_vs_epoch-eps-converted-to.pdf> </Users/keke/Documents/Project/fdml_dp_admm_sharing/yhu-DP_ADMM_SHARING/NIPS_Workshop/figures/gisette_test_loss_vs_epoch_vary_noise-eps-converted-to.pdf>]) (/Users/keke/Documents/Project/fdml_dp_admm_sharing/yhu-DP_ADMM_SHARING/NIPS_Workshop/sections/conclude.tex) (/Users/keke/Documents/Project/fdml_dp_admm_sharing/yhu-DP_ADMM_SHARING/NIPS_Workshop/main.bbl [6 </Users/keke/Documents/Project/fdml_dp_admm_sharing/yhu-DP_ADMM_SHARING/NIPS_Workshop/figures/a9a_test_loss_vs_noise-eps-converted-to.pdf> </Users/keke/Documents/Project/fdml_dp_admm_sharing/yhu-DP_ADMM_SHARING/NIPS_Workshop/figures/gisette_test_loss_vs_noise-eps-converted-to.pdf>]
Underfull \hbox (badness 2165) in paragraph at lines 238--244
\OT1/ptm/m/it/10 con-fer-ence on com-puter and com-mu-ni-ca-tions se-cu-rity\OT1/ptm/m/n/10 ,
 []

) [7] (/Users/keke/Documents/Project/fdml_dp_admm_sharing/yhu-DP_ADMM_SHARING/NIPS_Workshop/sections/supplement.tex (/Users/keke/Documents/Project/fdml_dp_admm_sharing/yhu-DP_ADMM_SHARING/NIPS_Workshop/sections/proof_privacy.tex [8


] [9] [10])) [11] (/Users/keke/Documents/Project/fdml_dp_admm_sharing/yhu-DP_ADMM_SHARING/NIPS_Workshop/main.aux) ) 
Here is how much of TeX's memory you used:
 5880 strings out of 480608
 98393 string characters out of 5903630
 537376 words of memory out of 5000000
 21597 multiletter control sequences out of 15000+600000
 552435 words of font info for 58 fonts, out of 8000000 for 9000
 1141 hyphenation exceptions out of 8191
 44i,14n,40p,1466b,408s stack positions out of 5000i,500n,10000p,200000b,80000s
{/usr/local/texlive/2020/texmf-dist/fonts/enc/dvips/base/8r.enc}</usr/local/texlive/2020/texmf-dist/fonts/type1/public/amsfonts/cm/cmex10.pfb></usr/local/texlive/2020/texmf-dist/fonts/type1/public/amsfonts/cm/cmmi10.pfb></usr/local/texlive/2020/texmf-dist/fonts/type1/public/amsfonts/cm/cmmi5.pfb></usr/local/texlive/2020/texmf-dist/fonts/type1/public/amsfonts/cm/cmmi7.pfb></usr/local/texlive/2020/texmf-dist/fonts/type1/public/amsfonts/cm/cmr10.pfb></usr/local/texlive/2020/texmf-dist/fonts/type1/public/amsfonts/cm/cmr17.pfb></usr/local/texlive/2020/texmf-dist/fonts/type1/public/amsfonts/cm/cmr5.pfb></usr/local/texlive/2020/texmf-dist/fonts/type1/public/amsfonts/cm/cmr7.pfb></usr/local/texlive/2020/texmf-dist/fonts/type1/public/amsfonts/cm/cmss17.pfb></usr/local/texlive/2020/texmf-dist/fonts/type1/public/amsfonts/cm/cmsy10.pfb></usr/local/texlive/2020/texmf-dist/fonts/type1/public/amsfonts/cm/cmsy5.pfb></usr/local/texlive/2020/texmf-dist/fonts/type1/public/amsfonts/cm/cmsy7.pfb></usr/local/texlive/2020/texmf-dist/fonts/type1/public/amsfonts/symbols/msam10.pfb></usr/local/texlive/2020/texmf-dist/fonts/type1/public/amsfonts/symbols/msbm10.pfb></usr/local/texlive/2020/texmf-dist/fonts/type1/public/amsfonts/symbols/msbm7.pfb></usr/local/texlive/2020/texmf-dist/fonts/type1/urw/times/utmb8a.pfb></usr/local/texlive/2020/texmf-dist/fonts/type1/urw/times/utmr8a.pfb></usr/local/texlive/2020/texmf-dist/fonts/type1/urw/times/utmri8a.pfb>
Output written on /Users/keke/Documents/Project/fdml_dp_admm_sharing/yhu-DP_ADMM_SHARING/NIPS_Workshop/main.pdf (11 pages, 250036 bytes).
PDF statistics:
 150 PDF objects out of 1000 (max. 8388607)
 111 compressed objects within 2 object streams
 0 named destinations out of 1000 (max. 500000)
 31 words of extra memory for PDF output out of 10000 (max. 10000000)

