This is pdfTeX, Version 3.14159265-2.6-1.40.21 (TeX Live 2020) (preloaded format=pdflatex 2020.8.20)  13 OCT 2020 13:20
entering extended mode
 restricted \write18 enabled.
 %&-line parsing enabled.
**neurips_2020.tex
(./neurips_2020.tex
LaTeX2e <2020-02-02> patch level 5
L3 programming layer <2020-03-06>
(/usr/local/texlive/2020/texmf-dist/tex/latex/base/article.cls
Document Class: article 2019/12/20 v1.4l Standard LaTeX document class
(/usr/local/texlive/2020/texmf-dist/tex/latex/base/size10.clo
File: size10.clo 2019/12/20 v1.4l Standard LaTeX file (size option)
)
\c@part=\count167
\c@section=\count168
\c@subsection=\count169
\c@subsubsection=\count170
\c@paragraph=\count171
\c@subparagraph=\count172
\c@figure=\count173
\c@table=\count174
\abovecaptionskip=\skip47
\belowcaptionskip=\skip48
\bibindent=\dimen134
)
(./neurips_2020.sty
Package: neurips_2020 2020/01/31 NeurIPS 2020 submission/camera-ready style fil
e

(/usr/local/texlive/2020/texmf-dist/tex/latex/environ/environ.sty
Package: environ 2014/05/04 v0.3 A new way to define environments

(/usr/local/texlive/2020/texmf-dist/tex/latex/trimspaces/trimspaces.sty
Package: trimspaces 2009/09/17 v1.1 Trim spaces around a token list
)
\@envbody=\toks15
)
(/usr/local/texlive/2020/texmf-dist/tex/latex/lineno/lineno.sty
Package: lineno 2005/11/02 line numbers on paragraphs v4.41
\linenopenalty=\count175
\output=\toks16
\linenoprevgraf=\count176
\linenumbersep=\dimen135
\linenumberwidth=\dimen136
\c@linenumber=\count177
\c@pagewiselinenumber=\count178
\c@LN@truepage=\count179
\c@internallinenumber=\count180
\c@internallinenumbers=\count181
\quotelinenumbersep=\dimen137
\bframerule=\dimen138
\bframesep=\dimen139
\bframebox=\box45
LaTeX Info: Redefining \\ on input line 3056.
)
(/usr/local/texlive/2020/texmf-dist/tex/latex/geometry/geometry.sty
Package: geometry 2020/01/02 v5.9 Page Geometry

(/usr/local/texlive/2020/texmf-dist/tex/latex/graphics/keyval.sty
Package: keyval 2014/10/28 v1.15 key=value parser (DPC)
\KV@toks@=\toks17
)
(/usr/local/texlive/2020/texmf-dist/tex/generic/iftex/ifvtex.sty
Package: ifvtex 2019/10/25 v1.7 ifvtex legacy package. Use iftex instead.

(/usr/local/texlive/2020/texmf-dist/tex/generic/iftex/iftex.sty
Package: iftex 2020/03/06 v1.0d TeX engine tests
))
\Gm@cnth=\count182
\Gm@cntv=\count183
\c@Gm@tempcnt=\count184
\Gm@bindingoffset=\dimen140
\Gm@wd@mp=\dimen141
\Gm@odd@mp=\dimen142
\Gm@even@mp=\dimen143
\Gm@layoutwidth=\dimen144
\Gm@layoutheight=\dimen145
\Gm@layouthoffset=\dimen146
\Gm@layoutvoffset=\dimen147
\Gm@dimlist=\toks18
)
\@neuripsabovecaptionskip=\skip49
\@neuripsbelowcaptionskip=\skip50
)
(/usr/local/texlive/2020/texmf-dist/tex/latex/base/inputenc.sty
Package: inputenc 2018/08/11 v1.3c Input encoding file
\inpenc@prehook=\toks19
\inpenc@posthook=\toks20
)
(/usr/local/texlive/2020/texmf-dist/tex/latex/base/fontenc.sty
Package: fontenc 2020/02/11 v2.0o Standard LaTeX package
LaTeX Font Info:    Trying to load font information for T1+ptm on input line 11
2.

(/usr/local/texlive/2020/texmf-dist/tex/latex/psnfss/t1ptm.fd
File: t1ptm.fd 2001/06/04 font definitions for T1/ptm.
))
(/usr/local/texlive/2020/texmf-dist/tex/latex/hyperref/hyperref.sty
Package: hyperref 2020/01/14 v7.00d Hypertext links for LaTeX

(/usr/local/texlive/2020/texmf-dist/tex/generic/ltxcmds/ltxcmds.sty
Package: ltxcmds 2019/12/15 v1.24 LaTeX kernel commands for general use (HO)
)
(/usr/local/texlive/2020/texmf-dist/tex/latex/pdftexcmds/pdftexcmds.sty
Package: pdftexcmds 2019/11/24 v0.31 Utility functions of pdfTeX for LuaTeX (HO
)

(/usr/local/texlive/2020/texmf-dist/tex/generic/infwarerr/infwarerr.sty
Package: infwarerr 2019/12/03 v1.5 Providing info/warning/error messages (HO)
)
Package pdftexcmds Info: \pdf@primitive is available.
Package pdftexcmds Info: \pdf@ifprimitive is available.
Package pdftexcmds Info: \pdfdraftmode found.
)
(/usr/local/texlive/2020/texmf-dist/tex/generic/kvsetkeys/kvsetkeys.sty
Package: kvsetkeys 2019/12/15 v1.18 Key value parser (HO)
)
(/usr/local/texlive/2020/texmf-dist/tex/generic/kvdefinekeys/kvdefinekeys.sty
Package: kvdefinekeys 2019-12-19 v1.6 Define keys (HO)
)
(/usr/local/texlive/2020/texmf-dist/tex/generic/pdfescape/pdfescape.sty
Package: pdfescape 2019/12/09 v1.15 Implements pdfTeX's escape features (HO)
)
(/usr/local/texlive/2020/texmf-dist/tex/latex/hycolor/hycolor.sty
Package: hycolor 2020-01-27 v1.10 Color options for hyperref/bookmark (HO)
)
(/usr/local/texlive/2020/texmf-dist/tex/latex/letltxmacro/letltxmacro.sty
Package: letltxmacro 2019/12/03 v1.6 Let assignment for LaTeX macros (HO)
)
(/usr/local/texlive/2020/texmf-dist/tex/latex/auxhook/auxhook.sty
Package: auxhook 2019-12-17 v1.6 Hooks for auxiliary files (HO)
)
(/usr/local/texlive/2020/texmf-dist/tex/latex/kvoptions/kvoptions.sty
Package: kvoptions 2019/11/29 v3.13 Key value format for package options (HO)
)
\@linkdim=\dimen148
\Hy@linkcounter=\count185
\Hy@pagecounter=\count186

(/usr/local/texlive/2020/texmf-dist/tex/latex/hyperref/pd1enc.def
File: pd1enc.def 2020/01/14 v7.00d Hyperref: PDFDocEncoding definition (HO)
Now handling font encoding PD1 ...
... no UTF-8 mapping file for font encoding PD1
)
(/usr/local/texlive/2020/texmf-dist/tex/generic/intcalc/intcalc.sty
Package: intcalc 2019/12/15 v1.3 Expandable calculations with integers (HO)
)
(/usr/local/texlive/2020/texmf-dist/tex/generic/etexcmds/etexcmds.sty
Package: etexcmds 2019/12/15 v1.7 Avoid name clashes with e-TeX commands (HO)
)
\Hy@SavedSpaceFactor=\count187
Package hyperref Info: Hyper figures OFF on input line 4547.
Package hyperref Info: Link nesting OFF on input line 4552.
Package hyperref Info: Hyper index ON on input line 4555.
Package hyperref Info: Plain pages OFF on input line 4562.
Package hyperref Info: Backreferencing OFF on input line 4567.
Package hyperref Info: Implicit mode ON; LaTeX internals redefined.
Package hyperref Info: Bookmarks ON on input line 4800.
\c@Hy@tempcnt=\count188

(/usr/local/texlive/2020/texmf-dist/tex/latex/url/url.sty
\Urlmuskip=\muskip16
Package: url 2013/09/16  ver 3.4  Verb mode for urls, etc.
)
LaTeX Info: Redefining \url on input line 5159.
\XeTeXLinkMargin=\dimen149

(/usr/local/texlive/2020/texmf-dist/tex/generic/bitset/bitset.sty
Package: bitset 2019/12/09 v1.3 Handle bit-vector datatype (HO)

(/usr/local/texlive/2020/texmf-dist/tex/generic/bigintcalc/bigintcalc.sty
Package: bigintcalc 2019/12/15 v1.5 Expandable calculations on big integers (HO
)
))
\Fld@menulength=\count189
\Field@Width=\dimen150
\Fld@charsize=\dimen151
Package hyperref Info: Hyper figures OFF on input line 6430.
Package hyperref Info: Link nesting OFF on input line 6435.
Package hyperref Info: Hyper index ON on input line 6438.
Package hyperref Info: backreferencing OFF on input line 6445.
Package hyperref Info: Link coloring OFF on input line 6450.
Package hyperref Info: Link coloring with OCG OFF on input line 6455.
Package hyperref Info: PDF/A mode OFF on input line 6460.
LaTeX Info: Redefining \ref on input line 6500.
LaTeX Info: Redefining \pageref on input line 6504.

(/usr/local/texlive/2020/texmf-dist/tex/generic/atbegshi/atbegshi.sty
Package: atbegshi 2019/12/05 v1.19 At begin shipout hook (HO)
)
\Hy@abspage=\count190
\c@Item=\count191
\c@Hfootnote=\count192
)
Package hyperref Info: Driver (autodetected): hpdftex.

(/usr/local/texlive/2020/texmf-dist/tex/latex/hyperref/hpdftex.def
File: hpdftex.def 2020/01/14 v7.00d Hyperref driver for pdfTeX

(/usr/local/texlive/2020/texmf-dist/tex/latex/atveryend/atveryend.sty
Package: atveryend 2019-12-11 v1.11 Hooks at the very end of document (HO)
Package atveryend Info: \enddocument detected (standard20110627).
)
\Fld@listcount=\count193
\c@bookmark@seq@number=\count194

(/usr/local/texlive/2020/texmf-dist/tex/latex/rerunfilecheck/rerunfilecheck.sty
Package: rerunfilecheck 2019/12/05 v1.9 Rerun checks for auxiliary files (HO)

(/usr/local/texlive/2020/texmf-dist/tex/generic/uniquecounter/uniquecounter.sty
Package: uniquecounter 2019/12/15 v1.4 Provide unlimited unique counter (HO)
)
Package uniquecounter Info: New unique counter `rerunfilecheck' on input line 2
86.
)
\Hy@SectionHShift=\skip51
) (/usr/local/texlive/2020/texmf-dist/tex/latex/booktabs/booktabs.sty
Package: booktabs 2020/01/12 v1.61803398 Publication quality tables
\heavyrulewidth=\dimen152
\lightrulewidth=\dimen153
\cmidrulewidth=\dimen154
\belowrulesep=\dimen155
\belowbottomsep=\dimen156
\aboverulesep=\dimen157
\abovetopsep=\dimen158
\cmidrulesep=\dimen159
\cmidrulekern=\dimen160
\defaultaddspace=\dimen161
\@cmidla=\count195
\@cmidlb=\count196
\@aboverulesep=\dimen162
\@belowrulesep=\dimen163
\@thisruleclass=\count197
\@lastruleclass=\count198
\@thisrulewidth=\dimen164
)
(/usr/local/texlive/2020/texmf-dist/tex/latex/amsfonts/amsfonts.sty
Package: amsfonts 2013/01/14 v3.01 Basic AMSFonts support
\@emptytoks=\toks21
\symAMSa=\mathgroup4
\symAMSb=\mathgroup5
LaTeX Font Info:    Redeclaring math symbol \hbar on input line 98.
LaTeX Font Info:    Overwriting math alphabet `\mathfrak' in version `bold'
(Font)                  U/euf/m/n --> U/euf/b/n on input line 106.
)
(/usr/local/texlive/2020/texmf-dist/tex/latex/units/nicefrac.sty
Package: nicefrac 1998/08/04 v0.9b Nice fractions
\L@UnitsRaiseDisplaystyle=\skip52
\L@UnitsRaiseTextstyle=\skip53
\L@UnitsRaiseScriptstyle=\skip54

(/usr/local/texlive/2020/texmf-dist/tex/latex/base/ifthen.sty
Package: ifthen 2014/09/29 v1.1c Standard LaTeX ifthen package (DPC)
))
(/usr/local/texlive/2020/texmf-dist/tex/latex/microtype/microtype.sty
Package: microtype 2019/11/18 v2.7d Micro-typographical refinements (RS)
\MT@toks=\toks22
\MT@count=\count199
LaTeX Info: Redefining \textls on input line 790.
\MT@outer@kern=\dimen165
LaTeX Info: Redefining \textmicrotypecontext on input line 1354.
\MT@listname@count=\count266

(/usr/local/texlive/2020/texmf-dist/tex/latex/microtype/microtype-pdftex.def
File: microtype-pdftex.def 2019/11/18 v2.7d Definitions specific to pdftex (RS)

LaTeX Info: Redefining \lsstyle on input line 914.
LaTeX Info: Redefining \lslig on input line 914.
\MT@outer@space=\skip55
)
Package microtype Info: Loading configuration file microtype.cfg.

(/usr/local/texlive/2020/texmf-dist/tex/latex/microtype/microtype.cfg
File: microtype.cfg 2019/11/18 v2.7d microtype main configuration file (RS)
))
(/usr/local/texlive/2020/texmf-dist/tex/latex/graphics/graphicx.sty
Package: graphicx 2019/11/30 v1.2a Enhanced LaTeX Graphics (DPC,SPQR)

(/usr/local/texlive/2020/texmf-dist/tex/latex/graphics/graphics.sty
Package: graphics 2019/11/30 v1.4a Standard LaTeX Graphics (DPC,SPQR)

(/usr/local/texlive/2020/texmf-dist/tex/latex/graphics/trig.sty
Package: trig 2016/01/03 v1.10 sin cos tan (DPC)
)
(/usr/local/texlive/2020/texmf-dist/tex/latex/graphics-cfg/graphics.cfg
File: graphics.cfg 2016/06/04 v1.11 sample graphics configuration
)
Package graphics Info: Driver file: pdftex.def on input line 105.

(/usr/local/texlive/2020/texmf-dist/tex/latex/graphics-def/pdftex.def
File: pdftex.def 2018/01/08 v1.0l Graphics/color driver for pdftex
))
\Gin@req@height=\dimen166
\Gin@req@width=\dimen167
)
(/usr/local/texlive/2020/texmf-dist/tex/latex/subfigure/subfigure.sty
Package: subfigure 2002/03/15 v2.1.5 subfigure package
\subfigtopskip=\skip56
\subfigcapskip=\skip57
\subfigcaptopadj=\dimen168
\subfigbottomskip=\skip58
\subfigcapmargin=\dimen169
\subfiglabelskip=\skip59
\c@subfigure=\count267
\c@lofdepth=\count268
\c@subtable=\count269
\c@lotdepth=\count270

****************************************
* Local config file subfigure.cfg used *
****************************************
(/usr/local/texlive/2020/texmf-dist/tex/latex/subfigure/subfigure.cfg)
\subfig@top=\skip60
\subfig@bottom=\skip61
)
(/usr/local/texlive/2020/texmf-dist/tex/latex/amsmath/amsmath.sty
Package: amsmath 2020/01/20 v2.17e AMS math features
\@mathmargin=\skip62

For additional information on amsmath, use the `?' option.
(/usr/local/texlive/2020/texmf-dist/tex/latex/amsmath/amstext.sty
Package: amstext 2000/06/29 v2.01 AMS text

(/usr/local/texlive/2020/texmf-dist/tex/latex/amsmath/amsgen.sty
File: amsgen.sty 1999/11/30 v2.0 generic functions
\@emptytoks=\toks23
\ex@=\dimen170
))
(/usr/local/texlive/2020/texmf-dist/tex/latex/amsmath/amsbsy.sty
Package: amsbsy 1999/11/29 v1.2d Bold Symbols
\pmbraise@=\dimen171
)
(/usr/local/texlive/2020/texmf-dist/tex/latex/amsmath/amsopn.sty
Package: amsopn 2016/03/08 v2.02 operator names
)
\inf@bad=\count271
LaTeX Info: Redefining \frac on input line 227.
\uproot@=\count272
\leftroot@=\count273
LaTeX Info: Redefining \overline on input line 389.
\classnum@=\count274
\DOTSCASE@=\count275
LaTeX Info: Redefining \ldots on input line 486.
LaTeX Info: Redefining \dots on input line 489.
LaTeX Info: Redefining \cdots on input line 610.
\Mathstrutbox@=\box46
\strutbox@=\box47
\big@size=\dimen172
LaTeX Font Info:    Redeclaring font encoding OML on input line 733.
LaTeX Font Info:    Redeclaring font encoding OMS on input line 734.
\macc@depth=\count276
\c@MaxMatrixCols=\count277
\dotsspace@=\muskip17
\c@parentequation=\count278
\dspbrk@lvl=\count279
\tag@help=\toks24
\row@=\count280
\column@=\count281
\maxfields@=\count282
\andhelp@=\toks25
\eqnshift@=\dimen173
\alignsep@=\dimen174
\tagshift@=\dimen175
\tagwidth@=\dimen176
\totwidth@=\dimen177
\lineht@=\dimen178
\@envbody=\toks26
\multlinegap=\skip63
\multlinetaggap=\skip64
\mathdisplay@stack=\toks27
LaTeX Info: Redefining \[ on input line 2859.
LaTeX Info: Redefining \] on input line 2860.
)
(/usr/local/texlive/2020/texmf-dist/tex/latex/amsfonts/amssymb.sty
Package: amssymb 2013/01/14 v3.01 AMS font symbols
)
(/usr/local/texlive/2020/texmf-dist/tex/latex/xcolor/xcolor.sty
Package: xcolor 2016/05/11 v2.12 LaTeX color extensions (UK)

(/usr/local/texlive/2020/texmf-dist/tex/latex/graphics-cfg/color.cfg
File: color.cfg 2016/01/02 v1.6 sample color configuration
)
Package xcolor Info: Driver file: pdftex.def on input line 225.
Package xcolor Info: Model `cmy' substituted by `cmy0' on input line 1348.
Package xcolor Info: Model `hsb' substituted by `rgb' on input line 1352.
Package xcolor Info: Model `RGB' extended on input line 1364.
Package xcolor Info: Model `HTML' substituted by `rgb' on input line 1366.
Package xcolor Info: Model `Hsb' substituted by `hsb' on input line 1367.
Package xcolor Info: Model `tHsb' substituted by `hsb' on input line 1368.
Package xcolor Info: Model `HSB' substituted by `hsb' on input line 1369.
Package xcolor Info: Model `Gray' substituted by `gray' on input line 1370.
Package xcolor Info: Model `wave' substituted by `hsb' on input line 1371.
)
(/usr/local/texlive/2020/texmf-dist/tex/latex/algorithms/algorithm.sty
Package: algorithm 2009/08/24 v0.1 Document Style `algorithm' - floating enviro
nment

(/usr/local/texlive/2020/texmf-dist/tex/latex/float/float.sty
Package: float 2001/11/08 v1.3d Float enhancements (AL)
\c@float@type=\count283
\float@exts=\toks28
\float@box=\box48
\@float@everytoks=\toks29
\@floatcapt=\box49
)
\@float@every@algorithm=\toks30
\c@algorithm=\count284
)
(/usr/local/texlive/2020/texmf-dist/tex/latex/algorithms/algorithmic.sty
Package: algorithmic 2009/08/24 v0.1 Document Style `algorithmic'
\c@ALC@unique=\count285
\c@ALC@line=\count286
\c@ALC@rem=\count287
\c@ALC@depth=\count288
\ALC@tlm=\skip65
\algorithmicindent=\skip66
)
\c@defi=\count289
\c@lemma=\count290
\c@theorem=\count291
\c@assume=\count292
\c@coro=\count293

(/usr/local/texlive/2020/texmf-dist/tex/latex/mdframed/mdframed.sty
Package: mdframed 2013/07/01 1.9b: mdframed

(/usr/local/texlive/2020/texmf-dist/tex/latex/l3packages/xparse/xparse.sty
(/usr/local/texlive/2020/texmf-dist/tex/latex/l3kernel/expl3.sty
Package: expl3 2020-03-06 L3 programming layer (loader) 

(/usr/local/texlive/2020/texmf-dist/tex/latex/l3backend/l3backend-pdfmode.def
File: l3backend-pdfmode.def 2020-03-12 L3 backend support: PDF mode
\l__kernel_color_stack_int=\count294
\l__pdf_internal_box=\box50
))
Package: xparse 2020-03-06 L3 Experimental document command parser
\l__xparse_current_arg_int=\count295
\g__xparse_grabber_int=\count296
\l__xparse_m_args_int=\count297
\l__xparse_v_nesting_int=\count298
) (/usr/local/texlive/2020/texmf-dist/tex/latex/etoolbox/etoolbox.sty
Package: etoolbox 2019/09/21 v2.5h e-TeX tools for LaTeX (JAW)
\etb@tempcnta=\count299
)
(/usr/local/texlive/2020/texmf-dist/tex/latex/zref/zref-abspage.sty
Package: zref-abspage 2020-03-03 v2.29 Module abspage for zref (HO)

(/usr/local/texlive/2020/texmf-dist/tex/latex/zref/zref-base.sty
Package: zref-base 2020-03-03 v2.29 Module base for zref (HO)
Package zref Info: New property list: main on input line 763.
Package zref Info: New property: default on input line 764.
Package zref Info: New property: page on input line 765.
)
\c@abspage=\count300
Package zref Info: New property: abspage on input line 66.
)
(/usr/local/texlive/2020/texmf-dist/tex/latex/needspace/needspace.sty
Package: needspace 2010/09/12 v1.3d reserve vertical space
)
\mdf@templength=\skip67
\c@mdf@globalstyle@cnt=\count301
\mdf@skipabove@length=\skip68
\mdf@skipbelow@length=\skip69
\mdf@leftmargin@length=\skip70
\mdf@rightmargin@length=\skip71
\mdf@innerleftmargin@length=\skip72
\mdf@innerrightmargin@length=\skip73
\mdf@innertopmargin@length=\skip74
\mdf@innerbottommargin@length=\skip75
\mdf@splittopskip@length=\skip76
\mdf@splitbottomskip@length=\skip77
\mdf@outermargin@length=\skip78
\mdf@innermargin@length=\skip79
\mdf@linewidth@length=\skip80
\mdf@innerlinewidth@length=\skip81
\mdf@middlelinewidth@length=\skip82
\mdf@outerlinewidth@length=\skip83
\mdf@roundcorner@length=\skip84
\mdf@footenotedistance@length=\skip85
\mdf@userdefinedwidth@length=\skip86
\mdf@needspace@length=\skip87
\mdf@frametitleaboveskip@length=\skip88
\mdf@frametitlebelowskip@length=\skip89
\mdf@frametitlerulewidth@length=\skip90
\mdf@frametitleleftmargin@length=\skip91
\mdf@frametitlerightmargin@length=\skip92
\mdf@shadowsize@length=\skip93
\mdf@extratopheight@length=\skip94
\mdf@subtitleabovelinewidth@length=\skip95
\mdf@subtitlebelowlinewidth@length=\skip96
\mdf@subtitleaboveskip@length=\skip97
\mdf@subtitlebelowskip@length=\skip98
\mdf@subtitleinneraboveskip@length=\skip99
\mdf@subtitleinnerbelowskip@length=\skip100
\mdf@subsubtitleabovelinewidth@length=\skip101
\mdf@subsubtitlebelowlinewidth@length=\skip102
\mdf@subsubtitleaboveskip@length=\skip103
\mdf@subsubtitlebelowskip@length=\skip104
\mdf@subsubtitleinneraboveskip@length=\skip105
\mdf@subsubtitleinnerbelowskip@length=\skip106

(/usr/local/texlive/2020/texmf-dist/tex/latex/mdframed/md-frame-0.mdf
File: md-frame-0.mdf 2013/07/01\ 1.9b: md-frame-0
)
\mdf@frametitlebox=\box51
\mdf@footnotebox=\box52
\mdf@splitbox@one=\box53
\mdf@splitbox@two=\box54
\mdf@splitbox@save=\box55
\mdfsplitboxwidth=\skip107
\mdfsplitboxtotalwidth=\skip108
\mdfsplitboxheight=\skip109
\mdfsplitboxdepth=\skip110
\mdfsplitboxtotalheight=\skip111
\mdfframetitleboxwidth=\skip112
\mdfframetitleboxtotalwidth=\skip113
\mdfframetitleboxheight=\skip114
\mdfframetitleboxdepth=\skip115
\mdfframetitleboxtotalheight=\skip116
\mdffootnoteboxwidth=\skip117
\mdffootnoteboxtotalwidth=\skip118
\mdffootnoteboxheight=\skip119
\mdffootnoteboxdepth=\skip120
\mdffootnoteboxtotalheight=\skip121
\mdftotallinewidth=\skip122
\mdfboundingboxwidth=\skip123
\mdfboundingboxtotalwidth=\skip124
\mdfboundingboxheight=\skip125
\mdfboundingboxdepth=\skip126
\mdfboundingboxtotalheight=\skip127
\mdf@freevspace@length=\skip128
\mdf@horizontalwidthofbox@length=\skip129
\mdf@verticalmarginwhole@length=\skip130
\mdf@horizontalspaceofbox=\skip131
\mdfsubtitleheight=\skip132
\mdfsubsubtitleheight=\skip133
\c@mdfcountframes=\count302

****** mdframed patching \endmdf@trivlist

****** -- success******

\mdf@envdepth=\count303
\c@mdf@env@i=\count304
\c@mdf@env@ii=\count305
\c@mdf@zref@counter=\count306
Package zref Info: New property: mdf@pagevalue on input line 895.
)
(/usr/local/texlive/2020/texmf-dist/tex/latex/lipsum/lipsum.sty
Package: lipsum 2019/01/02 v2.2 150 paragraphs of Lorem Ipsum dummy text

(/usr/local/texlive/2020/texmf-dist/tex/latex/lipsum/lipsum.ltd.tex
File: lipsum.ltd.tex 2019/01/02 v2.2 The Lorem ipsum dummy text
))
\c@algo=\count307
\myindent=\skip134

(./neurips_2020.aux)
\openout1 = `neurips_2020.aux'.

LaTeX Font Info:    Checking defaults for OML/cmm/m/it on input line 103.
LaTeX Font Info:    ... okay on input line 103.
LaTeX Font Info:    Checking defaults for OMS/cmsy/m/n on input line 103.
LaTeX Font Info:    ... okay on input line 103.
LaTeX Font Info:    Checking defaults for OT1/cmr/m/n on input line 103.
LaTeX Font Info:    ... okay on input line 103.
LaTeX Font Info:    Checking defaults for T1/cmr/m/n on input line 103.
LaTeX Font Info:    ... okay on input line 103.
LaTeX Font Info:    Checking defaults for TS1/cmr/m/n on input line 103.
LaTeX Font Info:    ... okay on input line 103.
LaTeX Font Info:    Checking defaults for OMX/cmex/m/n on input line 103.
LaTeX Font Info:    ... okay on input line 103.
LaTeX Font Info:    Checking defaults for U/cmr/m/n on input line 103.
LaTeX Font Info:    ... okay on input line 103.
LaTeX Font Info:    Checking defaults for PD1/pdf/m/n on input line 103.
LaTeX Font Info:    ... okay on input line 103.

*geometry* driver: auto-detecting
*geometry* detected driver: pdftex
*geometry* verbose mode - [ preamble ] result:
* driver: pdftex
* paper: letterpaper
* layout: <same size as paper>
* layoutoffset:(h,v)=(0.0pt,0.0pt)
* modes: 
* h-part:(L,W,R)=(92.14519pt, 430.00462pt, 92.14519pt)
* v-part:(T,H,B)=(95.39737pt, 556.47656pt, 143.09605pt)
* \paperwidth=614.295pt
* \paperheight=794.96999pt
* \textwidth=430.00462pt
* \textheight=556.47656pt
* \oddsidemargin=19.8752pt
* \evensidemargin=19.8752pt
* \topmargin=-13.87262pt
* \headheight=12.0pt
* \headsep=25.0pt
* \topskip=10.0pt
* \footskip=30.0pt
* \marginparwidth=65.0pt
* \marginparsep=11.0pt
* \columnsep=10.0pt
* \skip\footins=9.0pt plus 4.0pt minus 2.0pt
* \hoffset=0.0pt
* \voffset=0.0pt
* \mag=1000
* \@twocolumnfalse
* \@twosidefalse
* \@mparswitchfalse
* \@reversemarginfalse
* (1in=72.27pt=25.4mm, 1cm=28.453pt)

*geometry* verbose mode - [ newgeometry ] result:
* driver: pdftex
* paper: letterpaper
* layout: <same size as paper>
* layoutoffset:(h,v)=(0.0pt,0.0pt)
* modes: 
* h-part:(L,W,R)=(108.405pt, 397.48499pt, 108.40501pt)
* v-part:(T,H,B)=(72.26999pt, 650.43pt, 72.27pt)
* \paperwidth=614.295pt
* \paperheight=794.96999pt
* \textwidth=397.48499pt
* \textheight=650.43pt
* \oddsidemargin=36.13501pt
* \evensidemargin=36.13501pt
* \topmargin=-37.0pt
* \headheight=12.0pt
* \headsep=25.0pt
* \topskip=10.0pt
* \footskip=30.0pt
* \marginparwidth=65.0pt
* \marginparsep=11.0pt
* \columnsep=10.0pt
* \skip\footins=9.0pt plus 4.0pt minus 2.0pt
* \hoffset=0.0pt
* \voffset=0.0pt
* \mag=1000
* \@twocolumnfalse
* \@twosidefalse
* \@mparswitchfalse
* \@reversemarginfalse
* (1in=72.27pt=25.4mm, 1cm=28.453pt)

\AtBeginShipoutBox=\box56
Package hyperref Info: Link coloring OFF on input line 103.
(/usr/local/texlive/2020/texmf-dist/tex/latex/hyperref/nameref.sty
Package: nameref 2019/09/16 v2.46 Cross-referencing by name of section

(/usr/local/texlive/2020/texmf-dist/tex/latex/refcount/refcount.sty
Package: refcount 2019/12/15 v3.6 Data extraction from label references (HO)
)
(/usr/local/texlive/2020/texmf-dist/tex/generic/gettitlestring/gettitlestring.s
ty
Package: gettitlestring 2019/12/15 v1.6 Cleanup title references (HO)
)
\c@section@level=\count308
)
LaTeX Info: Redefining \ref on input line 103.
LaTeX Info: Redefining \pageref on input line 103.
LaTeX Info: Redefining \nameref on input line 103.
 (./neurips_2020.out) (./neurips_2020.out)
\@outlinefile=\write3
\openout3 = `neurips_2020.out'.

LaTeX Info: Redefining \microtypecontext on input line 103.
Package microtype Info: Generating PDF output.
Package microtype Info: Character protrusion enabled (level 2).
Package microtype Info: Using default protrusion set `alltext'.
Package microtype Info: Automatic font expansion enabled (level 2),
(microtype)             stretch: 20, shrink: 20, step: 1, non-selected.
Package microtype Info: Using default expansion set `basictext'.
LaTeX Info: Redefining \showhyphens on input line 103.
Package microtype Info: No adjustment of tracking.
Package microtype Info: No adjustment of interword spacing.
Package microtype Info: No adjustment of character kerning.

(/usr/local/texlive/2020/texmf-dist/tex/latex/microtype/mt-ptm.cfg
File: mt-ptm.cfg 2006/04/20 v1.7 microtype config. file: Times (RS)
)
(/usr/local/texlive/2020/texmf-dist/tex/context/base/mkii/supp-pdf.mkii
[Loading MPS to PDF converter (version 2006.09.02).]
\scratchcounter=\count309
\scratchdimen=\dimen179
\scratchbox=\box57
\nofMPsegments=\count310
\nofMParguments=\count311
\everyMPshowfont=\toks31
\MPscratchCnt=\count312
\MPscratchDim=\dimen180
\MPnumerator=\count313
\makeMPintoPDFobject=\count314
\everyMPtoPDFconversion=\toks32
) (/usr/local/texlive/2020/texmf-dist/tex/latex/epstopdf-pkg/epstopdf-base.sty
Package: epstopdf-base 2020-01-24 v2.11 Base part for package epstopdf
Package epstopdf-base Info: Redefining graphics rule for `.eps' on input line 4
85.

(/usr/local/texlive/2020/texmf-dist/tex/latex/latexconfig/epstopdf-sys.cfg
File: epstopdf-sys.cfg 2010/07/13 v1.3 Configuration of (r)epstopdf for TeX Liv
e
))
(/usr/local/texlive/2020/texmf-dist/tex/latex/microtype/mt-cmr.cfg
File: mt-cmr.cfg 2013/05/19 v2.2 microtype config. file: Computer Modern Roman 
(RS)
)
LaTeX Font Info:    Trying to load font information for U+msa on input line 106
.

(/usr/local/texlive/2020/texmf-dist/tex/latex/amsfonts/umsa.fd
File: umsa.fd 2013/01/14 v3.01 AMS symbols A
)
(/usr/local/texlive/2020/texmf-dist/tex/latex/microtype/mt-msa.cfg
File: mt-msa.cfg 2006/02/04 v1.1 microtype config. file: AMS symbols (a) (RS)
)
LaTeX Font Info:    Trying to load font information for U+msb on input line 106
.

(/usr/local/texlive/2020/texmf-dist/tex/latex/amsfonts/umsb.fd
File: umsb.fd 2013/01/14 v3.01 AMS symbols B
)
(/usr/local/texlive/2020/texmf-dist/tex/latex/microtype/mt-msb.cfg
File: mt-msb.cfg 2005/06/01 v1.0 microtype config. file: AMS symbols (b) (RS)
)
LaTeX Font Info:    Trying to load font information for T1+cmtt on input line 1
06.

(/usr/local/texlive/2020/texmf-dist/tex/latex/base/t1cmtt.fd
File: t1cmtt.fd 2019/12/16 v2.5j Standard LaTeX font definitions
)
Package microtype Info: Loading generic protrusion settings for font family
(microtype)             `cmtt' (encoding: T1).
(microtype)             For optimal results, create family-specific settings.
(microtype)             See the microtype manual for details.
LaTeX Font Info:    Trying to load font information for T1+phv on input line 11
4.

(/usr/local/texlive/2020/texmf-dist/tex/latex/psnfss/t1phv.fd
File: t1phv.fd 2001/06/04 scalable font definitions for T1/phv.


LaTeX Warning: Font shape declaration has incorrect series value `mc'.
               It should not contain an `m'! Please correct it.
               Found on input line 20.


LaTeX Warning: Font shape declaration has incorrect series value `mc'.
               It should not contain an `m'! Please correct it.
               Found on input line 23.


LaTeX Warning: Font shape declaration has incorrect series value `mc'.
               It should not contain an `m'! Please correct it.
               Found on input line 26.


LaTeX Warning: Font shape declaration has incorrect series value `mc'.
               It should not contain an `m'! Please correct it.
               Found on input line 46.

)
Package microtype Info: Loading generic protrusion settings for font family
(microtype)             `phv' (encoding: T1).
(microtype)             For optimal results, create family-specific settings.
(microtype)             See the microtype manual for details.
 (./sections/intro.tex
! Undefined control sequence.
<argument> \citeauthoryear 
                           {Li \bgroup et al\mbox .\egroup }{2014}
l.7 ...thods \cite{li2014communication,ho2013more}
                                                   and ADMM-based methods \c...
The control sequence at the end of the top line
of your error message was never \def'ed. If you have
misspelled it (e.g., `\hobx'), type `I' and the correct
spelling (e.g., `I\hbox'). Otherwise just continue,
and I'll forget about whatever was undefined.

! Undefined control sequence.
<argument> \citeauthoryear 
                           {Ho \bgroup et al\mbox .\egroup }{2013}
l.7 ...thods \cite{li2014communication,ho2013more}
                                                   and ADMM-based methods \c...
The control sequence at the end of the top line
of your error message was never \def'ed. If you have
misspelled it (e.g., `\hobx'), type `I' and the correct
spelling (e.g., `I\hbox'). Otherwise just continue,
and I'll forget about whatever was undefined.

! Undefined control sequence.
<argument> \citeauthoryear 
                           {Zhang, Khalili, and Liu}{2018}
l.7 ...ang2018improving,zhang2016dual,huang2018dp}
                                                  ,
The control sequence at the end of the top line
of your error message was never \def'ed. If you have
misspelled it (e.g., `\hobx'), type `I' and the correct
spelling (e.g., `I\hbox'). Otherwise just continue,
and I'll forget about whatever was undefined.

! Undefined control sequence.
<argument> \citeauthoryear 
                           {Zhang and Zhu}{2016}
l.7 ...ang2018improving,zhang2016dual,huang2018dp}
                                                  ,
The control sequence at the end of the top line
of your error message was never \def'ed. If you have
misspelled it (e.g., `\hobx'), type `I' and the correct
spelling (e.g., `I\hbox'). Otherwise just continue,
and I'll forget about whatever was undefined.

! Undefined control sequence.
<argument> \citeauthoryear 
                           {Huang \bgroup et al\mbox .\egroup }{2018}
l.7 ...ang2018improving,zhang2016dual,huang2018dp}
                                                  ,
The control sequence at the end of the top line
of your error message was never \def'ed. If you have
misspelled it (e.g., `\hobx'), type `I' and the correct
spelling (e.g., `I\hbox'). Otherwise just continue,
and I'll forget about whatever was undefined.

! Undefined control sequence.
<argument> \citeauthoryear 
                           {Vaidya and Clifton}{2002}
l.14 ...\cite{vaidya2002privacy,vaidya2003privacy}
                                                  . A few very recent studie...
The control sequence at the end of the top line
of your error message was never \def'ed. If you have
misspelled it (e.g., `\hobx'), type `I' and the correct
spelling (e.g., `I\hbox'). Otherwise just continue,
and I'll forget about whatever was undefined.

! Undefined control sequence.
<argument> \citeauthoryear 
                           {Vaidya and Clifton}{2003}
l.14 ...\cite{vaidya2002privacy,vaidya2003privacy}
                                                  . A few very recent studie...
The control sequence at the end of the top line
of your error message was never \def'ed. If you have
misspelled it (e.g., `\hobx'), type `I' and the correct
spelling (e.g., `I\hbox'). Otherwise just continue,
and I'll forget about whatever was undefined.

! Undefined control sequence.
<argument> \citeauthoryear 
                           {Lou and Cheung}{2018}
l.14 ...ving,dai2018privacy,bellet2015distributed}
                                                   have reinvestigated verti...
The control sequence at the end of the top line
of your error message was never \def'ed. If you have
misspelled it (e.g., `\hobx'), type `I' and the correct
spelling (e.g., `I\hbox'). Otherwise just continue,
and I'll forget about whatever was undefined.

! Undefined control sequence.
<argument> \citeauthoryear 
                           {Kenthapadi \bgroup et al\mbox .\egroup }{2013}
l.14 ...ving,dai2018privacy,bellet2015distributed}
                                                   have reinvestigated verti...
The control sequence at the end of the top line
of your error message was never \def'ed. If you have
misspelled it (e.g., `\hobx'), type `I' and the correct
spelling (e.g., `I\hbox'). Otherwise just continue,
and I'll forget about whatever was undefined.

! Undefined control sequence.
<argument> \citeauthoryear 
                           {Ying, Yuan, and Sayed}{2018}
l.14 ...ving,dai2018privacy,bellet2015distributed}
                                                   have reinvestigated verti...
The control sequence at the end of the top line
of your error message was never \def'ed. If you have
misspelled it (e.g., `\hobx'), type `I' and the correct
spelling (e.g., `I\hbox'). Otherwise just continue,
and I'll forget about whatever was undefined.

! Undefined control sequence.
<argument> \citeauthoryear 
                           {Hu \bgroup et al\mbox .\egroup }{2019}
l.14 ...ving,dai2018privacy,bellet2015distributed}
                                                   have reinvestigated verti...
The control sequence at the end of the top line
of your error message was never \def'ed. If you have
misspelled it (e.g., `\hobx'), type `I' and the correct
spelling (e.g., `I\hbox'). Otherwise just continue,
and I'll forget about whatever was undefined.

! Undefined control sequence.
<argument> \citeauthoryear 
                           {Heinze-Deml, McWilliams, and Meinshausen}{2018}
l.14 ...ving,dai2018privacy,bellet2015distributed}
                                                   have reinvestigated verti...
The control sequence at the end of the top line
of your error message was never \def'ed. If you have
misspelled it (e.g., `\hobx'), type `I' and the correct
spelling (e.g., `I\hbox'). Otherwise just continue,
and I'll forget about whatever was undefined.

! Undefined control sequence.
<argument> \citeauthoryear 
                           {Dai \bgroup et al\mbox .\egroup }{2018}
l.14 ...ving,dai2018privacy,bellet2015distributed}
                                                   have reinvestigated verti...
The control sequence at the end of the top line
of your error message was never \def'ed. If you have
misspelled it (e.g., `\hobx'), type `I' and the correct
spelling (e.g., `I\hbox'). Otherwise just continue,
and I'll forget about whatever was undefined.

! Undefined control sequence.
<argument> \citeauthoryear 
                           {Bellet \bgroup et al\mbox .\egroup }{2015}
l.14 ...ving,dai2018privacy,bellet2015distributed}
                                                   have reinvestigated verti...
The control sequence at the end of the top line
of your error message was never \def'ed. If you have
misspelled it (e.g., `\hobx'), type `I' and the correct
spelling (e.g., `I\hbox'). Otherwise just continue,
and I'll forget about whatever was undefined.


Underfull \hbox (badness 1668) in paragraph at lines 14--15
[]\T1/ptm/m/n/10 (+20) The mo-ti-va-tion of glean-ing in-sights from ver-ti-cal
ly par-ti-tioned data dates back to as-so-
 []


Underfull \hbox (badness 1389) in paragraph at lines 14--15
\T1/ptm/m/n/10 (+20) ci-a-tion rule min-ing [[], []]. A few very re-cent
 []

[1


{/usr/local/texlive/2020/texmf-var/fonts/map/pdftex/updmap/pdftex.map}]
! Undefined control sequence.
<argument> \citeauthoryear 
                           {Ying, Yuan, and Sayed}{2018}
l.16 ...018supervised,chaudhuri2011differentially}
                                                  . We propose an ADMM-shari...
The control sequence at the end of the top line
of your error message was never \def'ed. If you have
misspelled it (e.g., `\hobx'), type `I' and the correct
spelling (e.g., `I\hbox'). Otherwise just continue,
and I'll forget about whatever was undefined.

! Undefined control sequence.
<argument> \citeauthoryear 
                           {Chaudhuri, Monteleoni, and Sarwate}{2011}
l.16 ...018supervised,chaudhuri2011differentially}
                                                  . We propose an ADMM-shari...
The control sequence at the end of the top line
of your error message was never \def'ed. If you have
misspelled it (e.g., `\hobx'), type `I' and the correct
spelling (e.g., `I\hbox'). Otherwise just continue,
and I'll forget about whatever was undefined.

! Undefined control sequence.
<argument> \citeauthoryear 
                           {Dwork}{2008}
l.21 ...work2008differential,dwork2014algorithmic}
                                                  . For distributed features...
The control sequence at the end of the top line
of your error message was never \def'ed. If you have
misspelled it (e.g., `\hobx'), type `I' and the correct
spelling (e.g., `I\hbox'). Otherwise just continue,
and I'll forget about whatever was undefined.

! Undefined control sequence.
<argument> \citeauthoryear 
                           {Dwork, Roth, and others}{2014}
l.21 ...work2008differential,dwork2014algorithmic}
                                                  . For distributed features...
The control sequence at the end of the top line
of your error message was never \def'ed. If you have
misspelled it (e.g., `\hobx'), type `I' and the correct
spelling (e.g., `I\hbox'). Otherwise just continue,
and I'll forget about whatever was undefined.

! Undefined control sequence.
<argument> \citeauthoryear 
                           {Chaudhuri and Monteleoni}{2009}
l.27 ... and Privacy.} \cite{chaudhuri2009privacy}
                                                  
The control sequence at the end of the top line
of your error message was never \def'ed. If you have
misspelled it (e.g., `\hobx'), type `I' and the correct
spelling (e.g., `I\hbox'). Otherwise just continue,
and I'll forget about whatever was undefined.

! Undefined control sequence.
<argument> \citeauthoryear 
                           {Shokri and Shmatikov}{2015}
l.28 ...istic regression. \cite{shokri2015privacy}
                                                   applies a variant of SGD ...
The control sequence at the end of the top line
of your error message was never \def'ed. If you have
misspelled it (e.g., `\hobx'), type `I' and the correct
spelling (e.g., `I\hbox'). Otherwise just continue,
and I'll forget about whatever was undefined.

! Undefined control sequence.
<argument> \citeauthoryear 
                           {Abadi \bgroup et al\mbox .\egroup }{2016}
l.28 ... its variant with DP. \cite{abadi2016deep}
                                                   provides a stronger diffe...
The control sequence at the end of the top line
of your error message was never \def'ed. If you have
misspelled it (e.g., `\hobx'), type `I' and the correct
spelling (e.g., `I\hbox'). Otherwise just continue,
and I'll forget about whatever was undefined.

! Undefined control sequence.
<argument> \citeauthoryear 
                           {Pathak, Rane, and Raj}{2010}
l.28 ...2010multiparty,rajkumar2012differentially}
                                                   apply DP to collaborative...
The control sequence at the end of the top line
of your error message was never \def'ed. If you have
misspelled it (e.g., `\hobx'), type `I' and the correct
spelling (e.g., `I\hbox'). Otherwise just continue,
and I'll forget about whatever was undefined.

! Undefined control sequence.
<argument> \citeauthoryear 
                           {Rajkumar and Agarwal}{2012}
l.28 ...2010multiparty,rajkumar2012differentially}
                                                   apply DP to collaborative...
The control sequence at the end of the top line
of your error message was never \def'ed. If you have
misspelled it (e.g., `\hobx'), type `I' and the correct
spelling (e.g., `I\hbox'). Otherwise just continue,
and I'll forget about whatever was undefined.

! Undefined control sequence.
<argument> \citeauthoryear 
                           {Zhang, Khalili, and Liu}{2018}
l.28 ...ng2016dual,zhang2019admm,zhang2017dynamic}
                                                  .
The control sequence at the end of the top line
of your error message was never \def'ed. If you have
misspelled it (e.g., `\hobx'), type `I' and the correct
spelling (e.g., `I\hbox'). Otherwise just continue,
and I'll forget about whatever was undefined.

! Undefined control sequence.
<argument> \citeauthoryear 
                           {Zhang and Zhu}{2016}
l.28 ...ng2016dual,zhang2019admm,zhang2017dynamic}
                                                  .
The control sequence at the end of the top line
of your error message was never \def'ed. If you have
misspelled it (e.g., `\hobx'), type `I' and the correct
spelling (e.g., `I\hbox'). Otherwise just continue,
and I'll forget about whatever was undefined.

! Undefined control sequence.
<argument> \citeauthoryear 
                           {Zhang, Ahmad, and Wang}{2019}
l.28 ...ng2016dual,zhang2019admm,zhang2017dynamic}
                                                  .
The control sequence at the end of the top line
of your error message was never \def'ed. If you have
misspelled it (e.g., `\hobx'), type `I' and the correct
spelling (e.g., `I\hbox'). Otherwise just continue,
and I'll forget about whatever was undefined.

! Undefined control sequence.
<argument> \citeauthoryear 
                           {Zhang and Zhu}{2017}
l.28 ...ng2016dual,zhang2019admm,zhang2017dynamic}
                                                  .
The control sequence at the end of the top line
of your error message was never \def'ed. If you have
misspelled it (e.g., `\hobx'), type `I' and the correct
spelling (e.g., `I\hbox'). Otherwise just continue,
and I'll forget about whatever was undefined.

! Undefined control sequence.
<argument> \citeauthoryear 
                           {Gilad-Bachrach \bgroup et al\mbox .\egroup }{2016}
l.34 ...nets,takabi2016privacy,kikuchi2018privacy}
                                                   or secret sharing \cite{m...
The control sequence at the end of the top line
of your error message was never \def'ed. If you have
misspelled it (e.g., `\hobx'), type `I' and the correct
spelling (e.g., `I\hbox'). Otherwise just continue,
and I'll forget about whatever was undefined.

! Undefined control sequence.
<argument> \citeauthoryear 
                           {Takabi, Hesamifard, and Ghasemi}{2016}
l.34 ...nets,takabi2016privacy,kikuchi2018privacy}
                                                   or secret sharing \cite{m...
The control sequence at the end of the top line
of your error message was never \def'ed. If you have
misspelled it (e.g., `\hobx'), type `I' and the correct
spelling (e.g., `I\hbox'). Otherwise just continue,
and I'll forget about whatever was undefined.

! Undefined control sequence.
<argument> \citeauthoryear 
                           {Kikuchi \bgroup et al\mbox .\egroup }{2018}
l.34 ...nets,takabi2016privacy,kikuchi2018privacy}
                                                   or secret sharing \cite{m...
The control sequence at the end of the top line
of your error message was never \def'ed. If you have
misspelled it (e.g., `\hobx'), type `I' and the correct
spelling (e.g., `I\hbox'). Otherwise just continue,
and I'll forget about whatever was undefined.

! Undefined control sequence.
<argument> \citeauthoryear 
                           {Mohassel and Zhang}{2017}
l.34 ...7secureml,wan2007privacy,bonte2018privacy}
                                                  , so that models are train...
The control sequence at the end of the top line
of your error message was never \def'ed. If you have
misspelled it (e.g., `\hobx'), type `I' and the correct
spelling (e.g., `I\hbox'). Otherwise just continue,
and I'll forget about whatever was undefined.

! Undefined control sequence.
<argument> \citeauthoryear 
                           {Wan \bgroup et al\mbox .\egroup }{2007}
l.34 ...7secureml,wan2007privacy,bonte2018privacy}
                                                  , so that models are train...
The control sequence at the end of the top line
of your error message was never \def'ed. If you have
misspelled it (e.g., `\hobx'), type `I' and the correct
spelling (e.g., `I\hbox'). Otherwise just continue,
and I'll forget about whatever was undefined.

! Undefined control sequence.
<argument> \citeauthoryear 
                           {Bonte and Vercauteren}{2018}
l.34 ...7secureml,wan2007privacy,bonte2018privacy}
                                                  , so that models are train...
The control sequence at the end of the top line
of your error message was never \def'ed. If you have
misspelled it (e.g., `\hobx'), type `I' and the correct
spelling (e.g., `I\hbox'). Otherwise just continue,
and I'll forget about whatever was undefined.


Underfull \hbox (badness 10000) in paragraph at lines 33--35
[]\T1/ptm/m/n/10 (+20) Another ap-proach to privacy-preserving ma-chine learn-i
ng is through en-cryp-tion
 []


Underfull \hbox (badness 4556) in paragraph at lines 33--35
\T1/ptm/m/n/10 (+20) [[], [], []] or se-
 []


Underfull \hbox (badness 1661) in paragraph at lines 33--35
\T1/ptm/m/n/10 (+20) cret shar-ing [[], [], []], so that
 []

! Undefined control sequence.
<argument> \citeauthoryear 
                           {Gratton \bgroup et al\mbox .\egroup }{2018}
l.37 \cite{gratton2018distributed}
                                   applies ADMM to solve ridge regression.
The control sequence at the end of the top line
of your error message was never \def'ed. If you have
misspelled it (e.g., `\hobx'), type `I' and the correct
spelling (e.g., `I\hbox'). Otherwise just continue,
and I'll forget about whatever was undefined.

! Undefined control sequence.
<argument> \citeauthoryear 
                           {Ying, Yuan, and Sayed}{2018}
l.38 \cite{ying2018supervised}
                               proposes a stochastic learning method via var...
The control sequence at the end of the top line
of your error message was never \def'ed. If you have
misspelled it (e.g., `\hobx'), type `I' and the correct
spelling (e.g., `I\hbox'). Otherwise just continue,
and I'll forget about whatever was undefined.

! Undefined control sequence.
<argument> \citeauthoryear 
                           {Zhou \bgroup et al\mbox .\egroup }{2016}
l.38 ...ance reduction. \cite{zhou2016convergence}
                                                   proposes a proximal gradi...
The control sequence at the end of the top line
of your error message was never \def'ed. If you have
misspelled it (e.g., `\hobx'), type `I' and the correct
spelling (e.g., `I\hbox'). Otherwise just continue,
and I'll forget about whatever was undefined.

! Undefined control sequence.
<argument> \citeauthoryear 
                           {Hu \bgroup et al\mbox .\egroup }{2019}
l.38 ...sider the privacy issue. \cite{hu2019fdml}
                                                   proposes a composite mode...
The control sequence at the end of the top line
of your error message was never \def'ed. If you have
misspelled it (e.g., `\hobx'), type `I' and the correct
spelling (e.g., `I\hbox'). Otherwise just continue,
and I'll forget about whatever was undefined.

! Undefined control sequence.
<argument> \citeauthoryear 
                           {Dwork, Roth, and others}{2014}
l.38 ...ochs increases \cite{dwork2014algorithmic}
                                                  . Another closely related ...
The control sequence at the end of the top line
of your error message was never \def'ed. If you have
misspelled it (e.g., `\hobx'), type `I' and the correct
spelling (e.g., `I\hbox'). Otherwise just continue,
and I'll forget about whatever was undefined.

! Undefined control sequence.
<argument> \citeauthoryear 
                           {Bellet \bgroup et al\mbox .\egroup }{2015}
l.38 ...\cite{bellet2015distributed,lou2018uplink}
                                                  , which is shown to be eff...
The control sequence at the end of the top line
of your error message was never \def'ed. If you have
misspelled it (e.g., `\hobx'), type `I' and the correct
spelling (e.g., `I\hbox'). Otherwise just continue,
and I'll forget about whatever was undefined.

! Undefined control sequence.
<argument> \citeauthoryear 
                           {Lou and Cheung}{2018}
l.38 ...\cite{bellet2015distributed,lou2018uplink}
                                                  , which is shown to be eff...
The control sequence at the end of the top line
of your error message was never \def'ed. If you have
misspelled it (e.g., `\hobx'), type `I' and the correct
spelling (e.g., `I\hbox'). Otherwise just continue,
and I'll forget about whatever was undefined.

! Undefined control sequence.
<argument> \citeauthoryear 
                           {Vaidya and Clifton}{2002}
l.41 ... \cite{vaidya2002privacy,dwork2004privacy}
                                                   are among the early studi...
The control sequence at the end of the top line
of your error message was never \def'ed. If you have
misspelled it (e.g., `\hobx'), type `I' and the correct
spelling (e.g., `I\hbox'). Otherwise just continue,
and I'll forget about whatever was undefined.

! Undefined control sequence.
<argument> \citeauthoryear 
                           {Dwork and Nissim}{2004}
l.41 ... \cite{vaidya2002privacy,dwork2004privacy}
                                                   are among the early studi...
The control sequence at the end of the top line
of your error message was never \def'ed. If you have
misspelled it (e.g., `\hobx'), type `I' and the correct
spelling (e.g., `I\hbox'). Otherwise just continue,
and I'll forget about whatever was undefined.

! Undefined control sequence.
<argument> \citeauthoryear 
                           {Kenthapadi \bgroup et al\mbox .\egroup }{2013}
l.41 ...itioned data. \cite{kenthapadi2013privacy}
                                                   adopts a random-kernel-ba...
The control sequence at the end of the top line
of your error message was never \def'ed. If you have
misspelled it (e.g., `\hobx'), type `I' and the correct
spelling (e.g., `I\hbox'). Otherwise just continue,
and I'll forget about whatever was undefined.


Underfull \hbox (badness 10000) in paragraph at lines 41--42
[]\T1/ptm/b/n/10 Querying Ver-ti-cally Par-ti-tioned Data Pri-vately. \T1/ptm/m
/n/10 (+20) [[],
 []


Underfull \hbox (badness 1371) in paragraph at lines 41--42
[]\T1/ptm/m/n/10 (+20) ] are among the early stud-ies that in-ves-ti-gate the p
ri-vacy is-sue of
 []


Underfull \vbox (badness 10000) has occurred while \output is active []

 [2])
(./sections/problem.tex
! Undefined control sequence.
<argument> \citeauthoryear 
                           {Ying, Yuan, and Sayed}{2018}
l.35 ...te{ying2018supervised,zhou2016convergence}
                                                  , ADMM \cite{zhang2016dual...
The control sequence at the end of the top line
of your error message was never \def'ed. If you have
misspelled it (e.g., `\hobx'), type `I' and the correct
spelling (e.g., `I\hbox'). Otherwise just continue,
and I'll forget about whatever was undefined.

! Undefined control sequence.
<argument> \citeauthoryear 
                           {Zhou \bgroup et al\mbox .\egroup }{2016}
l.35 ...te{ying2018supervised,zhou2016convergence}
                                                  , ADMM \cite{zhang2016dual...
The control sequence at the end of the top line
of your error message was never \def'ed. If you have
misspelled it (e.g., `\hobx'), type `I' and the correct
spelling (e.g., `I\hbox'). Otherwise just continue,
and I'll forget about whatever was undefined.

! Undefined control sequence.
<argument> \citeauthoryear 
                           {Zhang and Zhu}{2016}
l.35 ...MM \cite{zhang2016dual,zhang2018improving}
                                                  , and privacy-preserving m...
The control sequence at the end of the top line
of your error message was never \def'ed. If you have
misspelled it (e.g., `\hobx'), type `I' and the correct
spelling (e.g., `I\hbox'). Otherwise just continue,
and I'll forget about whatever was undefined.

! Undefined control sequence.
<argument> \citeauthoryear 
                           {Zhang, Khalili, and Liu}{2018}
l.35 ...MM \cite{zhang2016dual,zhang2018improving}
                                                  , and privacy-preserving m...
The control sequence at the end of the top line
of your error message was never \def'ed. If you have
misspelled it (e.g., `\hobx'), type `I' and the correct
spelling (e.g., `I\hbox'). Otherwise just continue,
and I'll forget about whatever was undefined.

! Undefined control sequence.
<argument> \citeauthoryear 
                           {Chaudhuri, Monteleoni, and Sarwate}{2011}
l.35 ...udhuri2011differentially,hamm2016learning}
                                                  , we assume the loss has a...
The control sequence at the end of the top line
of your error message was never \def'ed. If you have
misspelled it (e.g., `\hobx'), type `I' and the correct
spelling (e.g., `I\hbox'). Otherwise just continue,
and I'll forget about whatever was undefined.

! Undefined control sequence.
<argument> \citeauthoryear 
                           {Hamm, Cao, and Belkin}{2016}
l.35 ...udhuri2011differentially,hamm2016learning}
                                                  , we assume the loss has a...
The control sequence at the end of the top line
of your error message was never \def'ed. If you have
misspelled it (e.g., `\hobx'), type `I' and the correct
spelling (e.g., `I\hbox'). Otherwise just continue,
and I'll forget about whatever was undefined.


Underfull \hbox (badness 3713) in paragraph at lines 35--36
[]\T1/ptm/m/n/10 (+20) Similar to re-cent lit-er-a-ture on dis-tributed ma-chin
e learn-ing [[],
 []


Underfull \hbox (badness 10000) in paragraph at lines 35--36
[]\T1/ptm/m/n/10 (+20) ], ADMM [[], []], and
 []


Underfull \hbox (badness 10000) in paragraph at lines 35--36
\T1/ptm/m/n/10 (+20) privacy-preserving ma-chine learn-ing [[],
 []

) (./sections/algorithm.tex
! Undefined control sequence.
<argument> \citeauthoryear 
                           {Boyd \bgroup et al\mbox .\egroup }{2011}
l.3 ...te{boyd2011distributed,hong2016convergence}
                                                   to solve Problem~\eqref{e...
The control sequence at the end of the top line
of your error message was never \def'ed. If you have
misspelled it (e.g., `\hobx'), type `I' and the correct
spelling (e.g., `I\hbox'). Otherwise just continue,
and I'll forget about whatever was undefined.

! Undefined control sequence.
<argument> \citeauthoryear 
                           {Hong, Luo, and Razaviyayn}{2016}
l.3 ...te{boyd2011distributed,hong2016convergence}
                                                   to solve Problem~\eqref{e...
The control sequence at the end of the top line
of your error message was never \def'ed. If you have
misspelled it (e.g., `\hobx'), type `I' and the correct
spelling (e.g., `I\hbox'). Otherwise just continue,
and I'll forget about whatever was undefined.

[3]
Package hyperref Info: bookmark level for unknown algorithm defaults to 0 on in
put line 37.
) (./sections/privacy.tex
! Undefined control sequence.
<argument> \citeauthoryear 
                           {Dwork, Roth, and others}{2014}
l.45 ...ite{dwork2014algorithmic,zhou2010security}
                                                   is a notion that ensures ...
The control sequence at the end of the top line
of your error message was never \def'ed. If you have
misspelled it (e.g., `\hobx'), type `I' and the correct
spelling (e.g., `I\hbox'). Otherwise just continue,
and I'll forget about whatever was undefined.

! Undefined control sequence.
<argument> \citeauthoryear 
                           {Zhou \bgroup et al\mbox .\egroup }{2010}
l.45 ...ite{dwork2014algorithmic,zhou2010security}
                                                   is a notion that ensures ...
The control sequence at the end of the top line
of your error message was never \def'ed. If you have
misspelled it (e.g., `\hobx'), type `I' and the correct
spelling (e.g., `I\hbox'). Otherwise just continue,
and I'll forget about whatever was undefined.

[4]
! Undefined control sequence.
<argument> \citeauthoryear 
                           {Sarwate and Chaudhuri}{2013}
l.112 ...i} is adopted in \cite{sarwate2013signal}
                                                   and \cite{wang2019global}...
The control sequence at the end of the top line
of your error message was never \def'ed. If you have
misspelled it (e.g., `\hobx'), type `I' and the correct
spelling (e.g., `I\hbox'). Otherwise just continue,
and I'll forget about whatever was undefined.

! Undefined control sequence.
<argument> \citeauthoryear 
                           {Wang, Yin, and Zeng}{2019}
l.112 ...wate2013signal} and \cite{wang2019global}
                                                  . Assumption \ref{theo:ass...
The control sequence at the end of the top line
of your error message was never \def'ed. If you have
misspelled it (e.g., `\hobx'), type `I' and the correct
spelling (e.g., `I\hbox'). Otherwise just continue,
and I'll forget about whatever was undefined.

! Undefined control sequence.
<argument> \citeauthoryear 
                           {Zhang and Zhu}{2017}
l.112 ...6_pri} comes from \cite{zhang2017dynamic}
                                                   and Assumption \ref{theo:...
The control sequence at the end of the top line
of your error message was never \def'ed. If you have
misspelled it (e.g., `\hobx'), type `I' and the correct
spelling (e.g., `I\hbox'). Otherwise just continue,
and I'll forget about whatever was undefined.

! Undefined control sequence.
<argument> \citeauthoryear 
                           {Zhang and Zhu}{2017}
l.112 ...7_pri} comes from \cite{zhang2017dynamic}
                                                  
The control sequence at the end of the top line
of your error message was never \def'ed. If you have
misspelled it (e.g., `\hobx'), type `I' and the correct
spelling (e.g., `I\hbox'). Otherwise just continue,
and I'll forget about whatever was undefined.

! Undefined control sequence.
<argument> \citeauthoryear 
                           {Sarwate and Chaudhuri}{2013}
l.113 and \cite{sarwate2013signal}
                                  . As a typical method in differential priv...
The control sequence at the end of the top line
of your error message was never \def'ed. If you have
misspelled it (e.g., `\hobx'), type `I' and the correct
spelling (e.g., `I\hbox'). Otherwise just continue,
and I'll forget about whatever was undefined.


Underfull \hbox (badness 10000) in paragraph at lines 112--116
\T1/ptm/m/n/10 (+20) Note that As-sump-tion []1[].[]1[] is adopted in [[]] and
 []

[5]
! Undefined control sequence.
<argument> \citeauthoryear 
                           {Dwork, Roth, and others}{2014}
l.165 ...ion theory in \cite{dwork2014algorithmic}
                                                  , we come to a result stat...
The control sequence at the end of the top line
of your error message was never \def'ed. If you have
misspelled it (e.g., `\hobx'), type `I' and the correct
spelling (e.g., `I\hbox'). Otherwise just continue,
and I'll forget about whatever was undefined.

) (./sections/experiment.tex
Package epstopdf Info: Source file: <figures/a9a_loss_vs_epoch.eps>
(epstopdf)                    date: 2020-10-13 13:04:02
(epstopdf)                    size: 195288 bytes
(epstopdf)             Output file: <figures/a9a_loss_vs_epoch-eps-converted-to
.pdf>
(epstopdf)                    date: 2020-10-13 13:04:14
(epstopdf)                    size: 11739 bytes
(epstopdf)             Command: <repstopdf --outfile=figures/a9a_loss_vs_epoch-
eps-converted-to.pdf figures/a9a_loss_vs_epoch.eps>
(epstopdf)             \includegraphics on input line 9.
Package epstopdf Info: Output file is already uptodate.
<figures/a9a_loss_vs_epoch-eps-converted-to.pdf, id=240, 887.315pt x 423.5825pt
>
File: figures/a9a_loss_vs_epoch-eps-converted-to.pdf Graphic file (type pdf)
<use figures/a9a_loss_vs_epoch-eps-converted-to.pdf>
Package pdftex.def Info: figures/a9a_loss_vs_epoch-eps-converted-to.pdf  used o
n input line 9.
(pdftex.def)             Requested size: 180.66867pt x 72.2666pt.
Package epstopdf Info: Source file: <figures/a9a_test_loss_vs_epoch_vary_noise.
eps>
(epstopdf)                    date: 2020-10-13 13:03:51
(epstopdf)                    size: 187467 bytes
(epstopdf)             Output file: <figures/a9a_test_loss_vs_epoch_vary_noise-
eps-converted-to.pdf>
(epstopdf)                    date: 2020-10-13 13:17:30
(epstopdf)                    size: 9172 bytes
(epstopdf)             Command: <repstopdf --outfile=figures/a9a_test_loss_vs_e
poch_vary_noise-eps-converted-to.pdf figures/a9a_test_loss_vs_epoch_vary_noise.
eps>
(epstopdf)             \includegraphics on input line 14.
Package epstopdf Info: Output file is already uptodate.
<figures/a9a_test_loss_vs_epoch_vary_noise-eps-converted-to.pdf, id=241, 788.94
75pt x 423.5825pt>
File: figures/a9a_test_loss_vs_epoch_vary_noise-eps-converted-to.pdf Graphic fi
le (type pdf)
<use figures/a9a_test_loss_vs_epoch_vary_noise-eps-converted-to.pdf>
Package pdftex.def Info: figures/a9a_test_loss_vs_epoch_vary_noise-eps-converte
d-to.pdf  used on input line 14.
(pdftex.def)             Requested size: 180.67499pt x 97.0018pt.
Package epstopdf Info: Source file: <figures/gisette_loss_vs_epoch.eps>
(epstopdf)                    date: 2020-10-13 13:03:53
(epstopdf)                    size: 193480 bytes
(epstopdf)             Output file: <figures/gisette_loss_vs_epoch-eps-converte
d-to.pdf>
(epstopdf)                    date: 2020-10-13 13:04:10
(epstopdf)                    size: 11527 bytes
(epstopdf)             Command: <repstopdf --outfile=figures/gisette_loss_vs_ep
och-eps-converted-to.pdf figures/gisette_loss_vs_epoch.eps>
(epstopdf)             \includegraphics on input line 27.
Package epstopdf Info: Output file is already uptodate.
<figures/gisette_loss_vs_epoch-eps-converted-to.pdf, id=242, 778.91pt x 423.582
5pt>
File: figures/gisette_loss_vs_epoch-eps-converted-to.pdf Graphic file (type pdf
)
<use figures/gisette_loss_vs_epoch-eps-converted-to.pdf>
Package pdftex.def Info: figures/gisette_loss_vs_epoch-eps-converted-to.pdf  us
ed on input line 27.
(pdftex.def)             Requested size: 180.67499pt x 98.24922pt.
Package epstopdf Info: Source file: <figures/gisette_test_loss_vs_epoch_vary_no
ise.eps>
(epstopdf)                    date: 2020-10-13 13:03:47
(epstopdf)                    size: 186600 bytes
(epstopdf)             Output file: <figures/gisette_test_loss_vs_epoch_vary_no
ise-eps-converted-to.pdf>
(epstopdf)                    date: 2020-10-13 13:04:04
(epstopdf)                    size: 9447 bytes
(epstopdf)             Command: <repstopdf --outfile=figures/gisette_test_loss_
vs_epoch_vary_noise-eps-converted-to.pdf figures/gisette_test_loss_vs_epoch_var
y_noise.eps>
(epstopdf)             \includegraphics on input line 32.
Package epstopdf Info: Output file is already uptodate.
<figures/gisette_test_loss_vs_epoch_vary_noise-eps-converted-to.pdf, id=243, 78
8.9475pt x 423.5825pt>
File: figures/gisette_test_loss_vs_epoch_vary_noise-eps-converted-to.pdf Graphi
c file (type pdf)
<use figures/gisette_test_loss_vs_epoch_vary_noise-eps-converted-to.pdf>
Package pdftex.def Info: figures/gisette_test_loss_vs_epoch_vary_noise-eps-conv
erted-to.pdf  used on input line 32.
(pdftex.def)             Requested size: 180.67499pt x 97.0018pt.
Package epstopdf Info: Source file: <figures/a9a_test_loss_vs_noise.eps>
(epstopdf)                    date: 2020-10-13 13:03:44
(epstopdf)                    size: 179634 bytes
(epstopdf)             Output file: <figures/a9a_test_loss_vs_noise-eps-convert
ed-to.pdf>
(epstopdf)                    date: 2020-10-13 13:04:12
(epstopdf)                    size: 7134 bytes
(epstopdf)             Command: <repstopdf --outfile=figures/a9a_test_loss_vs_n
oise-eps-converted-to.pdf figures/a9a_test_loss_vs_noise.eps>
(epstopdf)             \includegraphics on input line 45.
Package epstopdf Info: Output file is already uptodate.
<figures/a9a_test_loss_vs_noise-eps-converted-to.pdf, id=244, 778.91pt x 416.55
624pt>
File: figures/a9a_test_loss_vs_noise-eps-converted-to.pdf Graphic file (type pd
f)
<use figures/a9a_test_loss_vs_noise-eps-converted-to.pdf>
Package pdftex.def Info: figures/a9a_test_loss_vs_noise-eps-converted-to.pdf  u
sed on input line 45.
(pdftex.def)             Requested size: 180.67499pt x 96.61949pt.
Package epstopdf Info: Source file: <figures/gisette_test_loss_vs_noise.eps>
(epstopdf)                    date: 2020-10-13 13:03:59
(epstopdf)                    size: 179927 bytes
(epstopdf)             Output file: <figures/gisette_test_loss_vs_noise-eps-con
verted-to.pdf>
(epstopdf)                    date: 2020-10-13 13:17:31
(epstopdf)                    size: 7478 bytes
(epstopdf)             Command: <repstopdf --outfile=figures/gisette_test_loss_
vs_noise-eps-converted-to.pdf figures/gisette_test_loss_vs_noise.eps>
(epstopdf)             \includegraphics on input line 50.
Package epstopdf Info: Output file is already uptodate.
<figures/gisette_test_loss_vs_noise-eps-converted-to.pdf, id=245, 778.91pt x 41
6.55624pt>
File: figures/gisette_test_loss_vs_noise-eps-converted-to.pdf Graphic file (typ
e pdf)
<use figures/gisette_test_loss_vs_noise-eps-converted-to.pdf>
Package pdftex.def Info: figures/gisette_test_loss_vs_noise-eps-converted-to.pd
f  used on input line 50.
(pdftex.def)             Requested size: 180.67499pt x 96.61949pt.

! Undefined control sequence.
<argument> \citeauthoryear 
                           {Dua and Graff}{2017}
l.57 ...amely, \emph{a9a} from UCI \cite{Dua:2019}
                                                   and \emph{giette} \cite{g...
The control sequence at the end of the top line
of your error message was never \def'ed. If you have
misspelled it (e.g., `\hobx'), type `I' and the correct
spelling (e.g., `I\hbox'). Otherwise just continue,
and I'll forget about whatever was undefined.

! Undefined control sequence.
<argument> \citeauthoryear 
                           {Guyon \bgroup et al\mbox .\egroup }{2005}
l.57 ...} and \emph{giette} \cite{guyon2005result}
                                                  . We get the datasets from...
The control sequence at the end of the top line
of your error message was never \def'ed. If you have
misspelled it (e.g., `\hobx'), type `I' and the correct
spelling (e.g., `I\hbox'). Otherwise just continue,
and I'll forget about whatever was undefined.

! Undefined control sequence.
<argument> \citeauthoryear 
                           {Lib}{}
l.57 ...et the datasets from \cite{Liblinear:2019}
                                                   so that we follow the sam...
The control sequence at the end of the top line
of your error message was never \def'ed. If you have
misspelled it (e.g., `\hobx'), type `I' and the correct
spelling (e.g., `I\hbox'). Otherwise just continue,
and I'll forget about whatever was undefined.

! Undefined control sequence.
<argument> \citeauthoryear 
                           {Hu \bgroup et al\mbox .\egroup }{2019}
l.61 ...ed algorithm proposed in \cite{hu2019fdml}
                                                  .
The control sequence at the end of the top line
of your error message was never \def'ed. If you have
misspelled it (e.g., `\hobx'), type `I' and the correct
spelling (e.g., `I\hbox'). Otherwise just continue,
and I'll forget about whatever was undefined.

[6]
Underfull \vbox (badness 2150) has occurred while \output is active []

 [7pdfTeX warning (ext4): destination with the same identifier (name{figure.1})
 has been already used, duplicate ignored

\AtBegShi@Output ...ipout \box \AtBeginShipoutBox 
                                                  \fi \fi 
l.70 
     pdfTeX warning (ext4): destination with the same identifier (name{figure.2
}) has been already used, duplicate ignored

\AtBegShi@Output ...ipout \box \AtBeginShipoutBox 
                                                  \fi \fi 
l.70 
      <./figures/a9a_loss_vs_epoch-eps-converted-to.pdf> <./figures/a9a_test_lo
ss_vs_epoch_vary_noise-eps-converted-to.pdf> <./figures/gisette_loss_vs_epoch-e
ps-converted-to.pdf> <./figures/gisette_test_loss_vs_epoch_vary_noise-eps-conve
rted-to.pdf>]) (./sections/conclude.tex) (./neurips_2020.bbl
! Undefined control sequence.
<argument> \protect \citeauthoryear 
                                    {Abadi \bgroup et al\mbox .\egroup }{2016}
l.4   }{2016}]{abadi2016deep}
                             
The control sequence at the end of the top line
of your error message was never \def'ed. If you have
misspelled it (e.g., `\hobx'), type `I' and the correct
spelling (e.g., `I\hbox'). Otherwise just continue,
and I'll forget about whatever was undefined.

! Undefined control sequence.
<argument> \protect \citeauthoryear 
                                    {Bellet \bgroup et al\mbox .\egroup }{2015}
l.14   }{2015}]{bellet2015distributed}
                                      
The control sequence at the end of the top line
of your error message was never \def'ed. If you have
misspelled it (e.g., `\hobx'), type `I' and the correct
spelling (e.g., `I\hbox'). Otherwise just continue,
and I'll forget about whatever was undefined.

! Undefined control sequence.
<argument> \protect \citeauthoryear 
                                    {Bonte and Vercauteren}{2018}
l.24   Vercauteren}{2018}]{bonte2018privacy}
                                            
The control sequence at the end of the top line
of your error message was never \def'ed. If you have
misspelled it (e.g., `\hobx'), type `I' and the correct
spelling (e.g., `I\hbox'). Otherwise just continue,
and I'll forget about whatever was undefined.

! Undefined control sequence.
<argument> \protect \citeauthoryear 
                                    {Boyd \bgroup et al\mbox .\egroup }{2011}
l.31   }{2011}]{boyd2011distributed}
                                    
The control sequence at the end of the top line
of your error message was never \def'ed. If you have
misspelled it (e.g., `\hobx'), type `I' and the correct
spelling (e.g., `I\hbox'). Otherwise just continue,
and I'll forget about whatever was undefined.

LaTeX Font Info:    Trying to load font information for TS1+ptm on input line 3
6.
(/usr/local/texlive/2020/texmf-dist/tex/latex/psnfss/ts1ptm.fd
File: ts1ptm.fd 2001/06/04 font definitions for TS1/ptm.
)
! Undefined control sequence.
<argument> \protect \citeauthoryear 
                                    {Chaudhuri and Monteleoni}{2009}
l.40   Monteleoni}{2009}]{chaudhuri2009privacy}
                                               
The control sequence at the end of the top line
of your error message was never \def'ed. If you have
misspelled it (e.g., `\hobx'), type `I' and the correct
spelling (e.g., `I\hbox'). Otherwise just continue,
and I'll forget about whatever was undefined.

! Undefined control sequence.
<argument> \protect \citeauthoryear 
                                    {Chaudhuri, Monteleoni, and Sarwate}{2011}
l.48 ...rwate}{2011}]{chaudhuri2011differentially}
                                                  
The control sequence at the end of the top line
of your error message was never \def'ed. If you have
misspelled it (e.g., `\hobx'), type `I' and the correct
spelling (e.g., `I\hbox'). Otherwise just continue,
and I'll forget about whatever was undefined.

! Undefined control sequence.
<argument> \protect \citeauthoryear 
                                    {Dai \bgroup et al\mbox .\egroup }{2018}
l.55   }{2018}]{dai2018privacy}
                               
The control sequence at the end of the top line
of your error message was never \def'ed. If you have
misspelled it (e.g., `\hobx'), type `I' and the correct
spelling (e.g., `I\hbox'). Otherwise just continue,
and I'll forget about whatever was undefined.

! Undefined control sequence.
<argument> \protect \citeauthoryear 
                                    {Dua and Graff}{2017}
l.62 ...authoryear{Dua and Graff}{2017}]{Dua:2019}
                                                  
The control sequence at the end of the top line
of your error message was never \def'ed. If you have
misspelled it (e.g., `\hobx'), type `I' and the correct
spelling (e.g., `I\hbox'). Otherwise just continue,
and I'll forget about whatever was undefined.

! Undefined control sequence.
<argument> \protect \citeauthoryear 
                                    {Dwork and Nissim}{2004}
l.67 ...Dwork and Nissim}{2004}]{dwork2004privacy}
                                                  
The control sequence at the end of the top line
of your error message was never \def'ed. If you have
misspelled it (e.g., `\hobx'), type `I' and the correct
spelling (e.g., `I\hbox'). Otherwise just continue,
and I'll forget about whatever was undefined.

! Undefined control sequence.
<argument> \protect \citeauthoryear 
                                    {Dwork, Roth, and others}{2014}
l.75   others}{2014}]{dwork2014algorithmic}
                                           
The control sequence at the end of the top line
of your error message was never \def'ed. If you have
misspelled it (e.g., `\hobx'), type `I' and the correct
spelling (e.g., `I\hbox'). Otherwise just continue,
and I'll forget about whatever was undefined.

[8pdfTeX warning (ext4): destination with the same identifier (name{figure.3}) 
has been already used, duplicate ignored

\AtBegShi@Output ...ipout \box \AtBeginShipoutBox 
                                                  \fi \fi 
l.81 
      <./figures/a9a_test_loss_vs_noise-eps-converted-to.pdf> <./figures/gisett
e_test_loss_vs_noise-eps-converted-to.pdf>]
! Undefined control sequence.
<argument> \protect \citeauthoryear 
                                    {Dwork}{2008}
l.82 ...ryear{Dwork}{2008}]{dwork2008differential}
                                                  
The control sequence at the end of the top line
of your error message was never \def'ed. If you have
misspelled it (e.g., `\hobx'), type `I' and the correct
spelling (e.g., `I\hbox'). Otherwise just continue,
and I'll forget about whatever was undefined.

! Undefined control sequence.
<argument> \protect \citeauthoryear 
                                    {Gilad-Bachrach \bgroup et al\mbox .\egr...
l.91   }{2016}]{gilad2016cryptonets}
                                    
The control sequence at the end of the top line
of your error message was never \def'ed. If you have
misspelled it (e.g., `\hobx'), type `I' and the correct
spelling (e.g., `I\hbox'). Otherwise just continue,
and I'll forget about whatever was undefined.

! Undefined control sequence.
<argument> \protect \citeauthoryear 
                                    {Gratton \bgroup et al\mbox .\egroup }{2...
l.100   }{2018}]{gratton2018distributed}
                                        
The control sequence at the end of the top line
of your error message was never \def'ed. If you have
misspelled it (e.g., `\hobx'), type `I' and the correct
spelling (e.g., `I\hbox'). Otherwise just continue,
and I'll forget about whatever was undefined.

! Undefined control sequence.
<argument> \protect \citeauthoryear 
                                    {Guyon \bgroup et al\mbox .\egroup }{2005}
l.109   }{2005}]{guyon2005result}
                                 
The control sequence at the end of the top line
of your error message was never \def'ed. If you have
misspelled it (e.g., `\hobx'), type `I' and the correct
spelling (e.g., `I\hbox'). Otherwise just continue,
and I'll forget about whatever was undefined.

! Undefined control sequence.
<argument> \protect \citeauthoryear 
                                    {Hamm, Cao, and Belkin}{2016}
l.117   Belkin}{2016}]{hamm2016learning}
                                        
The control sequence at the end of the top line
of your error message was never \def'ed. If you have
misspelled it (e.g., `\hobx'), type `I' and the correct
spelling (e.g., `I\hbox'). Otherwise just continue,
and I'll forget about whatever was undefined.

! Undefined control sequence.
<argument> \protect \citeauthoryear 
                                    {Heinze-Deml, McWilliams, and Meinshause...
l.124   Meinshausen}{2018}]{heinze2017preserving}
                                                 
The control sequence at the end of the top line
of your error message was never \def'ed. If you have
misspelled it (e.g., `\hobx'), type `I' and the correct
spelling (e.g., `I\hbox'). Otherwise just continue,
and I'll forget about whatever was undefined.

! Undefined control sequence.
<argument> \protect \citeauthoryear 
                                    {Ho \bgroup et al\mbox .\egroup }{2013}
l.132   }{2013}]{ho2013more}
                            
The control sequence at the end of the top line
of your error message was never \def'ed. If you have
misspelled it (e.g., `\hobx'), type `I' and the correct
spelling (e.g., `I\hbox'). Otherwise just continue,
and I'll forget about whatever was undefined.

! Undefined control sequence.
<argument> \protect \citeauthoryear 
                                    {Hong, Luo, and Razaviyayn}{2016}
l.142   Razaviyayn}{2016}]{hong2016convergence}
                                               
The control sequence at the end of the top line
of your error message was never \def'ed. If you have
misspelled it (e.g., `\hobx'), type `I' and the correct
spelling (e.g., `I\hbox'). Otherwise just continue,
and I'll forget about whatever was undefined.

! Undefined control sequence.
<argument> \protect \citeauthoryear 
                                    {Hu \bgroup et al\mbox .\egroup }{2019}
l.150   }{2019}]{hu2019fdml}
                            
The control sequence at the end of the top line
of your error message was never \def'ed. If you have
misspelled it (e.g., `\hobx'), type `I' and the correct
spelling (e.g., `I\hbox'). Otherwise just continue,
and I'll forget about whatever was undefined.

! Undefined control sequence.
<argument> \protect \citeauthoryear 
                                    {Huang \bgroup et al\mbox .\egroup }{2018}
l.159   }{2018}]{huang2018dp}
                             
The control sequence at the end of the top line
of your error message was never \def'ed. If you have
misspelled it (e.g., `\hobx'), type `I' and the correct
spelling (e.g., `I\hbox'). Otherwise just continue,
and I'll forget about whatever was undefined.

! Undefined control sequence.
<argument> \protect \citeauthoryear 
                                    {Kenthapadi \bgroup et al\mbox .\egroup ...
l.166   }{2013}]{kenthapadi2013privacy}
                                       
The control sequence at the end of the top line
of your error message was never \def'ed. If you have
misspelled it (e.g., `\hobx'), type `I' and the correct
spelling (e.g., `I\hbox'). Otherwise just continue,
and I'll forget about whatever was undefined.

! Undefined control sequence.
<argument> \protect \citeauthoryear 
                                    {Kikuchi \bgroup et al\mbox .\egroup }{2...
l.173   }{2018}]{kikuchi2018privacy}
                                    
The control sequence at the end of the top line
of your error message was never \def'ed. If you have
misspelled it (e.g., `\hobx'), type `I' and the correct
spelling (e.g., `I\hbox'). Otherwise just continue,
and I'll forget about whatever was undefined.

! Undefined control sequence.
<argument> \protect \citeauthoryear 
                                    {Li \bgroup et al\mbox .\egroup }{2014}
l.182   }{2014}]{li2014communication}
                                     
The control sequence at the end of the top line
of your error message was never \def'ed. If you have
misspelled it (e.g., `\hobx'), type `I' and the correct
spelling (e.g., `I\hbox'). Otherwise just continue,
and I'll forget about whatever was undefined.

! Undefined control sequence.
<argument> \protect \citeauthoryear 
                                    {Lib}{}
l.189 ...ct\citeauthoryear{Lib}{}]{Liblinear:2019}
                                                  
The control sequence at the end of the top line
of your error message was never \def'ed. If you have
misspelled it (e.g., `\hobx'), type `I' and the correct
spelling (e.g., `I\hbox'). Otherwise just continue,
and I'll forget about whatever was undefined.

! Undefined control sequence.
<argument> \protect \citeauthoryear 
                                    {Lou and Cheung}{2018}
l.195 ...ear{Lou and Cheung}{2018}]{lou2018uplink}
                                                  
The control sequence at the end of the top line
of your error message was never \def'ed. If you have
misspelled it (e.g., `\hobx'), type `I' and the correct
spelling (e.g., `I\hbox'). Otherwise just continue,
and I'll forget about whatever was undefined.

! Undefined control sequence.
<argument> \protect \citeauthoryear 
                                    {Mohassel and Zhang}{2017}
l.203   Zhang}{2017}]{mohassel2017secureml}
                                           
The control sequence at the end of the top line
of your error message was never \def'ed. If you have
misspelled it (e.g., `\hobx'), type `I' and the correct
spelling (e.g., `I\hbox'). Otherwise just continue,
and I'll forget about whatever was undefined.

! Undefined control sequence.
<argument> \protect \citeauthoryear 
                                    {Pathak, Rane, and Raj}{2010}
l.212   Raj}{2010}]{pathak2010multiparty}
                                         
The control sequence at the end of the top line
of your error message was never \def'ed. If you have
misspelled it (e.g., `\hobx'), type `I' and the correct
spelling (e.g., `I\hbox'). Otherwise just continue,
and I'll forget about whatever was undefined.

! Undefined control sequence.
<argument> \protect \citeauthoryear 
                                    {Rajkumar and Agarwal}{2012}
l.221 ...arwal}{2012}]{rajkumar2012differentially}
                                                  
The control sequence at the end of the top line
of your error message was never \def'ed. If you have
misspelled it (e.g., `\hobx'), type `I' and the correct
spelling (e.g., `I\hbox'). Otherwise just continue,
and I'll forget about whatever was undefined.

! Undefined control sequence.
<argument> \protect \citeauthoryear 
                                    {Sarwate and Chaudhuri}{2013}
l.229   Chaudhuri}{2013}]{sarwate2013signal}
                                            
The control sequence at the end of the top line
of your error message was never \def'ed. If you have
misspelled it (e.g., `\hobx'), type `I' and the correct
spelling (e.g., `I\hbox'). Otherwise just continue,
and I'll forget about whatever was undefined.

! Undefined control sequence.
<argument> \protect \citeauthoryear 
                                    {Shokri and Shmatikov}{2015}
l.237   Shmatikov}{2015}]{shokri2015privacy}
                                            
The control sequence at the end of the top line
of your error message was never \def'ed. If you have
misspelled it (e.g., `\hobx'), type `I' and the correct
spelling (e.g., `I\hbox'). Otherwise just continue,
and I'll forget about whatever was undefined.

[9]
! Undefined control sequence.
<argument> \protect \citeauthoryear 
                                    {Takabi, Hesamifard, and Ghasemi}{2016}
l.246   Ghasemi}{2016}]{takabi2016privacy}
                                          
The control sequence at the end of the top line
of your error message was never \def'ed. If you have
misspelled it (e.g., `\hobx'), type `I' and the correct
spelling (e.g., `I\hbox'). Otherwise just continue,
and I'll forget about whatever was undefined.

! Undefined control sequence.
<argument> \protect \citeauthoryear 
                                    {Vaidya and Clifton}{2002}
l.254 ...ya and Clifton}{2002}]{vaidya2002privacy}
                                                  
The control sequence at the end of the top line
of your error message was never \def'ed. If you have
misspelled it (e.g., `\hobx'), type `I' and the correct
spelling (e.g., `I\hbox'). Otherwise just continue,
and I'll forget about whatever was undefined.

! Undefined control sequence.
<argument> \protect \citeauthoryear 
                                    {Vaidya and Clifton}{2003}
l.263 ...ya and Clifton}{2003}]{vaidya2003privacy}
                                                  
The control sequence at the end of the top line
of your error message was never \def'ed. If you have
misspelled it (e.g., `\hobx'), type `I' and the correct
spelling (e.g., `I\hbox'). Otherwise just continue,
and I'll forget about whatever was undefined.

! Undefined control sequence.
<argument> \protect \citeauthoryear 
                                    {Wan \bgroup et al\mbox .\egroup }{2007}
l.273   }{2007}]{wan2007privacy}
                                
The control sequence at the end of the top line
of your error message was never \def'ed. If you have
misspelled it (e.g., `\hobx'), type `I' and the correct
spelling (e.g., `I\hbox'). Otherwise just continue,
and I'll forget about whatever was undefined.

! Undefined control sequence.
<argument> \protect \citeauthoryear 
                                    {Wang, Yin, and Zeng}{2019}
l.281 ...ng, Yin, and Zeng}{2019}]{wang2019global}
                                                  
The control sequence at the end of the top line
of your error message was never \def'ed. If you have
misspelled it (e.g., `\hobx'), type `I' and the correct
spelling (e.g., `I\hbox'). Otherwise just continue,
and I'll forget about whatever was undefined.

! Undefined control sequence.
<argument> \protect \citeauthoryear 
                                    {Ying, Yuan, and Sayed}{2018}
l.288   Sayed}{2018}]{ying2018supervised}
                                         
The control sequence at the end of the top line
of your error message was never \def'ed. If you have
misspelled it (e.g., `\hobx'), type `I' and the correct
spelling (e.g., `I\hbox'). Otherwise just continue,
and I'll forget about whatever was undefined.

! Undefined control sequence.
<argument> \protect \citeauthoryear 
                                    {Zhang, Ahmad, and Wang}{2019}
l.294 ...g, Ahmad, and Wang}{2019}]{zhang2019admm}
                                                  
The control sequence at the end of the top line
of your error message was never \def'ed. If you have
misspelled it (e.g., `\hobx'), type `I' and the correct
spelling (e.g., `I\hbox'). Otherwise just continue,
and I'll forget about whatever was undefined.

! Undefined control sequence.
<argument> \protect \citeauthoryear 
                                    {Zhang and Zhu}{2016}
l.301 ...year{Zhang and Zhu}{2016}]{zhang2016dual}
                                                  
The control sequence at the end of the top line
of your error message was never \def'ed. If you have
misspelled it (e.g., `\hobx'), type `I' and the correct
spelling (e.g., `I\hbox'). Otherwise just continue,
and I'll forget about whatever was undefined.

! Undefined control sequence.
<argument> \protect \citeauthoryear 
                                    {Zhang and Zhu}{2017}
l.310 ...r{Zhang and Zhu}{2017}]{zhang2017dynamic}
                                                  
The control sequence at the end of the top line
of your error message was never \def'ed. If you have
misspelled it (e.g., `\hobx'), type `I' and the correct
spelling (e.g., `I\hbox'). Otherwise just continue,
and I'll forget about whatever was undefined.

! Undefined control sequence.
<argument> \protect \citeauthoryear 
                                    {Zhang, Khalili, and Liu}{2018}
l.319   Liu}{2018}]{zhang2018improving}
                                       
The control sequence at the end of the top line
of your error message was never \def'ed. If you have
misspelled it (e.g., `\hobx'), type `I' and the correct
spelling (e.g., `I\hbox'). Otherwise just continue,
and I'll forget about whatever was undefined.

! Undefined control sequence.
<argument> \protect \citeauthoryear 
                                    {Zhou \bgroup et al\mbox .\egroup }{2010}
l.327   }{2010}]{zhou2010security}
                                  
The control sequence at the end of the top line
of your error message was never \def'ed. If you have
misspelled it (e.g., `\hobx'), type `I' and the correct
spelling (e.g., `I\hbox'). Otherwise just continue,
and I'll forget about whatever was undefined.

! Undefined control sequence.
<argument> \protect \citeauthoryear 
                                    {Zhou \bgroup et al\mbox .\egroup }{2016}
l.336   }{2016}]{zhou2016convergence}
                                     
The control sequence at the end of the top line
of your error message was never \def'ed. If you have
misspelled it (e.g., `\hobx'), type `I' and the correct
spelling (e.g., `I\hbox'). Otherwise just continue,
and I'll forget about whatever was undefined.

) [10] (./sections/supplement.tex (./sections/proof_privacy.tex
Overfull \hbox (14.42796pt too wide) in alignment at lines 38--97
 [][][] []
 []


Overfull \hbox (18.87238pt too wide) in alignment at lines 99--122
 [][][] []
 []


Underfull \vbox (badness 1199) has occurred while \output is active []

 [11


]
Overfull \hbox (5.7169pt too wide) in alignment at lines 196--219
 [][][] []
 []


Underfull \vbox (badness 10000) has occurred while \output is active []

 [12]
[13]))
Package atveryend Info: Empty hook `BeforeClearDocument' on input line 131.
 [14]
Package atveryend Info: Empty hook `AfterLastShipout' on input line 131.
 (./neurips_2020.aux)
Package atveryend Info: Executing hook `AtVeryEndDocument' on input line 131.
Package atveryend Info: Executing hook `AtEndAfterFileList' on input line 131.
Package rerunfilecheck Info: File `neurips_2020.out' has not changed.
(rerunfilecheck)             Checksum: 959FA48FBB9D404962F7E706DC258BF4;609.
Package atveryend Info: Empty hook `AtVeryVeryEnd' on input line 131.
 ) 
Here is how much of TeX's memory you used:
 12184 strings out of 480608
 196232 string characters out of 5903630
 681795 words of memory out of 5000000
 27478 multiletter control sequences out of 15000+600000
 579906 words of font info for 182 fonts, out of 8000000 for 9000
 1141 hyphenation exceptions out of 8191
 44i,14n,42p,1389b,492s stack positions out of 5000i,500n,10000p,200000b,80000s
{/usr/local/texlive/2020/texmf-dist/fonts/enc/dvips/base/8r.enc}{/usr/local/t
exlive/2020/texmf-dist/fonts/enc/dvips/cm-super/cm-super-t1.enc}</usr/local/tex
live/2020/texmf-dist/fonts/type1/public/amsfonts/cm/cmex10.pfb></usr/local/texl
ive/2020/texmf-dist/fonts/type1/public/amsfonts/cm/cmmi10.pfb></usr/local/texli
ve/2020/texmf-dist/fonts/type1/public/amsfonts/cm/cmmi5.pfb></usr/local/texlive
/2020/texmf-dist/fonts/type1/public/amsfonts/cm/cmmi7.pfb></usr/local/texlive/2
020/texmf-dist/fonts/type1/public/amsfonts/cm/cmr10.pfb></usr/local/texlive/202
0/texmf-dist/fonts/type1/public/amsfonts/cm/cmr17.pfb></usr/local/texlive/2020/
texmf-dist/fonts/type1/public/amsfonts/cm/cmr5.pfb></usr/local/texlive/2020/tex
mf-dist/fonts/type1/public/amsfonts/cm/cmr7.pfb></usr/local/texlive/2020/texmf-
dist/fonts/type1/public/amsfonts/cm/cmss17.pfb></usr/local/texlive/2020/texmf-d
ist/fonts/type1/public/amsfonts/cm/cmsy10.pfb></usr/local/texlive/2020/texmf-di
st/fonts/type1/public/amsfonts/cm/cmsy5.pfb></usr/local/texlive/2020/texmf-dist
/fonts/type1/public/amsfonts/cm/cmsy7.pfb></usr/local/texlive/2020/texmf-dist/f
onts/type1/public/amsfonts/symbols/msam10.pfb></usr/local/texlive/2020/texmf-di
st/fonts/type1/public/amsfonts/symbols/msbm10.pfb></usr/local/texlive/2020/texm
f-dist/fonts/type1/public/amsfonts/symbols/msbm7.pfb></usr/local/texlive/2020/t
exmf-dist/fonts/type1/public/cm-super/sftt1000.pfb></usr/local/texlive/2020/tex
mf-dist/fonts/type1/urw/helvetic/uhvr8a.pfb></usr/local/texlive/2020/texmf-dist
/fonts/type1/urw/times/utmb8a.pfb></usr/local/texlive/2020/texmf-dist/fonts/typ
e1/urw/times/utmr8a.pfb></usr/local/texlive/2020/texmf-dist/fonts/type1/urw/tim
es/utmri8a.pfb>
Output written on neurips_2020.pdf (14 pages, 299557 bytes).
PDF statistics:
 465 PDF objects out of 1000 (max. 8388607)
 418 compressed objects within 5 object streams
 113 named destinations out of 1000 (max. 500000)
 26223 words of extra memory for PDF output out of 29859 (max. 10000000)

