This is pdfTeX, Version 3.14159265-2.6-1.40.20 (TeX Live 2019) (preloaded format=pdflatex 2019.6.13)  13 OCT 2020 01:21
entering extended mode
 restricted \write18 enabled.
 %&-line parsing enabled.
**neurips_2020.tex
(./neurips_2020.tex
LaTeX2e <2018-12-01>
(/usr/local/texlive/2019/texmf-dist/tex/latex/base/article.cls
Document Class: article 2018/09/03 v1.4i Standard LaTeX document class
(/usr/local/texlive/2019/texmf-dist/tex/latex/base/size10.clo
File: size10.clo 2018/09/03 v1.4i Standard LaTeX file (size option)
)
\c@part=\count80
\c@section=\count81
\c@subsection=\count82
\c@subsubsection=\count83
\c@paragraph=\count84
\c@subparagraph=\count85
\c@figure=\count86
\c@table=\count87
\abovecaptionskip=\skip41
\belowcaptionskip=\skip42
\bibindent=\dimen102
)
(./neurips_2020.sty
Package: neurips_2020 2020/01/31 NeurIPS 2020 submission/camera-ready style fil
e

(/usr/local/texlive/2019/texmf-dist/tex/latex/environ/environ.sty
Package: environ 2014/05/04 v0.3 A new way to define environments

(/usr/local/texlive/2019/texmf-dist/tex/latex/trimspaces/trimspaces.sty
Package: trimspaces 2009/09/17 v1.1 Trim spaces around a token list
)
\@envbody=\toks14
)
(/usr/local/texlive/2019/texmf-dist/tex/latex/lineno/lineno.sty
Package: lineno 2005/11/02 line numbers on paragraphs v4.41
\linenopenalty=\count88
\output=\toks15
\linenoprevgraf=\count89
\linenumbersep=\dimen103
\linenumberwidth=\dimen104
\c@linenumber=\count90
\c@pagewiselinenumber=\count91
\c@LN@truepage=\count92
\c@internallinenumber=\count93
\c@internallinenumbers=\count94
\quotelinenumbersep=\dimen105
\bframerule=\dimen106
\bframesep=\dimen107
\bframebox=\box27
LaTeX Info: Redefining \\ on input line 3056.
)
(/usr/local/texlive/2019/texmf-dist/tex/latex/geometry/geometry.sty
Package: geometry 2018/04/16 v5.8 Page Geometry

(/usr/local/texlive/2019/texmf-dist/tex/latex/graphics/keyval.sty
Package: keyval 2014/10/28 v1.15 key=value parser (DPC)
\KV@toks@=\toks16
)
(/usr/local/texlive/2019/texmf-dist/tex/generic/oberdiek/ifpdf.sty
Package: ifpdf 2018/09/07 v3.3 Provides the ifpdf switch
)
(/usr/local/texlive/2019/texmf-dist/tex/generic/oberdiek/ifvtex.sty
Package: ifvtex 2016/05/16 v1.6 Detect VTeX and its facilities (HO)
Package ifvtex Info: VTeX not detected.
)
(/usr/local/texlive/2019/texmf-dist/tex/generic/ifxetex/ifxetex.sty
Package: ifxetex 2010/09/12 v0.6 Provides ifxetex conditional
)
\Gm@cnth=\count95
\Gm@cntv=\count96
\c@Gm@tempcnt=\count97
\Gm@bindingoffset=\dimen108
\Gm@wd@mp=\dimen109
\Gm@odd@mp=\dimen110
\Gm@even@mp=\dimen111
\Gm@layoutwidth=\dimen112
\Gm@layoutheight=\dimen113
\Gm@layouthoffset=\dimen114
\Gm@layoutvoffset=\dimen115
\Gm@dimlist=\toks17
)
\@neuripsabovecaptionskip=\skip43
\@neuripsbelowcaptionskip=\skip44
)
(/usr/local/texlive/2019/texmf-dist/tex/latex/base/inputenc.sty
Package: inputenc 2018/08/11 v1.3c Input encoding file
\inpenc@prehook=\toks18
\inpenc@posthook=\toks19
)
(/usr/local/texlive/2019/texmf-dist/tex/latex/base/fontenc.sty
Package: fontenc 2018/08/11 v2.0j Standard LaTeX package

(/usr/local/texlive/2019/texmf-dist/tex/latex/base/t1enc.def
File: t1enc.def 2018/08/11 v2.0j Standard LaTeX file
LaTeX Font Info:    Redeclaring font encoding T1 on input line 48.
))
(/usr/local/texlive/2019/texmf-dist/tex/latex/hyperref/hyperref.sty
Package: hyperref 2018/11/30 v6.88e Hypertext links for LaTeX

(/usr/local/texlive/2019/texmf-dist/tex/generic/oberdiek/hobsub-hyperref.sty
Package: hobsub-hyperref 2016/05/16 v1.14 Bundle oberdiek, subset hyperref (HO)


(/usr/local/texlive/2019/texmf-dist/tex/generic/oberdiek/hobsub-generic.sty
Package: hobsub-generic 2016/05/16 v1.14 Bundle oberdiek, subset generic (HO)
Package: hobsub 2016/05/16 v1.14 Construct package bundles (HO)
Package: infwarerr 2016/05/16 v1.4 Providing info/warning/error messages (HO)
Package: ltxcmds 2016/05/16 v1.23 LaTeX kernel commands for general use (HO)
Package: ifluatex 2016/05/16 v1.4 Provides the ifluatex switch (HO)
Package ifluatex Info: LuaTeX not detected.
Package hobsub Info: Skipping package `ifvtex' (already loaded).
Package: intcalc 2016/05/16 v1.2 Expandable calculations with integers (HO)
Package hobsub Info: Skipping package `ifpdf' (already loaded).
Package: etexcmds 2016/05/16 v1.6 Avoid name clashes with e-TeX commands (HO)
Package: kvsetkeys 2016/05/16 v1.17 Key value parser (HO)
Package: kvdefinekeys 2016/05/16 v1.4 Define keys (HO)
Package: pdftexcmds 2018/09/10 v0.29 Utility functions of pdfTeX for LuaTeX (HO
)
Package pdftexcmds Info: LuaTeX not detected.
Package pdftexcmds Info: \pdf@primitive is available.
Package pdftexcmds Info: \pdf@ifprimitive is available.
Package pdftexcmds Info: \pdfdraftmode found.
Package: pdfescape 2016/05/16 v1.14 Implements pdfTeX's escape features (HO)
Package: bigintcalc 2016/05/16 v1.4 Expandable calculations on big integers (HO
)
Package: bitset 2016/05/16 v1.2 Handle bit-vector datatype (HO)
Package: uniquecounter 2016/05/16 v1.3 Provide unlimited unique counter (HO)
)
Package hobsub Info: Skipping package `hobsub' (already loaded).
Package: letltxmacro 2016/05/16 v1.5 Let assignment for LaTeX macros (HO)
Package: hopatch 2016/05/16 v1.3 Wrapper for package hooks (HO)
Package: xcolor-patch 2016/05/16 xcolor patch
Package: atveryend 2016/05/16 v1.9 Hooks at the very end of document (HO)
Package atveryend Info: \enddocument detected (standard20110627).
Package: atbegshi 2016/06/09 v1.18 At begin shipout hook (HO)
Package: refcount 2016/05/16 v3.5 Data extraction from label references (HO)
Package: hycolor 2016/05/16 v1.8 Color options for hyperref/bookmark (HO)
)
(/usr/local/texlive/2019/texmf-dist/tex/latex/oberdiek/auxhook.sty
Package: auxhook 2016/05/16 v1.4 Hooks for auxiliary files (HO)
)
(/usr/local/texlive/2019/texmf-dist/tex/latex/oberdiek/kvoptions.sty
Package: kvoptions 2016/05/16 v3.12 Key value format for package options (HO)
)
\@linkdim=\dimen116
\Hy@linkcounter=\count98
\Hy@pagecounter=\count99

(/usr/local/texlive/2019/texmf-dist/tex/latex/hyperref/pd1enc.def
File: pd1enc.def 2018/11/30 v6.88e Hyperref: PDFDocEncoding definition (HO)
Now handling font encoding PD1 ...
... no UTF-8 mapping file for font encoding PD1
)
\Hy@SavedSpaceFactor=\count100

(/usr/local/texlive/2019/texmf-dist/tex/latex/latexconfig/hyperref.cfg
File: hyperref.cfg 2002/06/06 v1.2 hyperref configuration of TeXLive
)
Package hyperref Info: Hyper figures OFF on input line 4519.
Package hyperref Info: Link nesting OFF on input line 4524.
Package hyperref Info: Hyper index ON on input line 4527.
Package hyperref Info: Plain pages OFF on input line 4534.
Package hyperref Info: Backreferencing OFF on input line 4539.
Package hyperref Info: Implicit mode ON; LaTeX internals redefined.
Package hyperref Info: Bookmarks ON on input line 4772.
\c@Hy@tempcnt=\count101

(/usr/local/texlive/2019/texmf-dist/tex/latex/url/url.sty
\Urlmuskip=\muskip10
Package: url 2013/09/16  ver 3.4  Verb mode for urls, etc.
)
LaTeX Info: Redefining \url on input line 5125.
\XeTeXLinkMargin=\dimen117
\Fld@menulength=\count102
\Field@Width=\dimen118
\Fld@charsize=\dimen119
Package hyperref Info: Hyper figures OFF on input line 6380.
Package hyperref Info: Link nesting OFF on input line 6385.
Package hyperref Info: Hyper index ON on input line 6388.
Package hyperref Info: backreferencing OFF on input line 6395.
Package hyperref Info: Link coloring OFF on input line 6400.
Package hyperref Info: Link coloring with OCG OFF on input line 6405.
Package hyperref Info: PDF/A mode OFF on input line 6410.
LaTeX Info: Redefining \ref on input line 6450.
LaTeX Info: Redefining \pageref on input line 6454.
\Hy@abspage=\count103
\c@Item=\count104
\c@Hfootnote=\count105
)
Package hyperref Info: Driver (autodetected): hpdftex.

(/usr/local/texlive/2019/texmf-dist/tex/latex/hyperref/hpdftex.def
File: hpdftex.def 2018/11/30 v6.88e Hyperref driver for pdfTeX
\Fld@listcount=\count106
\c@bookmark@seq@number=\count107

(/usr/local/texlive/2019/texmf-dist/tex/latex/oberdiek/rerunfilecheck.sty
Package: rerunfilecheck 2016/05/16 v1.8 Rerun checks for auxiliary files (HO)
Package uniquecounter Info: New unique counter `rerunfilecheck' on input line 2
82.
)
\Hy@SectionHShift=\skip45
)
(/usr/local/texlive/2019/texmf-dist/tex/latex/booktabs/booktabs.sty
Package: booktabs 2016/04/27 v1.618033 publication quality tables
\heavyrulewidth=\dimen120
\lightrulewidth=\dimen121
\cmidrulewidth=\dimen122
\belowrulesep=\dimen123
\belowbottomsep=\dimen124
\aboverulesep=\dimen125
\abovetopsep=\dimen126
\cmidrulesep=\dimen127
\cmidrulekern=\dimen128
\defaultaddspace=\dimen129
\@cmidla=\count108
\@cmidlb=\count109
\@aboverulesep=\dimen130
\@belowrulesep=\dimen131
\@thisruleclass=\count110
\@lastruleclass=\count111
\@thisrulewidth=\dimen132
)
(/usr/local/texlive/2019/texmf-dist/tex/latex/amsfonts/amsfonts.sty
Package: amsfonts 2013/01/14 v3.01 Basic AMSFonts support
\@emptytoks=\toks20
\symAMSa=\mathgroup4
\symAMSb=\mathgroup5
LaTeX Font Info:    Overwriting math alphabet `\mathfrak' in version `bold'
(Font)                  U/euf/m/n --> U/euf/b/n on input line 106.
)
(/usr/local/texlive/2019/texmf-dist/tex/latex/units/nicefrac.sty
Package: nicefrac 1998/08/04 v0.9b Nice fractions
\L@UnitsRaiseDisplaystyle=\skip46
\L@UnitsRaiseTextstyle=\skip47
\L@UnitsRaiseScriptstyle=\skip48

(/usr/local/texlive/2019/texmf-dist/tex/latex/base/ifthen.sty
Package: ifthen 2014/09/29 v1.1c Standard LaTeX ifthen package (DPC)
))
(/usr/local/texlive/2019/texmf-dist/tex/latex/microtype/microtype.sty
Package: microtype 2019/02/28 v2.7b Micro-typographical refinements (RS)
\MT@toks=\toks21
\MT@count=\count112
LaTeX Info: Redefining \textls on input line 790.
\MT@outer@kern=\dimen133
LaTeX Info: Redefining \textmicrotypecontext on input line 1336.
\MT@listname@count=\count113

(/usr/local/texlive/2019/texmf-dist/tex/latex/microtype/microtype-pdftex.def
File: microtype-pdftex.def 2019/02/28 v2.7b Definitions specific to pdftex (RS)

LaTeX Info: Redefining \lsstyle on input line 914.
LaTeX Info: Redefining \lslig on input line 914.
\MT@outer@space=\skip49
)
Package microtype Info: Loading configuration file microtype.cfg.

(/usr/local/texlive/2019/texmf-dist/tex/latex/microtype/microtype.cfg
File: microtype.cfg 2019/02/28 v2.7b microtype main configuration file (RS)
))
(/usr/local/texlive/2019/texmf-dist/tex/latex/graphics/graphicx.sty
Package: graphicx 2017/06/01 v1.1a Enhanced LaTeX Graphics (DPC,SPQR)

(/usr/local/texlive/2019/texmf-dist/tex/latex/graphics/graphics.sty
Package: graphics 2017/06/25 v1.2c Standard LaTeX Graphics (DPC,SPQR)

(/usr/local/texlive/2019/texmf-dist/tex/latex/graphics/trig.sty
Package: trig 2016/01/03 v1.10 sin cos tan (DPC)
)
(/usr/local/texlive/2019/texmf-dist/tex/latex/graphics-cfg/graphics.cfg
File: graphics.cfg 2016/06/04 v1.11 sample graphics configuration
)
Package graphics Info: Driver file: pdftex.def on input line 99.

(/usr/local/texlive/2019/texmf-dist/tex/latex/graphics-def/pdftex.def
File: pdftex.def 2018/01/08 v1.0l Graphics/color driver for pdftex
))
\Gin@req@height=\dimen134
\Gin@req@width=\dimen135
)
(/usr/local/texlive/2019/texmf-dist/tex/latex/subfigure/subfigure.sty
Package: subfigure 2002/03/15 v2.1.5 subfigure package
\subfigtopskip=\skip50
\subfigcapskip=\skip51
\subfigcaptopadj=\dimen136
\subfigbottomskip=\skip52
\subfigcapmargin=\dimen137
\subfiglabelskip=\skip53
\c@subfigure=\count114
\c@lofdepth=\count115
\c@subtable=\count116
\c@lotdepth=\count117

****************************************
* Local config file subfigure.cfg used *
****************************************
(/usr/local/texlive/2019/texmf-dist/tex/latex/subfigure/subfigure.cfg)
\subfig@top=\skip54
\subfig@bottom=\skip55
)
(/usr/local/texlive/2019/texmf-dist/tex/latex/amsmath/amsmath.sty
Package: amsmath 2018/12/01 v2.17b AMS math features
\@mathmargin=\skip56

For additional information on amsmath, use the `?' option.
(/usr/local/texlive/2019/texmf-dist/tex/latex/amsmath/amstext.sty
Package: amstext 2000/06/29 v2.01 AMS text

(/usr/local/texlive/2019/texmf-dist/tex/latex/amsmath/amsgen.sty
File: amsgen.sty 1999/11/30 v2.0 generic functions
\@emptytoks=\toks22
\ex@=\dimen138
))
(/usr/local/texlive/2019/texmf-dist/tex/latex/amsmath/amsbsy.sty
Package: amsbsy 1999/11/29 v1.2d Bold Symbols
\pmbraise@=\dimen139
)
(/usr/local/texlive/2019/texmf-dist/tex/latex/amsmath/amsopn.sty
Package: amsopn 2016/03/08 v2.02 operator names
)
\inf@bad=\count118
LaTeX Info: Redefining \frac on input line 223.
\uproot@=\count119
\leftroot@=\count120
LaTeX Info: Redefining \overline on input line 385.
\classnum@=\count121
\DOTSCASE@=\count122
LaTeX Info: Redefining \ldots on input line 482.
LaTeX Info: Redefining \dots on input line 485.
LaTeX Info: Redefining \cdots on input line 606.
\Mathstrutbox@=\box28
\strutbox@=\box29
\big@size=\dimen140
LaTeX Font Info:    Redeclaring font encoding OML on input line 729.
LaTeX Font Info:    Redeclaring font encoding OMS on input line 730.
\macc@depth=\count123
\c@MaxMatrixCols=\count124
\dotsspace@=\muskip11
\c@parentequation=\count125
\dspbrk@lvl=\count126
\tag@help=\toks23
\row@=\count127
\column@=\count128
\maxfields@=\count129
\andhelp@=\toks24
\eqnshift@=\dimen141
\alignsep@=\dimen142
\tagshift@=\dimen143
\tagwidth@=\dimen144
\totwidth@=\dimen145
\lineht@=\dimen146
\@envbody=\toks25
\multlinegap=\skip57
\multlinetaggap=\skip58
\mathdisplay@stack=\toks26
LaTeX Info: Redefining \[ on input line 2844.
LaTeX Info: Redefining \] on input line 2845.
)
(/usr/local/texlive/2019/texmf-dist/tex/latex/amsfonts/amssymb.sty
Package: amssymb 2013/01/14 v3.01 AMS font symbols
)
(/usr/local/texlive/2019/texmf-dist/tex/latex/xcolor/xcolor.sty
Package: xcolor 2016/05/11 v2.12 LaTeX color extensions (UK)

(/usr/local/texlive/2019/texmf-dist/tex/latex/graphics-cfg/color.cfg
File: color.cfg 2016/01/02 v1.6 sample color configuration
)
Package xcolor Info: Driver file: pdftex.def on input line 225.
Package xcolor Info: Model `cmy' substituted by `cmy0' on input line 1348.
Package xcolor Info: Model `hsb' substituted by `rgb' on input line 1352.
Package xcolor Info: Model `RGB' extended on input line 1364.
Package xcolor Info: Model `HTML' substituted by `rgb' on input line 1366.
Package xcolor Info: Model `Hsb' substituted by `hsb' on input line 1367.
Package xcolor Info: Model `tHsb' substituted by `hsb' on input line 1368.
Package xcolor Info: Model `HSB' substituted by `hsb' on input line 1369.
Package xcolor Info: Model `Gray' substituted by `gray' on input line 1370.
Package xcolor Info: Model `wave' substituted by `hsb' on input line 1371.
)
(/usr/local/texlive/2019/texmf-dist/tex/latex/algorithms/algorithm.sty
Package: algorithm 2009/08/24 v0.1 Document Style `algorithm' - floating enviro
nment

(/usr/local/texlive/2019/texmf-dist/tex/latex/float/float.sty
Package: float 2001/11/08 v1.3d Float enhancements (AL)
\c@float@type=\count130
\float@exts=\toks27
\float@box=\box30
\@float@everytoks=\toks28
\@floatcapt=\box31
)
\@float@every@algorithm=\toks29
\c@algorithm=\count131
)
(/usr/local/texlive/2019/texmf-dist/tex/latex/algorithms/algorithmic.sty
Package: algorithmic 2009/08/24 v0.1 Document Style `algorithmic'
\c@ALC@unique=\count132
\c@ALC@line=\count133
\c@ALC@rem=\count134
\c@ALC@depth=\count135
\ALC@tlm=\skip59
\algorithmicindent=\skip60
)
\c@defi=\count136
\c@lemma=\count137
\c@theorem=\count138
\c@assume=\count139
\c@coro=\count140

(/usr/local/texlive/2019/texmf-dist/tex/latex/mdframed/mdframed.sty
Package: mdframed 2013/07/01 1.9b: mdframed

(/usr/local/texlive/2019/texmf-dist/tex/latex/l3packages/xparse/xparse.sty
(/usr/local/texlive/2019/texmf-dist/tex/latex/l3kernel/expl3.sty
Package: expl3 2019-05-28 L3 programming layer (loader) 

(/usr/local/texlive/2019/texmf-dist/tex/latex/l3kernel/expl3-code.tex
Package: expl3 2019-05-28 L3 programming layer (code)
\c_max_int=\count141
\l_tmpa_int=\count142
\l_tmpb_int=\count143
\g_tmpa_int=\count144
\g_tmpb_int=\count145
\g__kernel_prg_map_int=\count146
\c__ior_term_ior=\count147
\c_log_iow=\count148
\l_iow_line_count_int=\count149
\l__iow_line_target_int=\count150
\l__iow_one_indent_int=\count151
\l__iow_indent_int=\count152
\c_zero_dim=\dimen147
\c_max_dim=\dimen148
\l_tmpa_dim=\dimen149
\l_tmpb_dim=\dimen150
\g_tmpa_dim=\dimen151
\g_tmpb_dim=\dimen152
\c_zero_skip=\skip61
\c_max_skip=\skip62
\l_tmpa_skip=\skip63
\l_tmpb_skip=\skip64
\g_tmpa_skip=\skip65
\g_tmpb_skip=\skip66
\c_zero_muskip=\muskip12
\c_max_muskip=\muskip13
\l_tmpa_muskip=\muskip14
\l_tmpb_muskip=\muskip15
\g_tmpa_muskip=\muskip16
\g_tmpb_muskip=\muskip17
\l_keys_choice_int=\count153
\l__intarray_loop_int=\count154
\c__intarray_sp_dim=\dimen153
\g__intarray_font_int=\count155
\c__fp_leading_shift_int=\count156
\c__fp_middle_shift_int=\count157
\c__fp_trailing_shift_int=\count158
\c__fp_big_leading_shift_int=\count159
\c__fp_big_middle_shift_int=\count160
\c__fp_big_trailing_shift_int=\count161
\c__fp_Bigg_leading_shift_int=\count162
\c__fp_Bigg_middle_shift_int=\count163
\c__fp_Bigg_trailing_shift_int=\count164
\c__kernel_randint_max_int=\count165
\g__fp_array_int=\count166
\l__fp_array_loop_int=\count167
\l__sort_length_int=\count168
\l__sort_min_int=\count169
\l__sort_top_int=\count170
\l__sort_max_int=\count171
\l__sort_true_max_int=\count172
\l__sort_block_int=\count173
\l__sort_begin_int=\count174
\l__sort_end_int=\count175
\l__sort_A_int=\count176
\l__sort_B_int=\count177
\l__sort_C_int=\count178
\l__tl_analysis_normal_int=\count179
\l__tl_analysis_index_int=\count180
\l__tl_analysis_nesting_int=\count181
\l__tl_analysis_type_int=\count182
\l__regex_internal_a_int=\count183
\l__regex_internal_b_int=\count184
\l__regex_internal_c_int=\count185
\l__regex_balance_int=\count186
\l__regex_group_level_int=\count187
\l__regex_mode_int=\count188
\c__regex_cs_in_class_mode_int=\count189
\c__regex_cs_mode_int=\count190
\l__regex_catcodes_int=\count191
\l__regex_default_catcodes_int=\count192
\c__regex_catcode_D_int=\count193
\c__regex_catcode_S_int=\count194
\c__regex_catcode_L_int=\count195
\c__regex_catcode_O_int=\count196
\c__regex_catcode_A_int=\count197
\c__regex_all_catcodes_int=\count198
\l__regex_show_lines_int=\count199
\l__regex_min_state_int=\count266
\l__regex_max_state_int=\count267
\l__regex_left_state_int=\count268
\l__regex_right_state_int=\count269
\l__regex_capturing_group_int=\count270
\l__regex_min_pos_int=\count271
\l__regex_max_pos_int=\count272
\l__regex_curr_pos_int=\count273
\l__regex_start_pos_int=\count274
\l__regex_success_pos_int=\count275
\l__regex_curr_char_int=\count276
\l__regex_curr_catcode_int=\count277
\l__regex_last_char_int=\count278
\l__regex_case_changed_char_int=\count279
\l__regex_curr_state_int=\count280
\l__regex_step_int=\count281
\l__regex_min_active_int=\count282
\l__regex_max_active_int=\count283
\l__regex_replacement_csnames_int=\count284
\l__regex_match_count_int=\count285
\l__regex_min_submatch_int=\count286
\l__regex_submatch_int=\count287
\l__regex_zeroth_submatch_int=\count288
\g__regex_trace_regex_int=\count289
\c_empty_box=\box32
\l_tmpa_box=\box33
\l_tmpb_box=\box34
\g_tmpa_box=\box35
\g_tmpb_box=\box36
\l__box_top_dim=\dimen154
\l__box_bottom_dim=\dimen155
\l__box_left_dim=\dimen156
\l__box_right_dim=\dimen157
\l__box_top_new_dim=\dimen158
\l__box_bottom_new_dim=\dimen159
\l__box_left_new_dim=\dimen160
\l__box_right_new_dim=\dimen161
\l__box_internal_box=\box37
\l__coffin_internal_box=\box38
\l__coffin_internal_dim=\dimen162
\l__coffin_offset_x_dim=\dimen163
\l__coffin_offset_y_dim=\dimen164
\l__coffin_x_dim=\dimen165
\l__coffin_y_dim=\dimen166
\l__coffin_x_prime_dim=\dimen167
\l__coffin_y_prime_dim=\dimen168
\c_empty_coffin=\box39
\l__coffin_aligned_coffin=\box40
\l__coffin_aligned_internal_coffin=\box41
\l_tmpa_coffin=\box42
\l_tmpb_coffin=\box43
\g_tmpa_coffin=\box44
\g_tmpb_coffin=\box45
\l__coffin_bounding_shift_dim=\dimen169
\l__coffin_left_corner_dim=\dimen170
\l__coffin_right_corner_dim=\dimen171
\l__coffin_bottom_corner_dim=\dimen172
\l__coffin_top_corner_dim=\dimen173
\l__coffin_scaled_total_height_dim=\dimen174
\l__coffin_scaled_width_dim=\dimen175
\c__coffin_empty_coffin=\box46
\l__coffin_display_coffin=\box47
\l__coffin_display_coord_coffin=\box48
\l__coffin_display_pole_coffin=\box49
\l__coffin_display_offset_dim=\dimen176
\l__coffin_display_x_dim=\dimen177
\l__coffin_display_y_dim=\dimen178
\g__file_internal_ior=\read1
\l__seq_internal_a_int=\count290
\l__seq_internal_b_int=\count291
\c__deprecation_minus_one=\count292
)
(/usr/local/texlive/2019/texmf-dist/tex/latex/l3kernel/l3pdfmode.def
File: l3pdfmode.def 2019-04-06 v L3 Experimental driver: PDF mode
\l__driver_internal_box=\box50
\l__driver_color_stack_int=\count293
))
Package: xparse 2019-05-28 L3 Experimental document command parser
\l__xparse_current_arg_int=\count294
\g__xparse_grabber_int=\count295
\l__xparse_m_args_int=\count296
\l__xparse_v_nesting_int=\count297
)
(/usr/local/texlive/2019/texmf-dist/tex/latex/etoolbox/etoolbox.sty
Package: etoolbox 2018/08/19 v2.5f e-TeX tools for LaTeX (JAW)
\etb@tempcnta=\count298
)
(/usr/local/texlive/2019/texmf-dist/tex/latex/oberdiek/zref-abspage.sty
Package: zref-abspage 2018/11/21 v2.27 Module abspage for zref (HO)

(/usr/local/texlive/2019/texmf-dist/tex/latex/oberdiek/zref-base.sty
Package: zref-base 2018/11/21 v2.27 Module base for zref (HO)
Package zref Info: New property list: main on input line 759.
Package zref Info: New property: default on input line 760.
Package zref Info: New property: page on input line 761.
)
\c@abspage=\count299
Package zref Info: New property: abspage on input line 62.
)
(/usr/local/texlive/2019/texmf-dist/tex/latex/needspace/needspace.sty
Package: needspace 2010/09/12 v1.3d reserve vertical space
)
\mdf@templength=\skip67
\c@mdf@globalstyle@cnt=\count300
\mdf@skipabove@length=\skip68
\mdf@skipbelow@length=\skip69
\mdf@leftmargin@length=\skip70
\mdf@rightmargin@length=\skip71
\mdf@innerleftmargin@length=\skip72
\mdf@innerrightmargin@length=\skip73
\mdf@innertopmargin@length=\skip74
\mdf@innerbottommargin@length=\skip75
\mdf@splittopskip@length=\skip76
\mdf@splitbottomskip@length=\skip77
\mdf@outermargin@length=\skip78
\mdf@innermargin@length=\skip79
\mdf@linewidth@length=\skip80
\mdf@innerlinewidth@length=\skip81
\mdf@middlelinewidth@length=\skip82
\mdf@outerlinewidth@length=\skip83
\mdf@roundcorner@length=\skip84
\mdf@footenotedistance@length=\skip85
\mdf@userdefinedwidth@length=\skip86
\mdf@needspace@length=\skip87
\mdf@frametitleaboveskip@length=\skip88
\mdf@frametitlebelowskip@length=\skip89
\mdf@frametitlerulewidth@length=\skip90
\mdf@frametitleleftmargin@length=\skip91
\mdf@frametitlerightmargin@length=\skip92
\mdf@shadowsize@length=\skip93
\mdf@extratopheight@length=\skip94
\mdf@subtitleabovelinewidth@length=\skip95
\mdf@subtitlebelowlinewidth@length=\skip96
\mdf@subtitleaboveskip@length=\skip97
\mdf@subtitlebelowskip@length=\skip98
\mdf@subtitleinneraboveskip@length=\skip99
\mdf@subtitleinnerbelowskip@length=\skip100
\mdf@subsubtitleabovelinewidth@length=\skip101
\mdf@subsubtitlebelowlinewidth@length=\skip102
\mdf@subsubtitleaboveskip@length=\skip103
\mdf@subsubtitlebelowskip@length=\skip104
\mdf@subsubtitleinneraboveskip@length=\skip105
\mdf@subsubtitleinnerbelowskip@length=\skip106

(/usr/local/texlive/2019/texmf-dist/tex/latex/mdframed/md-frame-0.mdf
File: md-frame-0.mdf 2013/07/01\ 1.9b: md-frame-0
)
\mdf@frametitlebox=\box51
\mdf@footnotebox=\box52
\mdf@splitbox@one=\box53
\mdf@splitbox@two=\box54
\mdf@splitbox@save=\box55
\mdfsplitboxwidth=\skip107
\mdfsplitboxtotalwidth=\skip108
\mdfsplitboxheight=\skip109
\mdfsplitboxdepth=\skip110
\mdfsplitboxtotalheight=\skip111
\mdfframetitleboxwidth=\skip112
\mdfframetitleboxtotalwidth=\skip113
\mdfframetitleboxheight=\skip114
\mdfframetitleboxdepth=\skip115
\mdfframetitleboxtotalheight=\skip116
\mdffootnoteboxwidth=\skip117
\mdffootnoteboxtotalwidth=\skip118
\mdffootnoteboxheight=\skip119
\mdffootnoteboxdepth=\skip120
\mdffootnoteboxtotalheight=\skip121
\mdftotallinewidth=\skip122
\mdfboundingboxwidth=\skip123
\mdfboundingboxtotalwidth=\skip124
\mdfboundingboxheight=\skip125
\mdfboundingboxdepth=\skip126
\mdfboundingboxtotalheight=\skip127
\mdf@freevspace@length=\skip128
\mdf@horizontalwidthofbox@length=\skip129
\mdf@verticalmarginwhole@length=\skip130
\mdf@horizontalspaceofbox=\skip131
\mdfsubtitleheight=\skip132
\mdfsubsubtitleheight=\skip133
\c@mdfcountframes=\count301

****** mdframed patching \endmdf@trivlist

****** -- success******

\mdf@envdepth=\count302
\c@mdf@env@i=\count303
\c@mdf@env@ii=\count304
\c@mdf@zref@counter=\count305
Package zref Info: New property: mdf@pagevalue on input line 895.
)
(/usr/local/texlive/2019/texmf-dist/tex/latex/lipsum/lipsum.sty
Package: lipsum 2019/01/02 v2.2 150 paragraphs of Lorem Ipsum dummy text

(/usr/local/texlive/2019/texmf-dist/tex/latex/lipsum/lipsum.ltd.tex
File: lipsum.ltd.tex 2019/01/02 v2.2 The Lorem ipsum dummy text
))
\c@algo=\count306
\myindent=\skip134

(./neurips_2020.aux)
\openout1 = `neurips_2020.aux'.

LaTeX Font Info:    Checking defaults for OML/cmm/m/it on input line 103.
LaTeX Font Info:    ... okay on input line 103.
LaTeX Font Info:    Checking defaults for T1/cmr/m/n on input line 103.
LaTeX Font Info:    ... okay on input line 103.
LaTeX Font Info:    Checking defaults for OT1/cmr/m/n on input line 103.
LaTeX Font Info:    ... okay on input line 103.
LaTeX Font Info:    Checking defaults for OMS/cmsy/m/n on input line 103.
LaTeX Font Info:    ... okay on input line 103.
LaTeX Font Info:    Checking defaults for OMX/cmex/m/n on input line 103.
LaTeX Font Info:    ... okay on input line 103.
LaTeX Font Info:    Checking defaults for U/cmr/m/n on input line 103.
LaTeX Font Info:    ... okay on input line 103.
LaTeX Font Info:    Checking defaults for PD1/pdf/m/n on input line 103.
LaTeX Font Info:    ... okay on input line 103.
LaTeX Font Info:    Try loading font information for T1+ptm on input line 103.

(/usr/local/texlive/2019/texmf-dist/tex/latex/psnfss/t1ptm.fd
File: t1ptm.fd 2001/06/04 font definitions for T1/ptm.
)
*geometry* driver: auto-detecting
*geometry* detected driver: pdftex
*geometry* verbose mode - [ preamble ] result:
* driver: pdftex
* paper: letterpaper
* layout: <same size as paper>
* layoutoffset:(h,v)=(0.0pt,0.0pt)
* modes: 
* h-part:(L,W,R)=(92.14519pt, 430.00462pt, 92.14519pt)
* v-part:(T,H,B)=(95.39737pt, 556.47656pt, 143.09605pt)
* \paperwidth=614.295pt
* \paperheight=794.96999pt
* \textwidth=430.00462pt
* \textheight=556.47656pt
* \oddsidemargin=19.8752pt
* \evensidemargin=19.8752pt
* \topmargin=-13.87262pt
* \headheight=12.0pt
* \headsep=25.0pt
* \topskip=10.0pt
* \footskip=30.0pt
* \marginparwidth=65.0pt
* \marginparsep=11.0pt
* \columnsep=10.0pt
* \skip\footins=9.0pt plus 4.0pt minus 2.0pt
* \hoffset=0.0pt
* \voffset=0.0pt
* \mag=1000
* \@twocolumnfalse
* \@twosidefalse
* \@mparswitchfalse
* \@reversemarginfalse
* (1in=72.27pt=25.4mm, 1cm=28.453pt)

*geometry* verbose mode - [ newgeometry ] result:
* driver: pdftex
* paper: letterpaper
* layout: <same size as paper>
* layoutoffset:(h,v)=(0.0pt,0.0pt)
* modes: 
* h-part:(L,W,R)=(108.405pt, 397.48499pt, 108.40501pt)
* v-part:(T,H,B)=(72.26999pt, 650.43pt, 72.27pt)
* \paperwidth=614.295pt
* \paperheight=794.96999pt
* \textwidth=397.48499pt
* \textheight=650.43pt
* \oddsidemargin=36.13501pt
* \evensidemargin=36.13501pt
* \topmargin=-37.0pt
* \headheight=12.0pt
* \headsep=25.0pt
* \topskip=10.0pt
* \footskip=30.0pt
* \marginparwidth=65.0pt
* \marginparsep=11.0pt
* \columnsep=10.0pt
* \skip\footins=9.0pt plus 4.0pt minus 2.0pt
* \hoffset=0.0pt
* \voffset=0.0pt
* \mag=1000
* \@twocolumnfalse
* \@twosidefalse
* \@mparswitchfalse
* \@reversemarginfalse
* (1in=72.27pt=25.4mm, 1cm=28.453pt)

\AtBeginShipoutBox=\box56
Package hyperref Info: Link coloring OFF on input line 103.
(/usr/local/texlive/2019/texmf-dist/tex/latex/hyperref/nameref.sty
Package: nameref 2016/05/21 v2.44 Cross-referencing by name of section

(/usr/local/texlive/2019/texmf-dist/tex/generic/oberdiek/gettitlestring.sty
Package: gettitlestring 2016/05/16 v1.5 Cleanup title references (HO)
)
\c@section@level=\count307
)
LaTeX Info: Redefining \ref on input line 103.
LaTeX Info: Redefining \pageref on input line 103.
LaTeX Info: Redefining \nameref on input line 103.

(./neurips_2020.out) (./neurips_2020.out)
\@outlinefile=\write3
\openout3 = `neurips_2020.out'.

LaTeX Info: Redefining \microtypecontext on input line 103.
Package microtype Info: Generating PDF output.
Package microtype Info: Character protrusion enabled (level 2).
Package microtype Info: Using default protrusion set `alltext'.
Package microtype Info: Automatic font expansion enabled (level 2),
(microtype)             stretch: 20, shrink: 20, step: 1, non-selected.
Package microtype Info: Using default expansion set `basictext'.
Package microtype Info: No adjustment of tracking.
Package microtype Info: No adjustment of interword spacing.
Package microtype Info: No adjustment of character kerning.

(/usr/local/texlive/2019/texmf-dist/tex/latex/microtype/mt-ptm.cfg
File: mt-ptm.cfg 2006/04/20 v1.7 microtype config. file: Times (RS)
)
(/usr/local/texlive/2019/texmf-dist/tex/context/base/mkii/supp-pdf.mkii
[Loading MPS to PDF converter (version 2006.09.02).]
\scratchcounter=\count308
\scratchdimen=\dimen179
\scratchbox=\box57
\nofMPsegments=\count309
\nofMParguments=\count310
\everyMPshowfont=\toks30
\MPscratchCnt=\count311
\MPscratchDim=\dimen180
\MPnumerator=\count312
\makeMPintoPDFobject=\count313
\everyMPtoPDFconversion=\toks31
) (/usr/local/texlive/2019/texmf-dist/tex/latex/oberdiek/epstopdf-base.sty
Package: epstopdf-base 2016/05/15 v2.6 Base part for package epstopdf

(/usr/local/texlive/2019/texmf-dist/tex/latex/oberdiek/grfext.sty
Package: grfext 2016/05/16 v1.2 Manage graphics extensions (HO)
)
Package epstopdf-base Info: Redefining graphics rule for `.eps' on input line 4
38.
Package grfext Info: Graphics extension search list:
(grfext)             [.pdf,.png,.jpg,.mps,.jpeg,.jbig2,.jb2,.PDF,.PNG,.JPG,.JPE
G,.JBIG2,.JB2,.eps]
(grfext)             \AppendGraphicsExtensions on input line 456.

(/usr/local/texlive/2019/texmf-dist/tex/latex/latexconfig/epstopdf-sys.cfg
File: epstopdf-sys.cfg 2010/07/13 v1.3 Configuration of (r)epstopdf for TeX Liv
e
))
LaTeX Font Info:    Font shape `T1/ptm/bx/n' in size <17.28> not available
(Font)              Font shape `T1/ptm/b/n' tried instead on input line 106.

(/usr/local/texlive/2019/texmf-dist/tex/latex/microtype/mt-cmr.cfg
File: mt-cmr.cfg 2013/05/19 v2.2 microtype config. file: Computer Modern Roman 
(RS)
)
LaTeX Font Info:    Try loading font information for U+msa on input line 106.

(/usr/local/texlive/2019/texmf-dist/tex/latex/amsfonts/umsa.fd
File: umsa.fd 2013/01/14 v3.01 AMS symbols A
)
(/usr/local/texlive/2019/texmf-dist/tex/latex/microtype/mt-msa.cfg
File: mt-msa.cfg 2006/02/04 v1.1 microtype config. file: AMS symbols (a) (RS)
)
LaTeX Font Info:    Try loading font information for U+msb on input line 106.

(/usr/local/texlive/2019/texmf-dist/tex/latex/amsfonts/umsb.fd
File: umsb.fd 2013/01/14 v3.01 AMS symbols B
)
(/usr/local/texlive/2019/texmf-dist/tex/latex/microtype/mt-msb.cfg
File: mt-msb.cfg 2005/06/01 v1.0 microtype config. file: AMS symbols (b) (RS)
)
LaTeX Font Info:    Font shape `T1/ptm/bx/n' in size <10> not available
(Font)              Font shape `T1/ptm/b/n' tried instead on input line 106.
LaTeX Font Info:    Try loading font information for T1+cmtt on input line 106.


(/usr/local/texlive/2019/texmf-dist/tex/latex/base/t1cmtt.fd
File: t1cmtt.fd 2014/09/29 v2.5h Standard LaTeX font definitions
)
Package microtype Info: Loading generic protrusion settings for font family
(microtype)             `cmtt' (encoding: T1).
(microtype)             For optimal results, create family-specific settings.
(microtype)             See the microtype manual for details.
LaTeX Font Info:    Font shape `T1/ptm/bx/n' in size <12> not available
(Font)              Font shape `T1/ptm/b/n' tried instead on input line 107.
LaTeX Font Info:    Try loading font information for T1+phv on input line 114.

(/usr/local/texlive/2019/texmf-dist/tex/latex/psnfss/t1phv.fd
File: t1phv.fd 2001/06/04 scalable font definitions for T1/phv.
)
Package microtype Info: Loading generic protrusion settings for font family
(microtype)             `phv' (encoding: T1).
(microtype)             For optimal results, create family-specific settings.
(microtype)             See the microtype manual for details.

(./sections/intro.tex
! Undefined control sequence.
<argument> \citeauthoryear 
                           {Li \bgroup et al\mbox .\egroup }{2014}
l.7 ...thods \cite{li2014communication,ho2013more}
                                                   and ADMM-based methods \c...

? 
! Undefined control sequence.
<argument> \citeauthoryear 
                           {Ho \bgroup et al\mbox .\egroup }{2013}
l.7 ...thods \cite{li2014communication,ho2013more}
                                                   and ADMM-based methods \c...

? 
! Undefined control sequence.
<argument> \citeauthoryear 
                           {Zhang, Khalili, and Liu}{2018}
l.7 ...ang2018improving,zhang2016dual,huang2018dp}
                                                  ,
? 
! Undefined control sequence.
<argument> \citeauthoryear 
                           {Zhang and Zhu}{2016}
l.7 ...ang2018improving,zhang2016dual,huang2018dp}
                                                  ,
? 
! Undefined control sequence.
<argument> \citeauthoryear 
                           {Huang \bgroup et al\mbox .\egroup }{2018}
l.7 ...ang2018improving,zhang2016dual,huang2018dp}
                                                  ,
? 
! Undefined control sequence.
<argument> \citeauthoryear 
                           {Vaidya and Clifton}{2002}
l.14 ...\cite{vaidya2002privacy,vaidya2003privacy}
                                                  . A few very recent studie...

? 
! Undefined control sequence.
<argument> \citeauthoryear 
                           {Vaidya and Clifton}{2003}
l.14 ...\cite{vaidya2002privacy,vaidya2003privacy}
                                                  . A few very recent studie...

? 
! Undefined control sequence.
<argument> \citeauthoryear 
                           {Lou and Cheung}{2018}
l.14 ...ving,dai2018privacy,bellet2015distributed}
                                                   have reinvestigated verti...

? 
! Undefined control sequence.
<argument> \citeauthoryear 
                           {Kenthapadi \bgroup et al\mbox .\egroup }{2013}
l.14 ...ving,dai2018privacy,bellet2015distributed}
                                                   have reinvestigated verti...

? 
! Undefined control sequence.
<argument> \citeauthoryear 
                           {Ying, Yuan, and Sayed}{2018}
l.14 ...ving,dai2018privacy,bellet2015distributed}
                                                   have reinvestigated verti...

? 
! Undefined control sequence.
<argument> \citeauthoryear 
                           {Hu \bgroup et al\mbox .\egroup }{2019}
l.14 ...ving,dai2018privacy,bellet2015distributed}
                                                   have reinvestigated verti...

? 
! Undefined control sequence.
<argument> \citeauthoryear 
                           {Heinze-Deml, McWilliams, and Meinshausen}{2018}
l.14 ...ving,dai2018privacy,bellet2015distributed}
                                                   have reinvestigated verti...

? 
! Undefined control sequence.
<argument> \citeauthoryear 
                           {Dai \bgroup et al\mbox .\egroup }{2018}
l.14 ...ving,dai2018privacy,bellet2015distributed}
                                                   have reinvestigated verti...

? 
! Undefined control sequence.
<argument> \citeauthoryear 
                           {Bellet \bgroup et al\mbox .\egroup }{2015}
l.14 ...ving,dai2018privacy,bellet2015distributed}
                                                   have reinvestigated verti...

? 

Underfull \hbox (badness 1668) in paragraph at lines 14--15
[]\T1/ptm/m/n/10 (+20) The mo-ti-va-tion of glean-ing in-sights from ver-ti-cal
ly par-ti-tioned data dates back to as-so-
 []


Underfull \hbox (badness 1389) in paragraph at lines 14--15
\T1/ptm/m/n/10 (+20) ci-a-tion rule min-ing [[], []]. A few very re-cent
 []

[1


{/usr/local/texlive/2019/texmf-var/fonts/map/pdftex/updmap/pdftex.map}]
! Undefined control sequence.
<argument> \citeauthoryear 
                           {Ying, Yuan, and Sayed}{2018}
l.16 ...018supervised,chaudhuri2011differentially}
                                                  . We propose an ADMM-shari...

? 
! Undefined control sequence.
<argument> \citeauthoryear 
                           {Chaudhuri, Monteleoni, and Sarwate}{2011}
l.16 ...018supervised,chaudhuri2011differentially}
                                                  . We propose an ADMM-shari...

? 
! Undefined control sequence.
<argument> \citeauthoryear 
                           {Dwork}{2008}
l.21 ...work2008differential,dwork2014algorithmic}
                                                  . For distributed features...

? 
! Undefined control sequence.
<argument> \citeauthoryear 
                           {Dwork, Roth, and others}{2014}
l.21 ...work2008differential,dwork2014algorithmic}
                                                  . For distributed features...

? 
! Undefined control sequence.
<argument> \citeauthoryear 
                           {Chaudhuri and Monteleoni}{2009}
l.27 ... and Privacy.} \cite{chaudhuri2009privacy}
                                                  
? 
! Undefined control sequence.
<argument> \citeauthoryear 
                           {Shokri and Shmatikov}{2015}
l.28 ...istic regression. \cite{shokri2015privacy}
                                                   applies a variant of SGD ...

? 
! Undefined control sequence.
<argument> \citeauthoryear 
                           {Abadi \bgroup et al\mbox .\egroup }{2016}
l.28 ... its variant with DP. \cite{abadi2016deep}
                                                   provides a stronger diffe...

? 
! Undefined control sequence.
<argument> \citeauthoryear 
                           {Pathak, Rane, and Raj}{2010}
l.28 ...2010multiparty,rajkumar2012differentially}
                                                   apply DP to collaborative...

? 
! Undefined control sequence.
<argument> \citeauthoryear 
                           {Rajkumar and Agarwal}{2012}
l.28 ...2010multiparty,rajkumar2012differentially}
                                                   apply DP to collaborative...

? 
! Undefined control sequence.
<argument> \citeauthoryear 
                           {Zhang, Khalili, and Liu}{2018}
l.28 ...ng2016dual,zhang2019admm,zhang2017dynamic}
                                                  .
? 
! Undefined control sequence.
<argument> \citeauthoryear 
                           {Zhang and Zhu}{2016}
l.28 ...ng2016dual,zhang2019admm,zhang2017dynamic}
                                                  .
? 
! Undefined control sequence.
<argument> \citeauthoryear 
                           {Zhang, Ahmad, and Wang}{2019}
l.28 ...ng2016dual,zhang2019admm,zhang2017dynamic}
                                                  .
? 
! Undefined control sequence.
<argument> \citeauthoryear 
                           {Zhang and Zhu}{2017}
l.28 ...ng2016dual,zhang2019admm,zhang2017dynamic}
                                                  .
? 
! Undefined control sequence.
<argument> \citeauthoryear 
                           {Gilad-Bachrach \bgroup et al\mbox .\egroup }{2016}
l.34 ...nets,takabi2016privacy,kikuchi2018privacy}
                                                   or secret sharing \cite{m...

? 
! Undefined control sequence.
<argument> \citeauthoryear 
                           {Takabi, Hesamifard, and Ghasemi}{2016}
l.34 ...nets,takabi2016privacy,kikuchi2018privacy}
                                                   or secret sharing \cite{m...

? 
! Undefined control sequence.
<argument> \citeauthoryear 
                           {Kikuchi \bgroup et al\mbox .\egroup }{2018}
l.34 ...nets,takabi2016privacy,kikuchi2018privacy}
                                                   or secret sharing \cite{m...

? 
! Undefined control sequence.
<argument> \citeauthoryear 
                           {Mohassel and Zhang}{2017}
l.34 ...7secureml,wan2007privacy,bonte2018privacy}
                                                  , so that models are train...

? 
! Undefined control sequence.
<argument> \citeauthoryear 
                           {Wan \bgroup et al\mbox .\egroup }{2007}
l.34 ...7secureml,wan2007privacy,bonte2018privacy}
                                                  , so that models are train...

? 
! Undefined control sequence.
<argument> \citeauthoryear 
                           {Bonte and Vercauteren}{2018}
l.34 ...7secureml,wan2007privacy,bonte2018privacy}
                                                  , so that models are train...

? 

Underfull \hbox (badness 10000) in paragraph at lines 33--35
[]\T1/ptm/m/n/10 (+20) Another ap-proach to privacy-preserving ma-chine learn-i
ng is through en-cryp-tion
 []


Underfull \hbox (badness 4556) in paragraph at lines 33--35
\T1/ptm/m/n/10 (+20) [[], [], []] or se-
 []


Underfull \hbox (badness 1661) in paragraph at lines 33--35
\T1/ptm/m/n/10 (+20) cret shar-ing [[], [], []], so that
 []

! Undefined control sequence.
<argument> \citeauthoryear 
                           {Gratton \bgroup et al\mbox .\egroup }{2018}
l.37 \cite{gratton2018distributed}
                                   applies ADMM to solve ridge regression.
? 
! Undefined control sequence.
<argument> \citeauthoryear 
                           {Ying, Yuan, and Sayed}{2018}
l.38 \cite{ying2018supervised}
                               proposes a stochastic learning method via var...

? 
! Undefined control sequence.
<argument> \citeauthoryear 
                           {Zhou \bgroup et al\mbox .\egroup }{2016}
l.38 ...ance reduction. \cite{zhou2016convergence}
                                                   proposes a proximal gradi...

? 
! Undefined control sequence.
<argument> \citeauthoryear 
                           {Hu \bgroup et al\mbox .\egroup }{2019}
l.38 ...sider the privacy issue. \cite{hu2019fdml}
                                                   proposes a composite mode...

? 
! Undefined control sequence.
<argument> \citeauthoryear 
                           {Dwork, Roth, and others}{2014}
l.38 ...ochs increases \cite{dwork2014algorithmic}
                                                  . Another closely related ...

? 
! Undefined control sequence.
<argument> \citeauthoryear 
                           {Bellet \bgroup et al\mbox .\egroup }{2015}
l.38 ...\cite{bellet2015distributed,lou2018uplink}
                                                  , which is shown to be eff...

? 
! Undefined control sequence.
<argument> \citeauthoryear 
                           {Lou and Cheung}{2018}
l.38 ...\cite{bellet2015distributed,lou2018uplink}
                                                  , which is shown to be eff...

? 
! Undefined control sequence.
<argument> \citeauthoryear 
                           {Vaidya and Clifton}{2002}
l.41 ... \cite{vaidya2002privacy,dwork2004privacy}
                                                   are among the early studi...

? 
! Undefined control sequence.
<argument> \citeauthoryear 
                           {Dwork and Nissim}{2004}
l.41 ... \cite{vaidya2002privacy,dwork2004privacy}
                                                   are among the early studi...

? 
! Undefined control sequence.
<argument> \citeauthoryear 
                           {Kenthapadi \bgroup et al\mbox .\egroup }{2013}
l.41 ...itioned data. \cite{kenthapadi2013privacy}
                                                   adopts a random-kernel-ba...

? 

Underfull \hbox (badness 10000) in paragraph at lines 41--42
[]\T1/ptm/b/n/10 Querying Ver-ti-cally Par-ti-tioned Data Pri-vately. \T1/ptm/m
/n/10 (+20) [[],
 []


Underfull \hbox (badness 1371) in paragraph at lines 41--42
[]\T1/ptm/m/n/10 (+20) ] are among the early stud-ies that in-ves-ti-gate the p
ri-vacy is-sue of
 []


Underfull \vbox (badness 10000) has occurred while \output is active []

 [2])
(./sections/problem.tex
! Undefined control sequence.
<argument> \citeauthoryear 
                           {Ying, Yuan, and Sayed}{2018}
l.35 ...te{ying2018supervised,zhou2016convergence}
                                                  , ADMM \cite{zhang2016dual...

? 
! Undefined control sequence.
<argument> \citeauthoryear 
                           {Zhou \bgroup et al\mbox .\egroup }{2016}
l.35 ...te{ying2018supervised,zhou2016convergence}
                                                  , ADMM \cite{zhang2016dual...

? 
! Undefined control sequence.
<argument> \citeauthoryear 
                           {Zhang and Zhu}{2016}
l.35 ...MM \cite{zhang2016dual,zhang2018improving}
                                                  , and privacy-preserving m...

? 
! Undefined control sequence.
<argument> \citeauthoryear 
                           {Zhang, Khalili, and Liu}{2018}
l.35 ...MM \cite{zhang2016dual,zhang2018improving}
                                                  , and privacy-preserving m...

? 
! Undefined control sequence.
<argument> \citeauthoryear 
                           {Chaudhuri, Monteleoni, and Sarwate}{2011}
l.35 ...udhuri2011differentially,hamm2016learning}
                                                  , we assume the loss has a...

? 
! Undefined control sequence.
<argument> \citeauthoryear 
                           {Hamm, Cao, and Belkin}{2016}
l.35 ...udhuri2011differentially,hamm2016learning}
                                                  , we assume the loss has a...

? 

Underfull \hbox (badness 3713) in paragraph at lines 35--36
[]\T1/ptm/m/n/10 (+20) Similar to re-cent lit-er-a-ture on dis-tributed ma-chin
e learn-ing [[],
 []


Underfull \hbox (badness 10000) in paragraph at lines 35--36
[]\T1/ptm/m/n/10 (+20) ], ADMM [[], []], and
 []


Underfull \hbox (badness 10000) in paragraph at lines 35--36
\T1/ptm/m/n/10 (+20) privacy-preserving ma-chine learn-ing [[],
 []

) (./sections/algorithm.tex
! Undefined control sequence.
<argument> \citeauthoryear 
                           {Boyd \bgroup et al\mbox .\egroup }{2011}
l.3 ...te{boyd2011distributed,hong2016convergence}
                                                   to solve Problem~\eqref{e...

? 
! Undefined control sequence.
<argument> \citeauthoryear 
                           {Hong, Luo, and Razaviyayn}{2016}
l.3 ...te{boyd2011distributed,hong2016convergence}
                                                   to solve Problem~\eqref{e...

? 
[3]
Package hyperref Info: bookmark level for unknown algorithm defaults to 0 on in
put line 37.
) (./sections/privacy.tex
! Undefined control sequence.
<argument> \citeauthoryear 
                           {Dwork, Roth, and others}{2014}
l.45 ...ite{dwork2014algorithmic,zhou2010security}
                                                   is a notion that ensures ...

? 
! Undefined control sequence.
<argument> \citeauthoryear 
                           {Zhou \bgroup et al\mbox .\egroup }{2010}
l.45 ...ite{dwork2014algorithmic,zhou2010security}
                                                   is a notion that ensures ...

? 
[4]
! Undefined control sequence.
<argument> \citeauthoryear 
                           {Sarwate and Chaudhuri}{2013}
l.112 ...i} is adopted in \cite{sarwate2013signal}
                                                   and \cite{wang2019global}...

? 
! Undefined control sequence.
<argument> \citeauthoryear 
                           {Wang, Yin, and Zeng}{2019}
l.112 ...wate2013signal} and \cite{wang2019global}
                                                  . Assumption \ref{theo:ass...

? 
! Undefined control sequence.
<argument> \citeauthoryear 
                           {Zhang and Zhu}{2017}
l.112 ...6_pri} comes from \cite{zhang2017dynamic}
                                                   and Assumption \ref{theo:...

? 
! Undefined control sequence.
<argument> \citeauthoryear 
                           {Zhang and Zhu}{2017}
l.112 ...7_pri} comes from \cite{zhang2017dynamic}
                                                  
? 
! Undefined control sequence.
<argument> \citeauthoryear 
                           {Sarwate and Chaudhuri}{2013}
l.113 and \cite{sarwate2013signal}
                                  . As a typical method in differential priv...

? 

Underfull \hbox (badness 10000) in paragraph at lines 112--116
\T1/ptm/m/n/10 (+20) Note that As-sump-tion []1[].[]1[] is adopted in [[]] and
 []

[5]
! Undefined control sequence.
<argument> \citeauthoryear 
                           {Dwork, Roth, and others}{2014}
l.165 ...ion theory in \cite{dwork2014algorithmic}
                                                  , we come to a result stat...

? 
) (./sections/experiment.tex
Package epstopdf Info: Source file: <figures/a9a_loss_vs_epoch.eps>
(epstopdf)                    date: 2020-10-13 01:04:02
(epstopdf)                    size: 195288 bytes
(epstopdf)             Output file: <figures/a9a_loss_vs_epoch-eps-converted-to
.pdf>
(epstopdf)                    date: 2020-10-13 01:04:14
(epstopdf)                    size: 11739 bytes
(epstopdf)             Command: <repstopdf --outfile=figures/a9a_loss_vs_epoch-
eps-converted-to.pdf figures/a9a_loss_vs_epoch.eps>
(epstopdf)             \includegraphics on input line 9.
Package epstopdf Info: Output file is already uptodate.
<figures/a9a_loss_vs_epoch-eps-converted-to.pdf, id=240, 887.315pt x 423.5825pt
>
File: figures/a9a_loss_vs_epoch-eps-converted-to.pdf Graphic file (type pdf)
<use figures/a9a_loss_vs_epoch-eps-converted-to.pdf>
Package pdftex.def Info: figures/a9a_loss_vs_epoch-eps-converted-to.pdf  used o
n input line 9.
(pdftex.def)             Requested size: 180.66867pt x 97.56412pt.
Package epstopdf Info: Source file: <figures/a9a_test_loss_vs_epoch_vary_noise.
eps>
(epstopdf)                    date: 2020-10-13 01:03:51
(epstopdf)                    size: 187467 bytes
(epstopdf)             Output file: <figures/a9a_test_loss_vs_epoch_vary_noise-
eps-converted-to.pdf>
(epstopdf)                    date: 2020-10-13 01:17:30
(epstopdf)                    size: 9172 bytes
(epstopdf)             Command: <repstopdf --outfile=figures/a9a_test_loss_vs_e
poch_vary_noise-eps-converted-to.pdf figures/a9a_test_loss_vs_epoch_vary_noise.
eps>
(epstopdf)             \includegraphics on input line 14.
Package epstopdf Info: Output file is already uptodate.
<figures/a9a_test_loss_vs_epoch_vary_noise-eps-converted-to.pdf, id=241, 788.94
75pt x 423.5825pt>
File: figures/a9a_test_loss_vs_epoch_vary_noise-eps-converted-to.pdf Graphic fi
le (type pdf)
<use figures/a9a_test_loss_vs_epoch_vary_noise-eps-converted-to.pdf>
Package pdftex.def Info: figures/a9a_test_loss_vs_epoch_vary_noise-eps-converte
d-to.pdf  used on input line 14.
(pdftex.def)             Requested size: 180.67499pt x 97.0018pt.
Package epstopdf Info: Source file: <figures/gisette_loss_vs_epoch.eps>
(epstopdf)                    date: 2020-10-13 01:03:53
(epstopdf)                    size: 193480 bytes
(epstopdf)             Output file: <figures/gisette_loss_vs_epoch-eps-converte
d-to.pdf>
(epstopdf)                    date: 2020-10-13 01:04:10
(epstopdf)                    size: 11527 bytes
(epstopdf)             Command: <repstopdf --outfile=figures/gisette_loss_vs_ep
och-eps-converted-to.pdf figures/gisette_loss_vs_epoch.eps>
(epstopdf)             \includegraphics on input line 27.
Package epstopdf Info: Output file is already uptodate.
<figures/gisette_loss_vs_epoch-eps-converted-to.pdf, id=242, 778.91pt x 423.582
5pt>
File: figures/gisette_loss_vs_epoch-eps-converted-to.pdf Graphic file (type pdf
)
<use figures/gisette_loss_vs_epoch-eps-converted-to.pdf>
Package pdftex.def Info: figures/gisette_loss_vs_epoch-eps-converted-to.pdf  us
ed on input line 27.
(pdftex.def)             Requested size: 180.67499pt x 98.24922pt.
Package epstopdf Info: Source file: <figures/gisette_test_loss_vs_epoch_vary_no
ise.eps>
(epstopdf)                    date: 2020-10-13 01:03:47
(epstopdf)                    size: 186600 bytes
(epstopdf)             Output file: <figures/gisette_test_loss_vs_epoch_vary_no
ise-eps-converted-to.pdf>
(epstopdf)                    date: 2020-10-13 01:04:04
(epstopdf)                    size: 9447 bytes
(epstopdf)             Command: <repstopdf --outfile=figures/gisette_test_loss_
vs_epoch_vary_noise-eps-converted-to.pdf figures/gisette_test_loss_vs_epoch_var
y_noise.eps>
(epstopdf)             \includegraphics on input line 32.
Package epstopdf Info: Output file is already uptodate.
<figures/gisette_test_loss_vs_epoch_vary_noise-eps-converted-to.pdf, id=243, 78
8.9475pt x 423.5825pt>
File: figures/gisette_test_loss_vs_epoch_vary_noise-eps-converted-to.pdf Graphi
c file (type pdf)
<use figures/gisette_test_loss_vs_epoch_vary_noise-eps-converted-to.pdf>
Package pdftex.def Info: figures/gisette_test_loss_vs_epoch_vary_noise-eps-conv
erted-to.pdf  used on input line 32.
(pdftex.def)             Requested size: 180.67499pt x 97.0018pt.
Package epstopdf Info: Source file: <figures/a9a_test_loss_vs_noise.eps>
(epstopdf)                    date: 2020-10-13 01:03:44
(epstopdf)                    size: 179634 bytes
(epstopdf)             Output file: <figures/a9a_test_loss_vs_noise-eps-convert
ed-to.pdf>
(epstopdf)                    date: 2020-10-13 01:04:12
(epstopdf)                    size: 7134 bytes
(epstopdf)             Command: <repstopdf --outfile=figures/a9a_test_loss_vs_n
oise-eps-converted-to.pdf figures/a9a_test_loss_vs_noise.eps>
(epstopdf)             \includegraphics on input line 45.
Package epstopdf Info: Output file is already uptodate.
<figures/a9a_test_loss_vs_noise-eps-converted-to.pdf, id=244, 778.91pt x 416.55
624pt>
File: figures/a9a_test_loss_vs_noise-eps-converted-to.pdf Graphic file (type pd
f)
<use figures/a9a_test_loss_vs_noise-eps-converted-to.pdf>
Package pdftex.def Info: figures/a9a_test_loss_vs_noise-eps-converted-to.pdf  u
sed on input line 45.
(pdftex.def)             Requested size: 180.67499pt x 96.61949pt.
Package epstopdf Info: Source file: <figures/gisette_test_loss_vs_noise.eps>
(epstopdf)                    date: 2020-10-13 01:03:59
(epstopdf)                    size: 179927 bytes
(epstopdf)             Output file: <figures/gisette_test_loss_vs_noise-eps-con
verted-to.pdf>
(epstopdf)                    date: 2020-10-13 01:17:31
(epstopdf)                    size: 7478 bytes
(epstopdf)             Command: <repstopdf --outfile=figures/gisette_test_loss_
vs_noise-eps-converted-to.pdf figures/gisette_test_loss_vs_noise.eps>
(epstopdf)             \includegraphics on input line 50.
Package epstopdf Info: Output file is already uptodate.
<figures/gisette_test_loss_vs_noise-eps-converted-to.pdf, id=245, 778.91pt x 41
6.55624pt>
File: figures/gisette_test_loss_vs_noise-eps-converted-to.pdf Graphic file (typ
e pdf)
<use figures/gisette_test_loss_vs_noise-eps-converted-to.pdf>
Package pdftex.def Info: figures/gisette_test_loss_vs_noise-eps-converted-to.pd
f  used on input line 50.
(pdftex.def)             Requested size: 180.67499pt x 96.61949pt.

! Undefined control sequence.
<argument> \citeauthoryear 
                           {Dua and Graff}{2017}
l.57 ...amely, \emph{a9a} from UCI \cite{Dua:2019}
                                                   and \emph{giette} \cite{g...

? 
! Undefined control sequence.
<argument> \citeauthoryear 
                           {Guyon \bgroup et al\mbox .\egroup }{2005}
l.57 ...} and \emph{giette} \cite{guyon2005result}
                                                  . We get the datasets from...

? 
! Undefined control sequence.
<argument> \citeauthoryear 
                           {Lib}{}
l.57 ...et the datasets from \cite{Liblinear:2019}
                                                   so that we follow the sam...

? 
! Undefined control sequence.
<argument> \citeauthoryear 
                           {Hu \bgroup et al\mbox .\egroup }{2019}
l.61 ...ed algorithm proposed in \cite{hu2019fdml}
                                                  .
? 
[6]
Underfull \vbox (badness 2150) has occurred while \output is active []

 [7pdfTeX warning (ext4): destination with the same identifier (name{figure.1})
 has been already used, duplicate ignored

\AtBegShi@Output ...ipout \box \AtBeginShipoutBox 
                                                  \fi \fi 
l.70 
     pdfTeX warning (ext4): destination with the same identifier (name{figure.2
}) has been already used, duplicate ignored

\AtBegShi@Output ...ipout \box \AtBeginShipoutBox 
                                                  \fi \fi 
l.70 
      <./figures/a9a_loss_vs_epoch-eps-converted-to.pdf> <./figures/a9a_test_lo
ss_vs_epoch_vary_noise-eps-converted-to.pdf> <./figures/gisette_loss_vs_epoch-e
ps-converted-to.pdf> <./figures/gisette_test_loss_vs_epoch_vary_noise-eps-conve
rted-to.pdf>]) (./sections/conclude.tex) (./neurips_2020.bbl
! Undefined control sequence.
<argument> \protect \citeauthoryear 
                                    {Abadi \bgroup et al\mbox .\egroup }{2016}
l.4   }{2016}]{abadi2016deep}
                             
? 
! Undefined control sequence.
<argument> \protect \citeauthoryear 
                                    {Bellet \bgroup et al\mbox .\egroup }{2015}
l.14   }{2015}]{bellet2015distributed}
                                      
? 
! Undefined control sequence.
<argument> \protect \citeauthoryear 
                                    {Bonte and Vercauteren}{2018}
l.24   Vercauteren}{2018}]{bonte2018privacy}
                                            
? 
! Undefined control sequence.
<argument> \protect \citeauthoryear 
                                    {Boyd \bgroup et al\mbox .\egroup }{2011}
l.31   }{2011}]{boyd2011distributed}
                                    
? 
LaTeX Font Info:    Try loading font information for OMS+ptm on input line 36.
(/usr/local/texlive/2019/texmf-dist/tex/latex/psnfss/omsptm.fd
File: omsptm.fd 
)
LaTeX Font Info:    Font shape `OMS/ptm/m/it' in size <10> not available
(Font)              Font shape `OMS/cmsy/m/n' tried instead on input line 36.
LaTeX Font Info:    Font shape `OMS/ptm/m/n' in size <10> not available
(Font)              Font shape `OMS/cmsy/m/n' tried instead on input line 36.

! Undefined control sequence.
<argument> \protect \citeauthoryear 
                                    {Chaudhuri and Monteleoni}{2009}
l.40   Monteleoni}{2009}]{chaudhuri2009privacy}
                                               
? 
! Undefined control sequence.
<argument> \protect \citeauthoryear 
                                    {Chaudhuri, Monteleoni, and Sarwate}{2011}
l.48 ...rwate}{2011}]{chaudhuri2011differentially}
                                                  
? 
! Undefined control sequence.
<argument> \protect \citeauthoryear 
                                    {Dai \bgroup et al\mbox .\egroup }{2018}
l.55   }{2018}]{dai2018privacy}
                               
? 
! Undefined control sequence.
<argument> \protect \citeauthoryear 
                                    {Dua and Graff}{2017}
l.62 ...authoryear{Dua and Graff}{2017}]{Dua:2019}
                                                  
? 
! Undefined control sequence.
<argument> \protect \citeauthoryear 
                                    {Dwork and Nissim}{2004}
l.67 ...Dwork and Nissim}{2004}]{dwork2004privacy}
                                                  
? 
! Undefined control sequence.
<argument> \protect \citeauthoryear 
                                    {Dwork, Roth, and others}{2014}
l.75   others}{2014}]{dwork2014algorithmic}
                                           
? 
[8pdfTeX warning (ext4): destination with the same identifier (name{figure.3}) 
has been already used, duplicate ignored

\AtBegShi@Output ...ipout \box \AtBeginShipoutBox 
                                                  \fi \fi 
l.81 
      <./figures/a9a_test_loss_vs_noise-eps-converted-to.pdf> <./figures/gisett
e_test_loss_vs_noise-eps-converted-to.pdf>]
! Undefined control sequence.
<argument> \protect \citeauthoryear 
                                    {Dwork}{2008}
l.82 ...ryear{Dwork}{2008}]{dwork2008differential}
                                                  
? 
! Undefined control sequence.
<argument> \protect \citeauthoryear 
                                    {Gilad-Bachrach \bgroup et al\mbox .\egr...
l.91   }{2016}]{gilad2016cryptonets}
                                    
? 
! Undefined control sequence.
<argument> \protect \citeauthoryear 
                                    {Gratton \bgroup et al\mbox .\egroup }{2...
l.100   }{2018}]{gratton2018distributed}
                                        
? 
! Undefined control sequence.
<argument> \protect \citeauthoryear 
                                    {Guyon \bgroup et al\mbox .\egroup }{2005}
l.109   }{2005}]{guyon2005result}
                                 
? 
! Undefined control sequence.
<argument> \protect \citeauthoryear 
                                    {Hamm, Cao, and Belkin}{2016}
l.117   Belkin}{2016}]{hamm2016learning}
                                        
? 
! Undefined control sequence.
<argument> \protect \citeauthoryear 
                                    {Heinze-Deml, McWilliams, and Meinshause...
l.124   Meinshausen}{2018}]{heinze2017preserving}
                                                 
? 
! Undefined control sequence.
<argument> \protect \citeauthoryear 
                                    {Ho \bgroup et al\mbox .\egroup }{2013}
l.132   }{2013}]{ho2013more}
                            
? 
! Undefined control sequence.
<argument> \protect \citeauthoryear 
                                    {Hong, Luo, and Razaviyayn}{2016}
l.142   Razaviyayn}{2016}]{hong2016convergence}
                                               
? 
! Undefined control sequence.
<argument> \protect \citeauthoryear 
                                    {Hu \bgroup et al\mbox .\egroup }{2019}
l.150   }{2019}]{hu2019fdml}
                            
? 
! Undefined control sequence.
<argument> \protect \citeauthoryear 
                                    {Huang \bgroup et al\mbox .\egroup }{2018}
l.159   }{2018}]{huang2018dp}
                             
? 
! Undefined control sequence.
<argument> \protect \citeauthoryear 
                                    {Kenthapadi \bgroup et al\mbox .\egroup ...
l.166   }{2013}]{kenthapadi2013privacy}
                                       
? 
! Undefined control sequence.
<argument> \protect \citeauthoryear 
                                    {Kikuchi \bgroup et al\mbox .\egroup }{2...
l.173   }{2018}]{kikuchi2018privacy}
                                    
? 
! Undefined control sequence.
<argument> \protect \citeauthoryear 
                                    {Li \bgroup et al\mbox .\egroup }{2014}
l.182   }{2014}]{li2014communication}
                                     
? 
! Undefined control sequence.
<argument> \protect \citeauthoryear 
                                    {Lib}{}
l.189 ...ct\citeauthoryear{Lib}{}]{Liblinear:2019}
                                                  
? 
! Undefined control sequence.
<argument> \protect \citeauthoryear 
                                    {Lou and Cheung}{2018}
l.195 ...ear{Lou and Cheung}{2018}]{lou2018uplink}
                                                  
? 
! Undefined control sequence.
<argument> \protect \citeauthoryear 
                                    {Mohassel and Zhang}{2017}
l.203   Zhang}{2017}]{mohassel2017secureml}
                                           
? 
! Undefined control sequence.
<argument> \protect \citeauthoryear 
                                    {Pathak, Rane, and Raj}{2010}
l.212   Raj}{2010}]{pathak2010multiparty}
                                         
? 
! Undefined control sequence.
<argument> \protect \citeauthoryear 
                                    {Rajkumar and Agarwal}{2012}
l.221 ...arwal}{2012}]{rajkumar2012differentially}
                                                  
? 
! Undefined control sequence.
<argument> \protect \citeauthoryear 
                                    {Sarwate and Chaudhuri}{2013}
l.229   Chaudhuri}{2013}]{sarwate2013signal}
                                            
? 
! Undefined control sequence.
<argument> \protect \citeauthoryear 
                                    {Shokri and Shmatikov}{2015}
l.237   Shmatikov}{2015}]{shokri2015privacy}
                                            
? 
[9]
! Undefined control sequence.
<argument> \protect \citeauthoryear 
                                    {Takabi, Hesamifard, and Ghasemi}{2016}
l.246   Ghasemi}{2016}]{takabi2016privacy}
                                          
? 
! Undefined control sequence.
<argument> \protect \citeauthoryear 
                                    {Vaidya and Clifton}{2002}
l.254 ...ya and Clifton}{2002}]{vaidya2002privacy}
                                                  
? 
! Undefined control sequence.
<argument> \protect \citeauthoryear 
                                    {Vaidya and Clifton}{2003}
l.263 ...ya and Clifton}{2003}]{vaidya2003privacy}
                                                  
? 
! Undefined control sequence.
<argument> \protect \citeauthoryear 
                                    {Wan \bgroup et al\mbox .\egroup }{2007}
l.273   }{2007}]{wan2007privacy}
                                
? 
! Undefined control sequence.
<argument> \protect \citeauthoryear 
                                    {Wang, Yin, and Zeng}{2019}
l.281 ...ng, Yin, and Zeng}{2019}]{wang2019global}
                                                  
? 
! Undefined control sequence.
<argument> \protect \citeauthoryear 
                                    {Ying, Yuan, and Sayed}{2018}
l.288   Sayed}{2018}]{ying2018supervised}
                                         
? 
! Undefined control sequence.
<argument> \protect \citeauthoryear 
                                    {Zhang, Ahmad, and Wang}{2019}
l.294 ...g, Ahmad, and Wang}{2019}]{zhang2019admm}
                                                  
? 
! Undefined control sequence.
<argument> \protect \citeauthoryear 
                                    {Zhang and Zhu}{2016}
l.301 ...year{Zhang and Zhu}{2016}]{zhang2016dual}
                                                  
? 
! Undefined control sequence.
<argument> \protect \citeauthoryear 
                                    {Zhang and Zhu}{2017}
l.310 ...r{Zhang and Zhu}{2017}]{zhang2017dynamic}
                                                  
? 
! Undefined control sequence.
<argument> \protect \citeauthoryear 
                                    {Zhang, Khalili, and Liu}{2018}
l.319   Liu}{2018}]{zhang2018improving}
                                       
? 
! Undefined control sequence.
<argument> \protect \citeauthoryear 
                                    {Zhou \bgroup et al\mbox .\egroup }{2010}
l.327   }{2010}]{zhou2010security}
                                  
? 
! Undefined control sequence.
<argument> \protect \citeauthoryear 
                                    {Zhou \bgroup et al\mbox .\egroup }{2016}
l.336   }{2016}]{zhou2016convergence}
                                     
? 
) [10] (./sections/supplement.tex (./sections/proof_privacy.tex
Overfull \hbox (14.42796pt too wide) in alignment at lines 38--97
 [][][] []
 []


Overfull \hbox (18.87238pt too wide) in alignment at lines 99--122
 [][][] []
 []


Underfull \vbox (badness 1199) has occurred while \output is active []

 [11


]
Overfull \hbox (5.7169pt too wide) in alignment at lines 196--219
 [][][] []
 []


Underfull \vbox (badness 10000) has occurred while \output is active []

 [12]
[13]))
Package atveryend Info: Empty hook `BeforeClearDocument' on input line 131.
 [14]
Package atveryend Info: Empty hook `AfterLastShipout' on input line 131.
 (./neurips_2020.aux)
Package atveryend Info: Executing hook `AtVeryEndDocument' on input line 131.
Package atveryend Info: Executing hook `AtEndAfterFileList' on input line 131.
Package rerunfilecheck Info: File `neurips_2020.out' has not changed.
(rerunfilecheck)             Checksum: 959FA48FBB9D404962F7E706DC258BF4;609.


LaTeX Warning: Label(s) may have changed. Rerun to get cross-references right.

Package atveryend Info: Empty hook `AtVeryVeryEnd' on input line 131.
 ) 
Here is how much of TeX's memory you used:
 20790 strings out of 492609
 361758 string characters out of 6129048
 641861 words of memory out of 5000000
 24153 multiletter control sequences out of 15000+600000
 580561 words of font info for 184 fonts, out of 8000000 for 9000
 1141 hyphenation exceptions out of 8191
 47i,14n,65p,1389b,492s stack positions out of 5000i,500n,10000p,200000b,80000s
{/usr/local/texlive/2019/texmf-dist/fonts/enc/dvips/base/8r.enc}{/usr/local/t
exlive/2019/texmf-dist/fonts/enc/dvips/cm-super/cm-super-t1.enc}</usr/local/tex
live/2019/texmf-dist/fonts/type1/public/amsfonts/cm/cmex10.pfb></usr/local/texl
ive/2019/texmf-dist/fonts/type1/public/amsfonts/cm/cmmi10.pfb></usr/local/texli
ve/2019/texmf-dist/fonts/type1/public/amsfonts/cm/cmmi5.pfb></usr/local/texlive
/2019/texmf-dist/fonts/type1/public/amsfonts/cm/cmmi7.pfb></usr/local/texlive/2
019/texmf-dist/fonts/type1/public/amsfonts/cm/cmr10.pfb></usr/local/texlive/201
9/texmf-dist/fonts/type1/public/amsfonts/cm/cmr17.pfb></usr/local/texlive/2019/
texmf-dist/fonts/type1/public/amsfonts/cm/cmr5.pfb></usr/local/texlive/2019/tex
mf-dist/fonts/type1/public/amsfonts/cm/cmr7.pfb></usr/local/texlive/2019/texmf-
dist/fonts/type1/public/amsfonts/cm/cmss17.pfb></usr/local/texlive/2019/texmf-d
ist/fonts/type1/public/amsfonts/cm/cmsy10.pfb></usr/local/texlive/2019/texmf-di
st/fonts/type1/public/amsfonts/cm/cmsy5.pfb></usr/local/texlive/2019/texmf-dist
/fonts/type1/public/amsfonts/cm/cmsy7.pfb></usr/local/texlive/2019/texmf-dist/f
onts/type1/public/amsfonts/symbols/msam10.pfb></usr/local/texlive/2019/texmf-di
st/fonts/type1/public/amsfonts/symbols/msbm10.pfb></usr/local/texlive/2019/texm
f-dist/fonts/type1/public/amsfonts/symbols/msbm7.pfb></usr/local/texlive/2019/t
exmf-dist/fonts/type1/public/cm-super/sftt1000.pfb></usr/local/texlive/2019/tex
mf-dist/fonts/type1/urw/helvetic/uhvr8a.pfb></usr/local/texlive/2019/texmf-dist
/fonts/type1/urw/times/utmb8a.pfb></usr/local/texlive/2019/texmf-dist/fonts/typ
e1/urw/times/utmr8a.pfb></usr/local/texlive/2019/texmf-dist/fonts/type1/urw/tim
es/utmri8a.pfb>
Output written on neurips_2020.pdf (14 pages, 299516 bytes).
PDF statistics:
 465 PDF objects out of 1000 (max. 8388607)
 418 compressed objects within 5 object streams
 113 named destinations out of 1000 (max. 500000)
 25711 words of extra memory for PDF output out of 29859 (max. 10000000)

