Using default parameters in config
Initializing...
32561 size feature 1
32561 size feature 66
32561 size feature 57
workers 0 start in iter 0
workers 0 done in iter 0
workers 1 start in iter 0
workers 1 done in iter 0
server iter 0 start
server iter 0 done
--Iteration: 0, train_logloss: 0.6931, train_obj: 0.6931, test_logloss: 0.6931, time(x, z): 0.03/2.16, eplapsed: 2.19, ETA: 107.47
workers 0 start in iter 1
workers 0 done in iter 1
workers 1 start in iter 1
workers 1 done in iter 1
server iter 1 start
server iter 1 done
--Iteration: 1, train_logloss: 0.5959, train_obj: 0.5983, test_logloss: 0.5954, time(x, z): 0.27/2.32, eplapsed: 5.00, ETA: 119.90
workers 0 start in iter 2
workers 0 done in iter 2
workers 1 start in iter 2
workers 1 done in iter 2
server iter 2 start
server iter 2 done
--Iteration: 2, train_logloss: 0.5155, train_obj: 0.5259, test_logloss: 0.5147, time(x, z): 0.20/2.26, eplapsed: 7.63, ETA: 119.48
workers 0 start in iter 3
workers 0 done in iter 3
workers 1 start in iter 3
workers 1 done in iter 3
server iter 3 start
server iter 3 done
--Iteration: 3, train_logloss: 0.4581, train_obj: 0.4816, test_logloss: 0.4570, time(x, z): 0.20/2.24, eplapsed: 10.22, ETA: 117.51
workers 0 start in iter 4
workers 0 done in iter 4
workers 1 start in iter 4
workers 1 done in iter 4
server iter 4 start
server iter 4 done
--Iteration: 4, train_logloss: 0.4203, train_obj: 0.4605, test_logloss: 0.4191, time(x, z): 0.20/2.22, eplapsed: 12.78, ETA: 115.04
workers 0 start in iter 5
workers 0 done in iter 5
workers 1 start in iter 5
workers 1 done in iter 5
server iter 5 start
server iter 5 done
--Iteration: 5, train_logloss: 0.3950, train_obj: 0.4546, test_logloss: 0.3938, time(x, z): 0.16/2.26, eplapsed: 15.34, ETA: 112.53
workers 0 start in iter 6
workers 0 done in iter 6
workers 1 start in iter 6
workers 1 done in iter 6
server iter 6 start
server iter 6 done
--Iteration: 6, train_logloss: 0.3777, train_obj: 0.4567, test_logloss: 0.3766, time(x, z): 0.14/2.27, eplapsed: 17.84, ETA: 109.57
workers 0 start in iter 7
workers 0 done in iter 7
workers 1 start in iter 7
workers 1 done in iter 7
server iter 7 start
server iter 7 done
--Iteration: 7, train_logloss: 0.3656, train_obj: 0.4648, test_logloss: 0.3646, time(x, z): 0.14/2.27, eplapsed: 20.33, ETA: 106.72
workers 0 start in iter 8
workers 0 done in iter 8
workers 1 start in iter 8
workers 1 done in iter 8
server iter 8 start
server iter 8 done
--Iteration: 8, train_logloss: 0.3570, train_obj: 0.4761, test_logloss: 0.3561, time(x, z): 0.12/2.30, eplapsed: 22.85, ETA: 104.10
workers 0 start in iter 9
workers 0 done in iter 9
workers 1 start in iter 9
workers 1 done in iter 9
server iter 9 start
server iter 9 done
--Iteration: 9, train_logloss: 0.3507, train_obj: 0.4892, test_logloss: 0.3499, time(x, z): 0.18/2.36, eplapsed: 25.52, ETA: 102.07
workers 0 start in iter 10
workers 0 done in iter 10
workers 1 start in iter 10
workers 1 done in iter 10
server iter 10 start
server iter 10 done
--Iteration: 10, train_logloss: 0.3459, train_obj: 0.5030, test_logloss: 0.3453, time(x, z): 0.17/2.15, eplapsed: 27.92, ETA: 98.99
workers 0 start in iter 11
workers 0 done in iter 11
workers 1 start in iter 11
workers 1 done in iter 11
server iter 11 start
server iter 11 done
--Iteration: 11, train_logloss: 0.3422, train_obj: 0.5169, test_logloss: 0.3417, time(x, z): 0.13/2.35, eplapsed: 30.48, ETA: 96.50
workers 0 start in iter 12
workers 0 done in iter 12
workers 1 start in iter 12
workers 1 done in iter 12
server iter 12 start
server iter 12 done
--Iteration: 12, train_logloss: 0.3394, train_obj: 0.5306, test_logloss: 0.3391, time(x, z): 0.14/2.35, eplapsed: 33.07, ETA: 94.11
workers 0 start in iter 13
workers 0 done in iter 13
workers 1 start in iter 13
workers 1 done in iter 13
server iter 13 start
server iter 13 done
--Iteration: 13, train_logloss: 0.3372, train_obj: 0.5439, test_logloss: 0.3370, time(x, z): 0.14/2.36, eplapsed: 35.66, ETA: 91.69
workers 0 start in iter 14
workers 0 done in iter 14
workers 1 start in iter 14
workers 1 done in iter 14
server iter 14 start
server iter 14 done
--Iteration: 14, train_logloss: 0.3355, train_obj: 0.5564, test_logloss: 0.3353, time(x, z): 0.14/2.37, eplapsed: 38.26, ETA: 89.28
workers 0 start in iter 15
workers 0 done in iter 15
workers 1 start in iter 15
workers 1 done in iter 15
server iter 15 start
server iter 15 done
--Iteration: 15, train_logloss: 0.3341, train_obj: 0.5682, test_logloss: 0.3340, time(x, z): 0.13/2.38, eplapsed: 40.86, ETA: 86.82
workers 0 start in iter 16
workers 0 done in iter 16
workers 1 start in iter 16
workers 1 done in iter 16
server iter 16 start
server iter 16 done
--Iteration: 16, train_logloss: 0.3329, train_obj: 0.5793, test_logloss: 0.3329, time(x, z): 0.13/2.38, eplapsed: 43.46, ETA: 84.36
workers 0 start in iter 17
workers 0 done in iter 17
workers 1 start in iter 17
workers 1 done in iter 17
server iter 17 start
server iter 17 done
--Iteration: 17, train_logloss: 0.3320, train_obj: 0.5897, test_logloss: 0.3321, time(x, z): 0.13/2.19, eplapsed: 45.86, ETA: 81.53
workers 0 start in iter 18
workers 0 done in iter 18
workers 1 start in iter 18
workers 1 done in iter 18
server iter 18 start
server iter 18 done
--Iteration: 18, train_logloss: 0.3312, train_obj: 0.5994, test_logloss: 0.3313, time(x, z): 0.13/2.38, eplapsed: 48.47, ETA: 79.09
workers 0 start in iter 19
workers 0 done in iter 19
workers 1 start in iter 19
workers 1 done in iter 19
server iter 19 start
server iter 19 done
--Iteration: 19, train_logloss: 0.3305, train_obj: 0.6084, test_logloss: 0.3307, time(x, z): 0.18/2.25, eplapsed: 51.03, ETA: 76.55
workers 0 start in iter 20
workers 0 done in iter 20
workers 1 start in iter 20
workers 1 done in iter 20
server iter 20 start
server iter 20 done
--Iteration: 20, train_logloss: 0.3299, train_obj: 0.6170, test_logloss: 0.3302, time(x, z): 0.14/2.39, eplapsed: 53.65, ETA: 74.08
workers 0 start in iter 21
workers 0 done in iter 21
workers 1 start in iter 21
workers 1 done in iter 21
server iter 21 start
server iter 21 done
--Iteration: 21, train_logloss: 0.3294, train_obj: 0.6250, test_logloss: 0.3297, time(x, z): 0.14/2.39, eplapsed: 56.26, ETA: 71.61
workers 0 start in iter 22
workers 0 done in iter 22
workers 1 start in iter 22
workers 1 done in iter 22
server iter 22 start
server iter 22 done
--Iteration: 22, train_logloss: 0.3289, train_obj: 0.6326, test_logloss: 0.3293, time(x, z): 0.14/2.40, eplapsed: 58.89, ETA: 69.14
workers 0 start in iter 23
workers 0 done in iter 23
workers 1 start in iter 23
workers 1 done in iter 23
server iter 23 start
server iter 23 done
--Iteration: 23, train_logloss: 0.3285, train_obj: 0.6398, test_logloss: 0.3289, time(x, z): 0.11/2.40, eplapsed: 61.49, ETA: 66.61
workers 0 start in iter 24
workers 0 done in iter 24
workers 1 start in iter 24
workers 1 done in iter 24
server iter 24 start
server iter 24 done
--Iteration: 24, train_logloss: 0.3281, train_obj: 0.6466, test_logloss: 0.3286, time(x, z): 0.13/2.40, eplapsed: 64.11, ETA: 64.11
workers 0 start in iter 25
workers 0 done in iter 25
workers 1 start in iter 25
workers 1 done in iter 25
server iter 25 start
server iter 25 done
--Iteration: 25, train_logloss: 0.3278, train_obj: 0.6532, test_logloss: 0.3283, time(x, z): 0.12/2.40, eplapsed: 66.69, ETA: 61.56
workers 0 start in iter 26
workers 0 done in iter 26
workers 1 start in iter 26
workers 1 done in iter 26
server iter 26 start
server iter 26 done
--Iteration: 26, train_logloss: 0.3275, train_obj: 0.6595, test_logloss: 0.3280, time(x, z): 0.12/2.40, eplapsed: 69.29, ETA: 59.03
workers 0 start in iter 27
workers 0 done in iter 27
workers 1 start in iter 27
workers 1 done in iter 27
server iter 27 start
server iter 27 done
--Iteration: 27, train_logloss: 0.3272, train_obj: 0.6655, test_logloss: 0.3277, time(x, z): 0.10/2.40, eplapsed: 71.87, ETA: 56.47
workers 0 start in iter 28
workers 0 done in iter 28
workers 1 start in iter 28
workers 1 done in iter 28
server iter 28 start
server iter 28 done
--Iteration: 28, train_logloss: 0.3270, train_obj: 0.6714, test_logloss: 0.3275, time(x, z): 0.12/2.41, eplapsed: 74.49, ETA: 53.94
workers 0 start in iter 29
workers 0 done in iter 29
workers 1 start in iter 29
workers 1 done in iter 29
server iter 29 start
server iter 29 done
--Iteration: 29, train_logloss: 0.3267, train_obj: 0.6771, test_logloss: 0.3273, time(x, z): 0.13/2.42, eplapsed: 77.11, ETA: 51.41
workers 0 start in iter 30
workers 0 done in iter 30
workers 1 start in iter 30
workers 1 done in iter 30
server iter 30 start
server iter 30 done
--Iteration: 30, train_logloss: 0.3265, train_obj: 0.6826, test_logloss: 0.3271, time(x, z): 0.13/2.41, eplapsed: 79.75, ETA: 48.88
workers 0 start in iter 31
workers 0 done in iter 31
workers 1 start in iter 31
workers 1 done in iter 31
server iter 31 start
server iter 31 done
--Iteration: 31, train_logloss: 0.3263, train_obj: 0.6880, test_logloss: 0.3270, time(x, z): 0.11/2.41, eplapsed: 82.36, ETA: 46.33
workers 0 start in iter 32
workers 0 done in iter 32
workers 1 start in iter 32
workers 1 done in iter 32
server iter 32 start
server iter 32 done
--Iteration: 32, train_logloss: 0.3261, train_obj: 0.6933, test_logloss: 0.3268, time(x, z): 0.12/2.41, eplapsed: 84.98, ETA: 43.78
workers 0 start in iter 33
workers 0 done in iter 33
workers 1 start in iter 33
workers 1 done in iter 33
server iter 33 start
server iter 33 done
--Iteration: 33, train_logloss: 0.3260, train_obj: 0.6985, test_logloss: 0.3267, time(x, z): 0.14/2.41, eplapsed: 87.60, ETA: 41.23
workers 0 start in iter 34
workers 0 done in iter 34
workers 1 start in iter 34
workers 1 done in iter 34
server iter 34 start
server iter 34 done
--Iteration: 34, train_logloss: 0.3258, train_obj: 0.7036, test_logloss: 0.3265, time(x, z): 0.10/2.42, eplapsed: 90.21, ETA: 38.66
workers 0 start in iter 35
workers 0 done in iter 35
workers 1 start in iter 35
workers 1 done in iter 35
server iter 35 start
server iter 35 done
--Iteration: 35, train_logloss: 0.3257, train_obj: 0.7085, test_logloss: 0.3264, time(x, z): 0.10/2.42, eplapsed: 92.80, ETA: 36.09
workers 0 start in iter 36
workers 0 done in iter 36
workers 1 start in iter 36
workers 1 done in iter 36
server iter 36 start
server iter 36 done
--Iteration: 36, train_logloss: 0.3255, train_obj: 0.7132, test_logloss: 0.3263, time(x, z): 0.10/2.42, eplapsed: 95.38, ETA: 33.51
workers 0 start in iter 37
workers 0 done in iter 37
workers 1 start in iter 37
workers 1 done in iter 37
server iter 37 start
server iter 37 done
--Iteration: 37, train_logloss: 0.3254, train_obj: 0.7179, test_logloss: 0.3262, time(x, z): 0.14/2.43, eplapsed: 98.01, ETA: 30.95
workers 0 start in iter 38
workers 0 done in iter 38
workers 1 start in iter 38
workers 1 done in iter 38
server iter 38 start
server iter 38 done
--Iteration: 38, train_logloss: 0.3253, train_obj: 0.7225, test_logloss: 0.3261, time(x, z): 0.11/2.41, eplapsed: 100.59, ETA: 28.37
workers 0 start in iter 39
workers 0 done in iter 39
workers 1 start in iter 39
workers 1 done in iter 39
server iter 39 start
server iter 39 done
--Iteration: 39, train_logloss: 0.3251, train_obj: 0.7270, test_logloss: 0.3260, time(x, z): 0.10/2.42, eplapsed: 103.19, ETA: 25.80
workers 0 start in iter 40
workers 0 done in iter 40
workers 1 start in iter 40
workers 1 done in iter 40
server iter 40 start
server iter 40 done
--Iteration: 40, train_logloss: 0.3250, train_obj: 0.7315, test_logloss: 0.3259, time(x, z): 0.14/2.42, eplapsed: 105.81, ETA: 23.23
workers 0 start in iter 41
workers 0 done in iter 41
workers 1 start in iter 41
workers 1 done in iter 41
server iter 41 start
server iter 41 done
--Iteration: 41, train_logloss: 0.3249, train_obj: 0.7358, test_logloss: 0.3258, time(x, z): 0.10/2.24, eplapsed: 108.22, ETA: 20.61
workers 0 start in iter 42
workers 0 done in iter 42
workers 1 start in iter 42
workers 1 done in iter 42
server iter 42 start
server iter 42 done
--Iteration: 42, train_logloss: 0.3248, train_obj: 0.7401, test_logloss: 0.3257, time(x, z): 0.09/2.23, eplapsed: 110.63, ETA: 18.01
workers 0 start in iter 43
workers 0 done in iter 43
workers 1 start in iter 43
workers 1 done in iter 43
server iter 43 start
server iter 43 done
--Iteration: 43, train_logloss: 0.3247, train_obj: 0.7443, test_logloss: 0.3257, time(x, z): 0.12/2.42, eplapsed: 113.24, ETA: 15.44
workers 0 start in iter 44
workers 0 done in iter 44
workers 1 start in iter 44
workers 1 done in iter 44
server iter 44 start
server iter 44 done
--Iteration: 44, train_logloss: 0.3247, train_obj: 0.7483, test_logloss: 0.3256, time(x, z): 0.10/2.43, eplapsed: 115.83, ETA: 12.87
workers 0 start in iter 45
workers 0 done in iter 45
workers 1 start in iter 45
workers 1 done in iter 45
server iter 45 start
server iter 45 done
--Iteration: 45, train_logloss: 0.3246, train_obj: 0.7523, test_logloss: 0.3255, time(x, z): 0.12/2.42, eplapsed: 118.44, ETA: 10.30
workers 0 start in iter 46
workers 0 done in iter 46
workers 1 start in iter 46
workers 1 done in iter 46
server iter 46 start
server iter 46 done
--Iteration: 46, train_logloss: 0.3245, train_obj: 0.7562, test_logloss: 0.3255, time(x, z): 0.11/2.44, eplapsed: 121.07, ETA: 7.73
workers 0 start in iter 47
workers 0 done in iter 47
workers 1 start in iter 47
workers 1 done in iter 47
server iter 47 start
server iter 47 done
--Iteration: 47, train_logloss: 0.3244, train_obj: 0.7602, test_logloss: 0.3254, time(x, z): 0.13/2.42, eplapsed: 123.68, ETA: 5.15
workers 0 start in iter 48
workers 0 done in iter 48
workers 1 start in iter 48
workers 1 done in iter 48
server iter 48 start
server iter 48 done
--Iteration: 48, train_logloss: 0.3244, train_obj: 0.7640, test_logloss: 0.3254, time(x, z): 0.09/2.42, eplapsed: 126.28, ETA: 2.58
workers 0 start in iter 49
workers 0 done in iter 49
workers 1 start in iter 49
workers 1 done in iter 49
server iter 49 start
server iter 49 done
--Iteration: 49, train_logloss: 0.3243, train_obj: 0.7679, test_logloss: 0.3253, time(x, z): 0.10/2.44, eplapsed: 128.87, ETA: 0.00
Total elapsed time 124.41
