Using default parameters in config
Initializing...
32561 size feature 1
32561 size feature 66
32561 size feature 57
server iter 0 start
server iter 0 done
--Iteration: 0, train_logloss: 0.5712, train_obj: 0.5712, test_logloss: 0.6931, time(x, z): 0.03/2.23, eplapsed: 2.27, ETA: 224.29
server iter 1 start
server iter 1 done
--Iteration: 1, train_logloss: 0.6080, train_obj: 0.6089, test_logloss: 0.5483, time(x, z): 0.55/2.42, eplapsed: 5.65, ETA: 276.83
server iter 2 start
server iter 2 done
--Iteration: 2, train_logloss: 0.6135, train_obj: 0.6149, test_logloss: 0.5775, time(x, z): 0.50/2.44, eplapsed: 9.00, ETA: 291.00
server iter 3 start
server iter 3 done
--Iteration: 3, train_logloss: 0.6795, train_obj: 0.6817, test_logloss: 0.5835, time(x, z): 0.41/2.57, eplapsed: 12.34, ETA: 296.09
server iter 4 start
server iter 4 done
--Iteration: 4, train_logloss: 0.8005, train_obj: 0.8038, test_logloss: 0.6417, time(x, z): 0.30/2.60, eplapsed: 15.48, ETA: 294.17
server iter 5 start
server iter 5 done
--Iteration: 5, train_logloss: 0.9069, train_obj: 0.9108, test_logloss: 0.7588, time(x, z): 0.52/2.56, eplapsed: 18.92, ETA: 296.34
server iter 6 start
server iter 6 done
--Iteration: 6, train_logloss: 0.8203, train_obj: 0.8251, test_logloss: 0.8591, time(x, z): 0.25/2.66, eplapsed: 22.07, ETA: 293.23
server iter 7 start
server iter 7 done
--Iteration: 7, train_logloss: 0.7968, train_obj: 0.8024, test_logloss: 0.7765, time(x, z): 0.23/2.43, eplapsed: 24.92, ETA: 286.59
server iter 8 start
server iter 8 done
--Iteration: 8, train_logloss: 0.7255, train_obj: 0.7321, test_logloss: 0.7548, time(x, z): 0.29/2.34, eplapsed: 27.79, ETA: 280.99
server iter 9 start
server iter 9 done
--Iteration: 9, train_logloss: 0.6939, train_obj: 0.7011, test_logloss: 0.6860, time(x, z): 0.36/2.42, eplapsed: 30.90, ETA: 278.08
server iter 10 start
server iter 10 done
--Iteration: 10, train_logloss: 0.6854, train_obj: 0.6922, test_logloss: 0.6540, time(x, z): 0.53/2.49, eplapsed: 34.17, ETA: 276.48
server iter 11 start
server iter 11 done
--Iteration: 11, train_logloss: 0.7487, train_obj: 0.7560, test_logloss: 0.6488, time(x, z): 0.38/2.40, eplapsed: 37.27, ETA: 273.34
server iter 12 start
server iter 12 done
--Iteration: 12, train_logloss: 0.7955, train_obj: 0.8039, test_logloss: 0.7053, time(x, z): 0.29/2.31, eplapsed: 40.13, ETA: 268.58
server iter 13 start
server iter 13 done
--Iteration: 13, train_logloss: 1.2680, train_obj: 1.2777, test_logloss: 0.7497, time(x, z): 0.31/2.23, eplapsed: 42.90, ETA: 263.53
server iter 14 start
server iter 14 done
--Iteration: 14, train_logloss: 1.3540, train_obj: 1.3650, test_logloss: 1.1912, time(x, z): 0.26/2.35, eplapsed: 45.75, ETA: 259.25
server iter 15 start
server iter 15 done
--Iteration: 15, train_logloss: 1.4197, train_obj: 1.4306, test_logloss: 1.2533, time(x, z): 0.28/2.42, eplapsed: 48.62, ETA: 255.28
server iter 16 start
server iter 16 done
--Iteration: 16, train_logloss: 1.2777, train_obj: 1.2887, test_logloss: 1.3078, time(x, z): 0.26/2.44, eplapsed: 51.55, ETA: 251.67
server iter 17 start
server iter 17 done
--Iteration: 17, train_logloss: 0.9387, train_obj: 0.9507, test_logloss: 1.1723, time(x, z): 0.25/2.41, eplapsed: 54.37, ETA: 247.68
server iter 18 start
server iter 18 done
--Iteration: 18, train_logloss: 0.9938, train_obj: 1.0064, test_logloss: 0.8684, time(x, z): 0.34/2.50, eplapsed: 57.47, ETA: 245.02
server iter 19 start
server iter 19 done
--Iteration: 19, train_logloss: 0.7804, train_obj: 0.7929, test_logloss: 0.9188, time(x, z): 0.30/2.56, eplapsed: 60.54, ETA: 242.18
server iter 20 start
server iter 20 done
--Iteration: 20, train_logloss: 0.8812, train_obj: 0.8938, test_logloss: 0.7255, time(x, z): 0.36/2.46, eplapsed: 63.65, ETA: 239.43
server iter 21 start
server iter 21 done
--Iteration: 21, train_logloss: 0.7333, train_obj: 0.7454, test_logloss: 0.8165, time(x, z): 0.28/2.38, eplapsed: 66.57, ETA: 236.04
server iter 22 start
server iter 22 done
--Iteration: 22, train_logloss: 0.6745, train_obj: 0.6872, test_logloss: 0.6842, time(x, z): 0.34/2.50, eplapsed: 69.71, ETA: 233.37
server iter 23 start
server iter 23 done
--Iteration: 23, train_logloss: 0.7199, train_obj: 0.7332, test_logloss: 0.6342, time(x, z): 0.26/2.25, eplapsed: 72.38, ETA: 229.21
server iter 24 start
server iter 24 done
--Iteration: 24, train_logloss: 0.7282, train_obj: 0.7421, test_logloss: 0.6724, time(x, z): 0.37/2.38, eplapsed: 75.49, ETA: 226.48
server iter 25 start
server iter 25 done
--Iteration: 25, train_logloss: 0.7518, train_obj: 0.7658, test_logloss: 0.6815, time(x, z): 0.37/2.75, eplapsed: 78.87, ETA: 224.47
server iter 26 start
server iter 26 done
--Iteration: 26, train_logloss: 0.6813, train_obj: 0.6962, test_logloss: 0.7134, time(x, z): 0.38/2.57, eplapsed: 82.13, ETA: 222.06
server iter 27 start
server iter 27 done
--Iteration: 27, train_logloss: 0.6023, train_obj: 0.6172, test_logloss: 0.6450, time(x, z): 0.28/2.76, eplapsed: 85.40, ETA: 219.61
server iter 28 start
server iter 28 done
--Iteration: 28, train_logloss: 0.6529, train_obj: 0.6663, test_logloss: 0.5692, time(x, z): 0.42/2.52, eplapsed: 88.70, ETA: 217.16
server iter 29 start
server iter 29 done
--Iteration: 29, train_logloss: 0.6655, train_obj: 0.6793, test_logloss: 0.6118, time(x, z): 0.40/2.79, eplapsed: 92.17, ETA: 215.06
server iter 30 start
server iter 30 done
--Iteration: 30, train_logloss: 0.7678, train_obj: 0.7813, test_logloss: 0.6292, time(x, z): 0.47/2.63, eplapsed: 95.56, ETA: 212.69
server iter 31 start
server iter 31 done
--Iteration: 31, train_logloss: 0.7215, train_obj: 0.7365, test_logloss: 0.7251, time(x, z): 0.37/2.73, eplapsed: 98.95, ETA: 210.27
server iter 32 start
server iter 32 done
--Iteration: 32, train_logloss: 0.7288, train_obj: 0.7452, test_logloss: 0.6806, time(x, z): 0.37/2.24, eplapsed: 101.86, ETA: 206.81
server iter 33 start
server iter 33 done
--Iteration: 33, train_logloss: 0.6819, train_obj: 0.6995, test_logloss: 0.6819, time(x, z): 0.38/2.52, eplapsed: 105.12, ETA: 204.05
server iter 34 start
server iter 34 done
--Iteration: 34, train_logloss: 0.6850, train_obj: 0.7030, test_logloss: 0.6326, time(x, z): 0.43/2.30, eplapsed: 108.15, ETA: 200.85
server iter 35 start
server iter 35 done
--Iteration: 35, train_logloss: 0.7300, train_obj: 0.7486, test_logloss: 0.6380, time(x, z): 0.31/2.38, eplapsed: 111.05, ETA: 197.43
server iter 36 start
server iter 36 done
--Iteration: 36, train_logloss: 0.8056, train_obj: 0.8254, test_logloss: 0.6838, time(x, z): 0.28/2.22, eplapsed: 113.80, ETA: 193.76
server iter 37 start
server iter 37 done
--Iteration: 37, train_logloss: 0.7081, train_obj: 0.7279, test_logloss: 0.7544, time(x, z): 0.30/2.42, eplapsed: 116.74, ETA: 190.48
server iter 38 start
server iter 38 done
--Iteration: 38, train_logloss: 0.7894, train_obj: 0.8082, test_logloss: 0.6596, time(x, z): 0.28/2.41, eplapsed: 119.62, ETA: 187.10
server iter 39 start
server iter 39 done
--Iteration: 39, train_logloss: 0.7442, train_obj: 0.7643, test_logloss: 0.7391, time(x, z): 0.35/2.42, eplapsed: 122.65, ETA: 183.97
server iter 40 start
server iter 40 done
--Iteration: 40, train_logloss: 0.6682, train_obj: 0.6890, test_logloss: 0.7016, time(x, z): 0.30/2.35, eplapsed: 125.52, ETA: 180.63
server iter 41 start
server iter 41 done
--Iteration: 41, train_logloss: 0.6474, train_obj: 0.6698, test_logloss: 0.6385, time(x, z): 0.40/2.44, eplapsed: 128.62, ETA: 177.61
server iter 42 start
server iter 42 done
--Iteration: 42, train_logloss: 0.6088, train_obj: 0.6306, test_logloss: 0.6190, time(x, z): 0.32/2.43, eplapsed: 131.61, ETA: 174.46
server iter 43 start
server iter 43 done
--Iteration: 43, train_logloss: 0.6233, train_obj: 0.6441, test_logloss: 0.5873, time(x, z): 0.29/2.38, eplapsed: 134.55, ETA: 171.24
server iter 44 start
server iter 44 done
--Iteration: 44, train_logloss: 0.6625, train_obj: 0.6826, test_logloss: 0.5986, time(x, z): 0.55/2.42, eplapsed: 137.85, ETA: 168.49
server iter 45 start
server iter 45 done
--Iteration: 45, train_logloss: 0.6629, train_obj: 0.6845, test_logloss: 0.6398, time(x, z): 0.28/2.42, eplapsed: 140.81, ETA: 165.29
server iter 46 start
server iter 46 done
--Iteration: 46, train_logloss: 0.7882, train_obj: 0.8088, test_logloss: 0.6323, time(x, z): 0.37/2.24, eplapsed: 143.68, ETA: 162.02
server iter 47 start
server iter 47 done
--Iteration: 47, train_logloss: 0.9465, train_obj: 0.9666, test_logloss: 0.7495, time(x, z): 0.23/2.39, eplapsed: 146.51, ETA: 158.72
server iter 48 start
server iter 48 done
--Iteration: 48, train_logloss: 1.0775, train_obj: 1.0977, test_logloss: 0.8970, time(x, z): 0.27/2.40, eplapsed: 149.43, ETA: 155.53
server iter 49 start
server iter 49 done
--Iteration: 49, train_logloss: 1.1197, train_obj: 1.1402, test_logloss: 1.0166, time(x, z): 0.26/2.26, eplapsed: 152.19, ETA: 152.19
server iter 50 start
server iter 50 done
--Iteration: 50, train_logloss: 1.3631, train_obj: 1.3843, test_logloss: 1.0557, time(x, z): 0.25/2.72, eplapsed: 155.38, ETA: 149.29
server iter 51 start
server iter 51 done
--Iteration: 51, train_logloss: 1.3114, train_obj: 1.3336, test_logloss: 1.2936, time(x, z): 0.51/2.31, eplapsed: 158.45, ETA: 146.26
server iter 52 start
server iter 52 done
--Iteration: 52, train_logloss: 1.0127, train_obj: 1.0360, test_logloss: 1.2470, time(x, z): 0.38/2.68, eplapsed: 161.75, ETA: 143.44
server iter 53 start
server iter 53 done
--Iteration: 53, train_logloss: 1.2390, train_obj: 1.2624, test_logloss: 0.9592, time(x, z): 0.29/2.43, eplapsed: 164.72, ETA: 140.32
server iter 54 start
server iter 54 done
--Iteration: 54, train_logloss: 1.4219, train_obj: 1.4479, test_logloss: 1.1779, time(x, z): 0.40/2.24, eplapsed: 167.67, ETA: 137.18
server iter 55 start
server iter 55 done
--Iteration: 55, train_logloss: 1.2718, train_obj: 1.3004, test_logloss: 1.3579, time(x, z): 0.31/2.34, eplapsed: 170.58, ETA: 134.03
server iter 56 start
server iter 56 done
--Iteration: 56, train_logloss: 1.3059, train_obj: 1.3335, test_logloss: 1.2058, time(x, z): 0.33/2.36, eplapsed: 173.51, ETA: 130.89
server iter 57 start
server iter 57 done
--Iteration: 57, train_logloss: 1.1233, train_obj: 1.1517, test_logloss: 1.2395, time(x, z): 0.25/2.38, eplapsed: 176.34, ETA: 127.70
server iter 58 start
server iter 58 done
--Iteration: 58, train_logloss: 0.9806, train_obj: 1.0102, test_logloss: 1.0675, time(x, z): 0.33/2.42, eplapsed: 179.26, ETA: 124.57
server iter 59 start
server iter 59 done
--Iteration: 59, train_logloss: 1.1439, train_obj: 1.1733, test_logloss: 0.9365, time(x, z): 0.22/2.41, eplapsed: 182.03, ETA: 121.36
server iter 60 start
server iter 60 done
--Iteration: 60, train_logloss: 1.3269, train_obj: 1.3564, test_logloss: 1.0928, time(x, z): 0.23/2.43, eplapsed: 184.90, ETA: 118.22
server iter 61 start
server iter 61 done
--Iteration: 61, train_logloss: 1.1200, train_obj: 1.1500, test_logloss: 1.2608, time(x, z): 0.26/2.39, eplapsed: 187.80, ETA: 115.10
server iter 62 start
server iter 62 done
--Iteration: 62, train_logloss: 1.0274, train_obj: 1.0577, test_logloss: 1.0663, time(x, z): 0.25/2.34, eplapsed: 190.55, ETA: 111.91
server iter 63 start
server iter 63 done
--Iteration: 63, train_logloss: 1.0904, train_obj: 1.1204, test_logloss: 0.9841, time(x, z): 0.23/2.35, eplapsed: 193.33, ETA: 108.75
server iter 64 start
server iter 64 done
--Iteration: 64, train_logloss: 1.0058, train_obj: 1.0358, test_logloss: 1.0405, time(x, z): 0.30/2.39, eplapsed: 196.23, ETA: 105.66
server iter 65 start
server iter 65 done
--Iteration: 65, train_logloss: 1.0474, train_obj: 1.0757, test_logloss: 0.9580, time(x, z): 0.23/2.37, eplapsed: 198.99, ETA: 102.51
server iter 66 start
server iter 66 done
--Iteration: 66, train_logloss: 1.1798, train_obj: 1.2086, test_logloss: 0.9952, time(x, z): 0.25/2.56, eplapsed: 201.99, ETA: 99.49
server iter 67 start
server iter 67 done
--Iteration: 67, train_logloss: 1.1126, train_obj: 1.1414, test_logloss: 1.1179, time(x, z): 0.17/2.48, eplapsed: 204.80, ETA: 96.37
server iter 68 start
server iter 68 done
--Iteration: 68, train_logloss: 0.9486, train_obj: 0.9781, test_logloss: 1.0534, time(x, z): 0.32/2.35, eplapsed: 207.67, ETA: 93.30
server iter 69 start
server iter 69 done
--Iteration: 69, train_logloss: 1.0095, train_obj: 1.0381, test_logloss: 0.9022, time(x, z): 0.28/2.39, eplapsed: 210.53, ETA: 90.23
server iter 70 start
server iter 70 done
--Iteration: 70, train_logloss: 0.9991, train_obj: 1.0276, test_logloss: 0.9623, time(x, z): 0.28/2.41, eplapsed: 213.45, ETA: 87.18
server iter 71 start
server iter 71 done
--Iteration: 71, train_logloss: 0.8935, train_obj: 0.9227, test_logloss: 0.9558, time(x, z): 0.30/2.39, eplapsed: 216.39, ETA: 84.15
server iter 72 start
server iter 72 done
--Iteration: 72, train_logloss: 0.9621, train_obj: 0.9927, test_logloss: 0.8604, time(x, z): 0.18/2.40, eplapsed: 219.13, ETA: 81.05
server iter 73 start
server iter 73 done
--Iteration: 73, train_logloss: 0.9718, train_obj: 1.0034, test_logloss: 0.9322, time(x, z): 0.32/2.25, eplapsed: 221.90, ETA: 77.97
server iter 74 start
server iter 74 done
--Iteration: 74, train_logloss: 0.9383, train_obj: 0.9703, test_logloss: 0.9382, time(x, z): 0.22/2.24, eplapsed: 224.52, ETA: 74.84
server iter 75 start
server iter 75 done
--Iteration: 75, train_logloss: 0.8834, train_obj: 0.9144, test_logloss: 0.9118, time(x, z): 0.32/2.24, eplapsed: 227.26, ETA: 71.77
server iter 76 start
server iter 76 done
--Iteration: 76, train_logloss: 0.8697, train_obj: 0.8999, test_logloss: 0.8588, time(x, z): 0.34/2.26, eplapsed: 230.12, ETA: 68.74
server iter 77 start
server iter 77 done
--Iteration: 77, train_logloss: 0.9363, train_obj: 0.9677, test_logloss: 0.8401, time(x, z): 0.41/2.47, eplapsed: 233.21, ETA: 65.78
server iter 78 start
server iter 78 done
--Iteration: 78, train_logloss: 0.9397, train_obj: 0.9725, test_logloss: 0.8985, time(x, z): 0.27/2.40, eplapsed: 236.11, ETA: 62.76
server iter 79 start
server iter 79 done
--Iteration: 79, train_logloss: 0.8570, train_obj: 0.8916, test_logloss: 0.8949, time(x, z): 0.43/2.26, eplapsed: 239.09, ETA: 59.77
server iter 80 start
server iter 80 done
--Iteration: 80, train_logloss: 0.9811, train_obj: 1.0147, test_logloss: 0.8159, time(x, z): 0.32/2.42, eplapsed: 242.07, ETA: 56.78
server iter 81 start
server iter 81 done
--Iteration: 81, train_logloss: 0.9751, train_obj: 1.0067, test_logloss: 0.9298, time(x, z): 0.31/2.64, eplapsed: 245.29, ETA: 53.84
server iter 82 start
server iter 82 done
--Iteration: 82, train_logloss: 0.9339, train_obj: 0.9648, test_logloss: 0.9226, time(x, z): 0.42/2.63, eplapsed: 248.64, ETA: 50.93
server iter 83 start
server iter 83 done
--Iteration: 83, train_logloss: 0.9349, train_obj: 0.9660, test_logloss: 0.8915, time(x, z): 0.35/2.42, eplapsed: 251.67, ETA: 47.94
server iter 84 start
server iter 84 done
--Iteration: 84, train_logloss: 1.0310, train_obj: 1.0632, test_logloss: 0.8971, time(x, z): 0.27/2.24, eplapsed: 254.39, ETA: 44.89
server iter 85 start
server iter 85 done
--Iteration: 85, train_logloss: 1.0081, train_obj: 1.0412, test_logloss: 0.9881, time(x, z): 0.31/2.48, eplapsed: 257.41, ETA: 41.90
server iter 86 start
server iter 86 done
--Iteration: 86, train_logloss: 1.0488, train_obj: 1.0831, test_logloss: 0.9677, time(x, z): 0.37/2.26, eplapsed: 260.23, ETA: 38.88
server iter 87 start
server iter 87 done
--Iteration: 87, train_logloss: 1.0912, train_obj: 1.1246, test_logloss: 1.0054, time(x, z): 0.36/2.38, eplapsed: 263.29, ETA: 35.90
server iter 88 start
server iter 88 done
--Iteration: 88, train_logloss: 1.1479, train_obj: 1.1820, test_logloss: 1.0460, time(x, z): 0.20/2.22, eplapsed: 265.88, ETA: 32.86
server iter 89 start
server iter 89 done
--Iteration: 89, train_logloss: 1.1375, train_obj: 1.1724, test_logloss: 1.1019, time(x, z): 0.23/2.39, eplapsed: 268.71, ETA: 29.86
server iter 90 start
server iter 90 done
--Iteration: 90, train_logloss: 1.1771, train_obj: 1.2131, test_logloss: 1.0898, time(x, z): 0.24/2.37, eplapsed: 271.52, ETA: 26.85
server iter 91 start
server iter 91 done
--Iteration: 91, train_logloss: 1.1219, train_obj: 1.1591, test_logloss: 1.1302, time(x, z): 0.19/2.39, eplapsed: 274.26, ETA: 23.85
server iter 92 start
server iter 92 done
--Iteration: 92, train_logloss: 1.0278, train_obj: 1.0642, test_logloss: 1.0788, time(x, z): 0.30/2.45, eplapsed: 277.28, ETA: 20.87
server iter 93 start
server iter 93 done
--Iteration: 93, train_logloss: 0.9111, train_obj: 0.9468, test_logloss: 0.9930, time(x, z): 0.27/2.32, eplapsed: 280.11, ETA: 17.88
server iter 94 start
server iter 94 done
--Iteration: 94, train_logloss: 0.8660, train_obj: 0.9011, test_logloss: 0.8864, time(x, z): 0.34/2.40, eplapsed: 283.10, ETA: 14.90
server iter 95 start
server iter 95 done
--Iteration: 95, train_logloss: 0.8887, train_obj: 0.9261, test_logloss: 0.8494, time(x, z): 0.35/2.24, eplapsed: 285.96, ETA: 11.91
server iter 96 start
server iter 96 done
--Iteration: 96, train_logloss: 0.8924, train_obj: 0.9312, test_logloss: 0.8726, time(x, z): 0.29/2.35, eplapsed: 288.80, ETA: 8.93
server iter 97 start
server iter 97 done
--Iteration: 97, train_logloss: 0.8679, train_obj: 0.9070, test_logloss: 0.8765, time(x, z): 0.36/2.41, eplapsed: 291.76, ETA: 5.95
server iter 98 start
server iter 98 done
--Iteration: 98, train_logloss: 0.9691, train_obj: 1.0091, test_logloss: 0.8549, time(x, z): 0.41/2.41, eplapsed: 294.85, ETA: 2.98
server iter 99 start
server iter 99 done
--Iteration: 99, train_logloss: 1.0724, train_obj: 1.1132, test_logloss: 0.9496, time(x, z): 0.42/2.28, eplapsed: 297.82, ETA: 0.00
Total elapsed time 273.57
