0.6931
0.6930
0.6920
0.6927
0.6919
0.6915
0.6895
0.6908
0.6904
0.6897
0.6863
0.6870
0.6873
0.6893
0.6891
0.6794
0.6850
0.6865
0.6883
0.6879
0.6879
0.6844
0.6831
0.6874
0.6884
0.6907
0.6856
0.6881
0.6854
0.6839
0.6864
0.6863
0.6875
0.6803
0.6771
0.6887
0.6814
0.6828
0.6798
0.6814
0.6814
0.6858
0.6784
0.6887
0.6857
0.6843
0.6827
0.6797
0.6856
0.6839
0.6790
0.6820
0.6884
0.6850
0.6833
0.6798
0.6831
0.6746
0.6795
0.6863
0.6793
0.6756
0.6773
0.6842
0.6823
0.6769
0.6822
0.6784
0.6821
0.6838
0.6819
0.6894
0.6874
0.6836
0.6778
0.6835
0.6854
0.6775
0.6833
0.6793
0.6793
0.6792
0.6852
0.6733
0.6892
0.6912
0.6852
0.6852
0.6812
0.6872
0.6772
0.6832
0.6852
0.6772
0.6872
0.6692
0.6673
0.6792
0.6832
0.6852
0.6792
0.6832
0.6812
0.6772
0.6792
0.6832
0.6872
0.6792
0.6812
0.6793
0.6892
0.6732
0.6693
0.6872
0.6812
0.6792
0.6812
0.6832
0.6872
0.6832
0.6772
0.6912
0.6832
0.6812
0.6693
0.6693
0.6872
0.6792
0.6912
0.6792
0.6772
0.6792
0.6812
0.6733
0.6773
0.6852
0.6872
0.6792
0.6792
0.6812
0.6732
0.6713
0.6852
0.6792
0.6832
0.6892
0.6812
0.6792
0.6872
0.6733
0.6892
0.6673
0.6892
0.6792
0.6832
0.6792
0.6753
0.6812
0.6792
0.6792
0.6752
0.6772
0.6832
0.6832
0.6792
0.6772
0.6832
0.6732
0.6713
0.6892
0.6733
0.6733
0.6772
0.6792
0.6773
0.6812
0.6732
0.6733
0.6812
0.6832
0.6832
0.6752
0.6792
0.6772
0.6772
0.6752
0.6852
0.6872
0.6772
0.6772
0.6772
0.6812
0.6832
0.6852
0.6732
0.6773
0.6733
0.6872
0.6772
0.6812
0.6733
0.6832
0.6852
0.6752
0.6852
0.6872
0.6852
0.6812
0.6713
0.6792
0.6752
0.6892
0.6812
0.6772
0.6872
0.6693
0.6732
0.6792
0.6892
0.6772
0.6812
0.6693
0.6832
0.6792
0.6852
0.6772
0.6832
0.6832
0.6812
0.6733
0.6812
0.6733
0.6812
0.6752
0.6713
0.6792
0.6752
0.6832
0.6812
0.6892
0.6812
0.6752
0.6812
0.6812
0.6752
0.6832
0.6772
0.6812
0.6812
0.6733
0.6812
0.6832
0.6832
0.6852
0.6792
0.6733
0.6772
0.6812
0.6852
0.6792
0.6792
0.6852
0.6832
0.6713
0.6832
0.6771
0.6753
0.6753
0.6832
0.6792
0.6892
0.6733
0.6772
0.6812
0.6812
0.6792
0.6772
0.6832
0.6852
0.6792
0.6792
0.6673
0.6653
0.6752
0.6752
0.6752
0.6812
0.6752
0.6713
0.6712
0.6812
0.6812
0.6752
0.6851
0.6752
0.6872
0.6812
0.6812
0.6693
0.6852
0.6792
0.6812
0.6812
0.6852
0.6792
0.6792
0.6753
0.6812
0.6892
0.6693
0.6753
0.6812
0.6792
0.6832
0.6792
0.6812
0.6852
0.6772
0.6832
0.6752
0.6753
0.6752
0.6772
0.6773
0.6752
0.6812
0.6812
0.6812
0.6892
0.6772
0.6912
0.6772
0.6891
0.6792
0.6753
0.6792
0.6772
0.6832
0.6772
0.6792
0.6792
0.6693
0.6812
0.6692
0.6832
0.6792
0.6832
0.6792
0.6792
0.6733
0.6872
0.6792
0.6872
0.6713
0.6832
0.6772
0.6733
0.6772
0.6832
0.6891
0.6772
0.6792
0.6832
0.6752
0.6752
0.6812
0.6852
0.6832
0.6872
0.6832
0.6852
0.6753
0.6832
0.6773
0.6753
0.6792
0.6852
0.6852
0.6852
0.6772
0.6712
0.6772
0.6812
0.6832
0.6832
0.6852
0.6792
0.6733
0.6832
0.6912
0.6752
0.6733
0.6693
0.6772
0.6792
0.6792
0.6753
0.6733
0.6852
0.6832
0.6812
0.6872
0.6772
0.6832
0.6812
0.6792
0.6753
0.6852
0.6712
0.6753
0.6752
0.6812
0.6852
0.6912
0.6852
0.6733
0.6872
0.6832
0.6752
0.6772
0.6852
0.6792
0.6753
0.6812
0.6772
0.6773
0.6772
0.6733
0.6752
0.6852
0.6753
0.6732
0.6792
0.6792
0.6832
0.6752
0.6812
0.6852
0.6812
0.6733
0.6772
0.6812
0.6832
0.6812
0.6792
0.6773
0.6792
0.6772
0.6772
0.6732
0.6772
0.6892
0.6752
0.6713
0.6713
0.6832
0.6812
0.6832
0.6752
0.6812
0.6633
0.6812
0.6752
0.6812
0.6733
0.6752
0.6693
0.6852
0.6832
0.6852
0.6772
0.6812
0.6772
0.6832
0.6852
0.6772
0.6812
0.6852
0.6812
0.6832
0.6831
0.6792
0.6752
0.6832
0.6693
0.6732
0.6753
0.6732
0.6812
0.6732
0.6792
0.6792
0.6792
0.6752
0.6852
0.6792
0.6832
0.6832
0.6772
0.6772
0.6772
0.6792
0.6812
0.6772
0.6792
0.6753
0.6792
0.6653
0.6673
0.6792
0.6812
0.6812
0.6852
0.6832
0.6772
0.6772
0.6753
0.6872
0.6772
0.6852
0.6772
0.6812
0.6812
0.6912
0.6812
0.6772
0.6812
0.6733
0.6752
0.6852
0.6892
0.6772
0.6812
0.6713
0.6852
0.6832
0.6792
0.6812
0.6852
0.6812
0.6812
0.6852
0.6753
0.6852
0.6872
0.6792
0.6752
0.6832
0.6832
0.6733
0.6753
0.6832
0.6812
0.6892
0.6832
0.6773
0.6733
0.6812
0.6872
0.6772
0.6673
0.6812
0.6832
0.6832
0.6792
0.6891
0.6852
0.6792
0.6713
0.6832
0.6773
0.6712
0.6732
0.6792
0.6812
0.6852
0.6852
0.6812
0.6892
0.6752
0.6673
0.6852
0.6792
0.6792
0.6792
0.6773
0.6733
0.6872
0.6732
0.6792
0.6812
0.6733
0.6752
0.6812
0.6753
0.6792
0.6792
0.6713
0.6772
0.6772
0.6792
0.6772
0.6772
0.6773
0.6792
0.6713
0.6733
0.6812
0.6772
0.6792
0.6653
0.6792
0.6872
0.6872
0.6733
0.6852
0.6832
0.6812
0.6792
0.6852
0.6812
0.6832
0.6832
0.6752
0.6752
0.6792
0.6772
0.6733
0.6792
0.6831
0.6792
0.6832
0.6792
0.6812
0.6832
0.6792
0.6792
0.6931
0.6852
0.6733
0.6812
0.6772
0.6852
0.6792
0.6733
0.6792
0.6792
0.6832
0.6852
0.6792
0.6832
0.6772
0.6852
0.6872
0.6792
0.6892
0.6752
0.6792
0.6872
0.6852
0.6852
0.6772
0.6733
0.6872
0.6832
0.6773
0.6672
0.6673
0.6852
0.6772
0.6792
0.6711
0.6832
0.6792
0.6792
0.6753
0.6792
0.6792
0.6752
0.6712
0.6733
0.6812
0.6792
0.6792
0.6812
0.6733
0.6832
0.6792
0.6793
0.6792
0.6772
0.6832
0.6832
0.6792
0.6773
0.6872
0.6812
0.6832
0.6792
0.6792
0.6892
0.6733
0.6752
0.6812
0.6872
0.6792
0.6752
0.6812
0.6832
0.6792
0.6792
0.6792
0.6792
0.6772
0.6713
0.6772
0.6812
0.6832
0.6812
0.6832
0.6852
0.6773
0.6812
0.6772
0.6772
0.6812
0.6752
0.6852
0.6812
0.6852
0.6792
0.6733
0.6852
0.6752
0.6812
0.6772
0.6733
0.6752
0.6792
0.6832
0.6792
0.6872
0.6772
0.6832
0.6733
0.6812
0.6772
0.6812
0.6812
0.6832
0.6852
0.6832
0.6772
0.6792
0.6753
0.6772
0.6812
0.6772
0.6832
0.6792
0.6852
0.6772
0.6792
0.6792
0.6792
0.6872
0.6812
0.6773
0.6772
0.6693
0.6812
0.6772
0.6732
0.6713
0.6871
0.6852
0.6753
0.6872
0.6792
0.6832
0.6812
0.6752
0.6832
0.6792
0.6772
0.6812
0.6792
0.6852
0.6872
0.6812
0.6872
0.6832
0.6812
0.6753
0.6713
0.6792
0.6752
0.6733
0.6872
0.6872
0.6832
0.6832
0.6752
0.6733
0.6832
0.6713
0.6832
0.6852
0.6812
0.6673
0.6693
0.6832
0.6812
0.6772
0.6792
0.6812
0.6772
0.6713
0.6713
0.6772
0.6753
0.6792
0.6852
0.6772
0.6912
0.6792
0.6812
0.6812
0.6713
0.6752
0.6772
0.6832
0.6872
0.6832
0.6772
0.6772
0.6793
0.6832
0.6713
0.6812
0.6792
0.6773
0.6772
0.6832
0.6792
0.6772
0.6832
0.6752
0.6772
0.6752
0.6792
0.6852
0.6852
0.6713
0.6812
0.6752
0.6832
0.6793
0.6772
0.6891
0.6772
0.6753
0.6832
0.6812
0.6772
0.6792
0.6812
0.6832
0.6852
0.6772
0.6872
0.6792
0.6772
0.6832
0.6752
0.6733
0.6792
0.6733
0.6752
0.6832
0.6772
0.6832
0.6772
0.6752
0.6852
0.6812
0.6832
0.6852
0.6852
0.6713
0.6752
0.6892
0.6693
0.6812
0.6772
0.6872
0.6752
0.6852
0.6733
0.6892
0.6832
0.6753
0.6752
0.6693
0.6852
0.6693
0.6792
0.6852
0.6673
0.6872
0.6852
0.6752
0.6832
0.6812
0.6931
0.6872
0.6812
0.6852
0.6832
0.6792
0.6812
0.6713
0.6812
0.6812
0.6792
0.6793
0.6753
0.6753
0.6832
0.6832
0.6812
0.6792
0.6812
0.6733
0.6832
0.6852
0.6692
0.6872
0.6812
0.6792
0.6852
0.6773
0.6852
0.6773
0.6812
0.6852
0.6772
0.6753
0.6692
0.6773
0.6713
0.6791
0.6832
0.6832
0.6872
0.6871
0.6852
0.6812
0.6832
0.6812
0.6713
0.6872
0.6872
0.6812
0.6812
0.6812
0.6713
0.6753
0.6673
0.6732
0.6733
0.6852
0.6792
0.6812
0.6792
0.6792
0.6852
0.6773
0.6653
0.6832
0.6812
0.6792
0.6812
0.6852
0.6752
0.6852
0.6812
0.6792
0.6772
0.6673
0.6892
0.6792
0.6772
0.6872
0.6792
0.6792
0.6812
0.6732
0.6792
0.6772
0.6812
0.6812
0.6832
0.6752
0.6872
0.6752
0.6852
0.6852
0.6733
0.6812
0.6753
0.6812
0.6812
0.6872
0.6832
0.6792
0.6752
0.6733
0.6673
0.6851
0.6812
0.6792
0.6713
0.6812
0.6832
0.6852
0.6772
0.6832
0.6792
0.6752
0.6812
0.6753
0.6792
0.6872
0.6792
0.6752
0.6892
0.6852
0.6852
0.6792
0.6792
0.6832
0.6852
0.6811
0.6772
0.6792
0.6753
0.6852
0.6832
0.6732
0.6832
0.6792
0.6852
0.6673
0.6852
0.6772
0.6871
0.6812
0.6772
0.6812
0.6792
0.6852
0.6812
0.6832
0.6772
0.6852
0.6792
0.6772
0.6812
0.6733
0.6752
0.6872
0.6872
0.6832
0.6812
0.6792
0.6772
0.6872
0.6872
0.6772
0.6732
0.6792
0.6772
0.6812
0.6872
0.6851
0.6752
0.6852
0.6792
0.6713
0.6852
0.6812
0.6792
0.6832
0.6693
0.6772
0.6792
0.6792
0.6812
0.6852
0.6872
0.6753
0.6772
0.6773
0.6772
0.6733
0.6713
0.6792
0.6832
0.6772
0.6852
0.6812
0.6792
0.6733
0.6812
0.6812
0.6852
0.6832
0.6792
0.6852
0.6752
0.6772
0.6891
0.6673
0.6653
0.6832
0.6832
0.6792
0.6772
0.6852
0.6852
0.6772
0.6733
0.6752
0.6832
0.6872
0.6891
0.6772
0.6792
0.6793
0.6872
0.6872
0.6772
0.6812
0.6732
0.6732
0.6753
0.6852
0.6852
0.6772
0.6693
0.6812
0.6773
0.6872
0.6872
0.6812
0.6752
0.6792
0.6852
0.6752
0.6832
0.6792
0.6852
0.6872
0.6792
0.6733
0.6812
0.6812
0.6912
0.6772
0.6892
0.6792
0.6812
0.6752
0.6812
0.6832
0.6832
0.6752
0.6753
0.6852
0.6852
0.6832
0.6733
0.6733
0.6772
0.6892
0.6772
0.6713
0.6812
0.6852
0.6752
0.6693
0.6772
0.6792
0.6713
0.6772
0.6732
0.6772
0.6713
0.6752
0.6713
0.6732
0.6872
0.6812
0.6713
0.6832
0.6752
0.6772
0.6812
0.6713
0.6892
0.6792
0.6812
0.6693
0.6772
0.6852
0.6832
0.6832
0.6673
0.6852
0.6832
0.6832
0.6832
0.6792
0.6692
0.6832
0.6712
0.6772
0.6852
0.6832
0.6832
0.6812
0.6812
0.6733
0.6792
0.6872
0.6792
0.6832
0.6891
0.6753
0.6733
0.6812
0.6852
0.6891
0.6752
0.6752
0.6852
0.6792
0.6713
0.6792
0.6852
0.6812
0.6752
0.6872
0.6812
0.6832
0.6693
0.6832
0.6693
0.6752
0.6732
0.6772
0.6832
0.6912
0.6832
0.6753
0.6812
0.6832
0.6872
0.6752
0.6792
0.6812
0.6693
0.6713
0.6792
0.6752
0.6852
0.6792
0.6772
0.6832
0.6792
0.6792
0.6832
0.6792
0.6872
0.6772
0.6792
0.6792
0.6832
0.6852
0.6852
0.6832
0.6792
0.6832
0.6772
0.6832
0.6812
0.6832
0.6892
0.6792
0.6852
0.6832
0.6812
0.6832
0.6753
0.6633
0.6772
0.6852
0.6792
0.6832
0.6772
0.6852
0.6693
0.6812
0.6752
0.6792
0.6852
0.6872
0.6832
0.6732
0.6832
0.6733
0.6832
0.6812
0.6812
0.6772
0.6792
0.6852
0.6772
0.6752
0.6753
0.6792
0.6772
0.6792
0.6673
0.6812
0.6812
0.6832
0.6832
0.6832
0.6792
0.6812
0.6772
0.6772
0.6752
0.6792
0.6772
0.6892
0.6812
0.6812
0.6792
0.6892
0.6812
0.6892
0.6852
0.6772
0.6792
0.6792
0.6812
0.6752
0.6872
0.6792
0.6792
0.6832
0.6812
0.6792
0.6851
0.6792
0.6872
0.6753
0.6772
0.6892
0.6792
0.6812
0.6832
0.6812
0.6792
0.6752
0.6653
0.6832
0.6772
0.6653
0.6832
0.6732
0.6912
0.6852
0.6812
0.6693
0.6792
0.6832
0.6772
0.6733
0.6812
0.6752
0.6812
0.6733
0.6713
0.6872
0.6812
0.6772
0.6772
0.6852
0.6753
0.6832
0.6752
0.6832
0.6872
0.6812
0.6772
0.6733
0.6752
0.6713
0.6693
0.6713
0.6812
0.6832
0.6772
0.6792
0.6812
0.6812
0.6812
0.6772
0.6852
0.6892
0.6872
0.6872
0.6832
0.6792
0.6832
0.6772
0.6733
0.6832
0.6852
0.6872
0.6872
0.6653
0.6832
0.6832
0.6832
0.6872
0.6792
0.6792
0.6832
0.6792
0.6752
0.6753
0.6772
0.6752
0.6812
0.6792
0.6832
0.6732
0.6872
0.6752
0.6733
0.6832
0.6733
0.6613
0.6753
0.6772
0.6892
0.6812
0.6872
0.6693
0.6733
0.6852
0.6852
0.6792
0.6792
0.6812
0.6832
0.6812
0.6872
0.6733
0.6812
0.6732
0.6772
0.6772
0.6872
0.6792
0.6832
0.6772
0.6733
0.6773
0.6812
0.6772
0.6832
0.6772
0.6753
0.6792
0.6832
0.6792
0.6852
0.6852
0.6832
0.6812
0.6792
0.6713
0.6812
0.6812
0.6752
0.6852
0.6832
0.6713
0.6792
0.6753
0.6892
0.6773
0.6772
0.6673
0.6792
0.6812
0.6752
0.6772
0.6812
0.6812
0.6852
0.6871
0.6812
0.6792
0.6792
0.6852
0.6753
0.6792
0.6753
0.6832
0.6792
0.6752
0.6773
0.6852
0.6832
0.6792
0.6812
0.6753
0.6792
0.6792
0.6753
0.6832
0.6792
0.6852
0.6733
0.6792
0.6792
0.6733
0.6772
0.6772
0.6753
0.6772
0.6792
0.6772
0.6872
0.6792
0.6693
0.6832
0.6812
0.6792
0.6792
0.6812
0.6852
0.6892
0.6852
0.6772
0.6772
0.6772
0.6772
0.6852
0.6872
0.6832
0.6792
0.6812
0.6812
0.6733
0.6792
0.6892
0.6832
0.6772
0.6792
0.6832
0.6812
0.6872
0.6872
0.6772
0.6772
0.6852
0.6772
0.6792
0.6832
0.6852
0.6752
0.6752
0.6713
0.6852
0.6713
0.6772
0.6832
0.6872
0.6892
0.6812
0.6713
0.6753
0.6772
0.6872
0.6852
0.6792
0.6852
0.6812
0.6832
0.6872
0.6772
0.6852
0.6732
0.6752
0.6832
0.6832
0.6892
0.6732
0.6772
0.6851
0.6872
0.6792
0.6792
0.6772
0.6733
0.6792
0.6693
0.6852
0.6872
0.6832
0.6792
0.6713
0.6772
0.6852
0.6732
0.6673
0.6832
0.6812
0.6792
0.6812
0.6832
0.6772
0.6892
0.6852
0.6772
0.6712
0.6773
0.6872
0.6852
0.6792
0.6852
0.6812
0.6733
0.6872
0.6812
0.6792
0.6792
0.6713
0.6812
0.6713
0.6733
0.6733
0.6732
0.6812
0.6792
0.6752
0.6832
0.6713
0.6792
0.6832
0.6733
0.6832
0.6852
0.6852
0.6832
0.6633
0.6753
0.6753
0.6772
0.6812
0.6772
0.6772
0.6793
0.6792
0.6732
0.6752
0.6872
0.6852
0.6752
0.6892
0.6852
0.6713
0.6912
0.6812
0.6713
0.6812
0.6752
0.6812
0.6812
0.6712
0.6753
0.6752
0.6792
0.6793
0.6872
0.6792
0.6772
0.6792
0.6812
0.6852
0.6792
0.6812
0.6772
0.6752
0.6792
0.6752
0.6752
0.6733
0.6792
0.6772
0.6772
0.6832
0.6832
0.6812
0.6832
0.6792
0.6832
0.6792
0.6733
0.6772
0.6852
0.6852
0.6872
0.6752
0.6832
0.6812
0.6792
0.6812
0.6732
0.6872
0.6852
0.6772
0.6673
0.6653
0.6812
0.6693
0.6812
0.6772
0.6752
0.6832
0.6772
0.6892
0.6713
0.6793
0.6912
0.6792
0.6792
0.6872
0.6752
0.6792
0.6832
0.6792
0.6792
0.6832
0.6852
0.6812
0.6772
0.6792
0.6792
0.6872
0.6852
0.6832
0.6872
0.6872
0.6912
0.6673
0.6832
0.6852
0.6773
0.6752
0.6852
0.6752
0.6832
0.6772
0.6792
0.6832
0.6693
0.6871
0.6832
0.6792
0.6812
0.6792
0.6733
0.6812
0.6892
0.6852
0.6792
0.6872
0.6772
0.6852
0.6792
0.6812
0.6733
0.6752
0.6812
0.6772
0.6792
0.6733
0.6693
0.6792
0.6772
0.6792
0.6832
0.6812
0.6792
0.6792
0.6811
0.6812
0.6772
0.6752
0.6832
0.6733
0.6772
0.6792
0.6653
0.6832
0.6732
0.6812
0.6753
0.6812
0.6832
0.6752
0.6812
0.6772
0.6812
0.6772
0.6772
0.6772
0.6832
0.6852
0.6792
0.6733
0.6852
0.6852
0.6752
0.6792
0.6812
0.6872
0.6872
0.6792
0.6753
0.6832
0.6812
0.6772
0.6812
0.6713
0.6594
0.6772
0.6772
0.6792
0.6732
0.6673
0.6752
0.6872