0.6931
0.6928
0.6918
0.6914
0.6919
0.6909
0.6921
0.6901
0.6886
0.6887
0.6876
0.6910
0.6875
0.6901
0.6860
0.6865
0.6879
0.6904
0.6864
0.6883
0.6851
0.6901
0.6847
0.6856
0.6876
0.6875
0.6836
0.6847
0.6858
0.6882
0.6855
0.6827
0.6853
0.6880
0.6850
0.6834
0.6818
0.6877
0.6847
0.6832
0.6818
0.6862
0.6877
0.6814
0.6797
0.6827
0.6795
0.6889
0.6808
0.6888
0.6855
0.6770
0.6752
0.6869
0.6852
0.6799
0.6816
0.6885
0.6796
0.6777
0.6849
0.6775
0.6829
0.6847
0.6809
0.6827
0.6771
0.6845
0.6750
0.6692
0.6806
0.6766
0.6786
0.6804
0.6883
0.6902
0.6802
0.6883
0.6723
0.6803
0.6803
0.6902
0.6763
0.6862
0.6723
0.6743
0.6723
0.6823
0.6724
0.6823
0.6823
0.6882
0.6763
0.6723
0.6743
0.6823
0.6743
0.6862
0.6704
0.6803
0.6803
0.6863
0.6783
0.6882
0.6802
0.6842
0.6803
0.6763
0.6783
0.6782
0.6703
0.6842
0.6822
0.6783
0.6842
0.6783
0.6822
0.6803
0.6803
0.6823
0.6883
0.6922
0.6862
0.6762
0.6724
0.6822
0.6823
0.6823
0.6763
0.6842
0.6882
0.6823
0.6902
0.6803
0.6783
0.6842
0.6922
0.6902
0.6843
0.6823
0.6862
0.6823
0.6803
0.6743
0.6822
0.6724
0.6822
0.6882
0.6783
0.6803
0.6822
0.6723
0.6842
0.6862
0.6843
0.6743
0.6843
0.6862
0.6843
0.6762
0.6802
0.6843
0.6842
0.6803
0.6863
0.6803
0.6803
0.6742
0.6744
0.6783
0.6703
0.6843
0.6843
0.6842
0.6783
0.6822
0.6862
0.6743
0.6803
0.6843
0.6783
0.6803
0.6723
0.6823
0.6763
0.6783
0.6743
0.6883
0.6822
0.6863
0.6782
0.6763
0.6842
0.6922
0.6823
0.6763
0.6724
0.6783
0.6783
0.6823
0.6803
0.6862
0.6783
0.6842
0.6843
0.6823
0.6763
0.6842
0.6823
0.6843
0.6882
0.6842
0.6764
0.6843
0.6783
0.6862
0.6842
0.6783
0.6882
0.6783
0.6783
0.6902
0.6863
0.6823
0.6862
0.6842
0.6743
0.6822
0.6803
0.6803
0.6883
0.6822
0.6822
0.6762
0.6823
0.6822
0.6823
0.6842
0.6823
0.6822
0.6743
0.6863
0.6763
0.6822
0.6823
0.6803
0.6822
0.6922
0.6803
0.6822
0.6843
0.6783
0.6842
0.6782
0.6843
0.6862
0.6763
0.6863
0.6783
0.6882
0.6743
0.6684
0.6823
0.6783
0.6783
0.6743
0.6842
0.6823
0.6803
0.6823
0.6862
0.6762
0.6823
0.6823
0.6782
0.6843
0.6783
0.6822
0.6803
0.6783
0.6882
0.6843
0.6783
0.6683
0.6843
0.6763
0.6723
0.6922
0.6843
0.6763
0.6822
0.6763
0.6763
0.6723
0.6882
0.6902
0.6783
0.6803
0.6703
0.6822
0.6862
0.6802
0.6843
0.6843
0.6783
0.6883
0.6822
0.6743
0.6803
0.6842
0.6763
0.6803
0.6902
0.6843
0.6842
0.6703
0.6863
0.6783
0.6783
0.6823
0.6823
0.6723
0.6823
0.6882
0.6763
0.6842
0.6783
0.6843
0.6723
0.6843
0.6862
0.6902
0.6743
0.6724
0.6664
0.6783
0.6863
0.6823
0.6803
0.6822
0.6823
0.6802
0.6842
0.6842
0.6683
0.6803
0.6902
0.6822
0.6902
0.6842
0.6902
0.6823
0.6783
0.6783
0.6783
0.6882
0.6803
0.6862
0.6763
0.6823
0.6922
0.6843
0.6724
0.6782
0.6763
0.6783
0.6843
0.6842
0.6743
0.6763
0.6902
0.6862
0.6723
0.6743
0.6882
0.6782
0.6763
0.6743
0.6862
0.6803
0.6743
0.6783
0.6763
0.6763
0.6743
0.6743
0.6802
0.6803
0.6724
0.6783
0.6823
0.6823
0.6862
0.6823
0.6763
0.6783
0.6843
0.6862
0.6843
0.6763
0.6763
0.6842
0.6843
0.6723
0.6783
0.6863
0.6842
0.6882
0.6882
0.6783
0.6783
0.6862
0.6823
0.6743
0.6843
0.6783
0.6743
0.6902
0.6862
0.6763
0.6823
0.6823
0.6862
0.6862
0.6842
0.6803
0.6882
0.6862
0.6823
0.6704
0.6902
0.6842
0.6843
0.6763
0.6863
0.6862
0.6863
0.6823
0.6822
0.6803
0.6883
0.6783
0.6722
0.6763
0.6902
0.6803
0.6863
0.6882
0.6723
0.6843
0.6863
0.6843
0.6763
0.6723
0.6763
0.6843
0.6822
0.6763
0.6783
0.6783
0.6763
0.6763
0.6822
0.6803
0.6783
0.6763
0.6763
0.6843
0.6842
0.6883
0.6823
0.6842
0.6663
0.6783
0.6683
0.6882
0.6783
0.6763
0.6823
0.6743
0.6882
0.6783
0.6843
0.6823
0.6743
0.6882
0.6823
0.6862
0.6763
0.6843
0.6763
0.6882
0.6783
0.6743
0.6803
0.6842
0.6863
0.6842
0.6723
0.6823
0.6863
0.6842
0.6863
0.6882
0.6882
0.6782
0.6723
0.6803
0.6802
0.6783
0.6763
0.6862
0.6823
0.6762
0.6742
0.6764
0.6882
0.6843
0.6822
0.6763
0.6822
0.6723
0.6704
0.6862
0.6743
0.6763
0.6802
0.6823
0.6882
0.6763
0.6882
0.6724
0.6862
0.6763
0.6743
0.6823
0.6823
0.6723
0.6763
0.6783
0.6783
0.6862
0.6763
0.6743
0.6683
0.6822
0.6843
0.6763
0.6743
0.6783
0.6823
0.6823
0.6882
0.6802
0.6783
0.6842
0.6684
0.6902
0.6862
0.6902
0.6782
0.6863
0.6763
0.6742
0.6783
0.6843
0.6902
0.6803
0.6782
0.6803
0.6842
0.6862
0.6862
0.6843
0.6843
0.6783
0.6842
0.6762
0.6783
0.6803
0.6763
0.6822
0.6863
0.6823
0.6763
0.6863
0.6821
0.6763
0.6902
0.6803
0.6882
0.6843
0.6822
0.6843
0.6802
0.6803
0.6803
0.6882
0.6723
0.6803
0.6802
0.6862
0.6842
0.6763
0.6862
0.6803
0.6882
0.6842
0.6823
0.6822
0.6763
0.6782
0.6783
0.6783
0.6684
0.6902
0.6803
0.6803
0.6863
0.6862
0.6863
0.6903
0.6763
0.6784
0.6784
0.6783
0.6843
0.6803
0.6803
0.6803
0.6863
0.6803
0.6843
0.6883
0.6823
0.6783
0.6764
0.6803
0.6903
0.6843
0.6724
0.6764
0.6803
0.6823
0.6803
0.6863
0.6784
0.6803
0.6823
0.6863
0.6823
0.6843
0.6764
0.6803
0.6744
0.6863
0.6723
0.6823
0.6843
0.6803
0.6763
0.6803
0.6803
0.6863
0.6843
0.6803
0.6803
0.6843
0.6803
0.6863
0.6724
0.6902
0.6783
0.6744
0.6882
0.6783
0.6862
0.6763
0.6862
0.6863
0.6803
0.6783
0.6823
0.6763
0.6883
0.6783
0.6763
0.6803
0.6883
0.6803
0.6883
0.6783
0.6783
0.6803
0.6584
0.6763
0.6724
0.6764
0.6803
0.6803
0.6823
0.6883
0.6724
0.6803
0.6863
0.6863
0.6783
0.6823
0.6763
0.6863
0.6883
0.6763
0.6783
0.6783
0.6883
0.6902
0.6743
0.6823
0.6823
0.6783
0.6863
0.6883
0.6902
0.6783
0.6783
0.6862
0.6783
0.6843
0.6803
0.6843
0.6763
0.6902
0.6703
0.6704
0.6822
0.6823
0.6803
0.6743
0.6723
0.6902
0.6862
0.6842
0.6842
0.6842
0.6863
0.6803
0.6763
0.6823
0.6842
0.6863
0.6842
0.6902
0.6823
0.6783
0.6723
0.6882
0.6862
0.6863
0.6863
0.6823
0.6723
0.6863
0.6803
0.6843
0.6763
0.6723
0.6822
0.6822
0.6883
0.6822
0.6743
0.6803
0.6862
0.6823
0.6863
0.6842
0.6743
0.6803
0.6802
0.6743
0.6883
0.6803
0.6782
0.6822
0.6883
0.6783
0.6882
0.6763
0.6822
0.6783
0.6783
0.6862
0.6862
0.6783
0.6823
0.6862
0.6803
0.6703
0.6803
0.6823
0.6782
0.6823
0.6843
0.6843
0.6743
0.6823
0.6823
0.6763
0.6862
0.6863
0.6842
0.6922
0.6842
0.6843
0.6803
0.6763
0.6823
0.6882
0.6762
0.6803
0.6842
0.6862
0.6843
0.6902
0.6823
0.6863
0.6823
0.6763
0.6862
0.6763
0.6822
0.6803
0.6783
0.6843
0.6803
0.6843
0.6763
0.6822
0.6763
0.6823
0.6783
0.6823
0.6843
0.6803
0.6783
0.6843
0.6763
0.6802
0.6763
0.6882
0.6803
0.6723
0.6862
0.6803
0.6783
0.6803
0.6763
0.6783
0.6803
0.6763
0.6723
0.6862
0.6803
0.6882
0.6882
0.6803
0.6862
0.6863
0.6783
0.6842
0.6803
0.6842
0.6862
0.6783
0.6843
0.6803
0.6823
0.6743
0.6823
0.6803
0.6823
0.6862
0.6742
0.6762
0.6723
0.6842
0.6843
0.6862
0.6763
0.6842
0.6842
0.6743
0.6862
0.6823
0.6803
0.6883
0.6803
0.6882
0.6803
0.6783
0.6842
0.6803
0.6782
0.6743
0.6843
0.6703
0.6823
0.6842
0.6803
0.6862
0.6783
0.6783
0.6862
0.6783
0.6624
0.6743
0.6783
0.6843
0.6882
0.6803
0.6882
0.6783
0.6783
0.6803
0.6843
0.6763
0.6763
0.6783
0.6842
0.6862
0.6882
0.6723
0.6763
0.6843
0.6842
0.6862
0.6803
0.6822
0.6803
0.6842
0.6743
0.6803
0.6863
0.6863
0.6743
0.6843
0.6803
0.6803
0.6822
0.6783
0.6823
0.6882
0.6803
0.6803
0.6841
0.6802
0.6823
0.6743
0.6862
0.6763
0.6723
0.6882
0.6803
0.6822
0.6882
0.6743
0.6743
0.6723
0.6903
0.6843
0.6843
0.6803
0.6843
0.6723
0.6843
0.6863
0.6782
0.6763
0.6802
0.6782
0.6902
0.6783
0.6842
0.6863
0.6802
0.6823
0.6843
0.6843
0.6822
0.6783
0.6763
0.6843
0.6783
0.6803
0.6842
0.6882
0.6863
0.6823
0.6763
0.6743
0.6862
0.6823
0.6862
0.6703
0.6703
0.6803
0.6842
0.6882
0.6783
0.6823
0.6782
0.6803
0.6762
0.6842
0.6704
0.6843
0.6822
0.6842
0.6783
0.6803
0.6823
0.6783
0.6822
0.6802
0.6863
0.6823
0.6723
0.6862
0.6802
0.6704
0.6882
0.6743
0.6823
0.6823
0.6803
0.6782
0.6882
0.6724
0.6802
0.6783
0.6823
0.6803
0.6882
0.6763
0.6763
0.6803
0.6823
0.6743
0.6822
0.6803
0.6862
0.6823
0.6902
0.6822
0.6803
0.6803
0.6862
0.6843
0.6883
0.6703
0.6842
0.6882
0.6862
0.6743
0.6783
0.6823
0.6822
0.6763
0.6883
0.6763
0.6842
0.6723
0.6843
0.6862
0.6822
0.6802
0.6862
0.6863
0.6902
0.6822
0.6842
0.6743
0.6823
0.6763
0.6862
0.6802
0.6823
0.6903
0.6803
0.6862
0.6723
0.6802
0.6783
0.6683
0.6803
0.6882
0.6743
0.6743
0.6802
0.6842
0.6723
0.6783
0.6782
0.6803
0.6863
0.6843
0.6882
0.6841
0.6743
0.6783
0.6823
0.6862
0.6803
0.6862
0.6843
0.6862
0.6823
0.6862
0.6822
0.6763
0.6822
0.6882
0.6842
0.6823
0.6783
0.6644
0.6883
0.6803
0.6823
0.6902
0.6802
0.6803
0.6823
0.6763
0.6922
0.6803
0.6823
0.6783
0.6822
0.6683
0.6763
0.6842
0.6783
0.6823
0.6803
0.6803
0.6862
0.6783
0.6922
0.6823
0.6862
0.6842
0.6902
0.6763
0.6843
0.6823
0.6782
0.6763
0.6763
0.6842
0.6882
0.6843
0.6843
0.6823
0.6763
0.6823
0.6703
0.6903
0.6783
0.6882
0.6803
0.6863
0.6823
0.6783
0.6823
0.6862
0.6724
0.6823
0.6803
0.6823
0.6783
0.6823
0.6763
0.6862
0.6822
0.6863
0.6862
0.6763
0.6823
0.6823
0.6743
0.6822
0.6822
0.6842
0.6842
0.6863
0.6743
0.6743
0.6763
0.6803
0.6803
0.6783
0.6842
0.6882
0.6803
0.6843
0.6762
0.6862
0.6803
0.6782
0.6862
0.6783
0.6882
0.6763
0.6823
0.6803
0.6823
0.6843
0.6783
0.6902
0.6843
0.6664
0.6663
0.6763
0.6803
0.6783
0.6842
0.6763
0.6882
0.6702
0.6783
0.6803
0.6763
0.6803
0.6843
0.6743
0.6843
0.6743
0.6862
0.6842
0.6802
0.6822
0.6803
0.6803
0.6843
0.6763
0.6723
0.6902
0.6743
0.6763
0.6703
0.6744
0.6744
0.6822
0.6743
0.6843
0.6803
0.6823
0.6783
0.6802
0.6763
0.6803
0.6703
0.6842
0.6782
0.6743
0.6842
0.6803
0.6783
0.6743
0.6863
0.6783
0.6902
0.6743
0.6883
0.6843
0.6744
0.6824
0.6864
0.6844
0.6863
0.6903
0.6784
0.6704
0.6784
0.6884
0.6824
0.6824
0.6804
0.6804
0.6724
0.6823
0.6884
0.6764
0.6824
0.6844
0.6784
0.6804
0.6864
0.6843
0.6824
0.6784
0.6844
0.6823
0.6783
0.6764
0.6784
0.6843
0.6823
0.6883
0.6764
0.6744
0.6684
0.6803
0.6823
0.6784
0.6843
0.6863
0.6804
0.6784
0.6903
0.6704
0.6803
0.6783
0.6843
0.6744
0.6784
0.6783
0.6803
0.6803
0.6803
0.6823
0.6804
0.6863
0.6803
0.6823
0.6843
0.6704
0.6843
0.6783
0.6743
0.6843
0.6763
0.6882
0.6823
0.6863
0.6823
0.6824
0.6843
0.6863
0.6803
0.6783
0.6783
0.6823
0.6684
0.6862
0.6823
0.6843
0.6882
0.6704
0.6744
0.6784
0.6803
0.6822
0.6882
0.6823
0.6783
0.6803
0.6863
0.6843
0.6743
0.6823
0.6783
0.6803
0.6823
0.6664
0.6843
0.6744
0.6703
0.6802
0.6823
0.6842
0.6822
0.6783
0.6843
0.6743
0.6843
0.6723
0.6803
0.6862
0.6724
0.6724
0.6763
0.6743
0.6823
0.6903
0.6843
0.6843
0.6883
0.6863
0.6763
0.6783
0.6783
0.6803
0.6803
0.6723
0.6764
0.6903
0.6863
0.6684
0.6823
0.6862
0.6723
0.6903
0.6763
0.6744
0.6823
0.6803
0.6803
0.6782
0.6763
0.6803
0.6803
0.6823
0.6783
0.6902
0.6883
0.6763
0.6802
0.6883
0.6763
0.6843
0.6703
0.6803
0.6882
0.6703
0.6743
0.6663
0.6724
0.6843
0.6863
0.6843
0.6842
0.6802
0.6842
0.6783
0.6823
0.6843
0.6743
0.6803
0.6763
0.6903
0.6822
0.6842
0.6863
0.6843
0.6644
0.6822
0.6764
0.6782
0.6803
0.6863
0.6863
0.6743
0.6802
0.6862
0.6783
0.6842
0.6783
0.6783
0.6863
0.6743
0.6882
0.6882
0.6763
0.6743
0.6823
0.6823
0.6803
0.6842
0.6743
0.6803
0.6842
0.6764
0.6803
0.6803
0.6763
0.6643
0.6703
0.6763
0.6843
0.6843
0.6782
0.6763
0.6783
0.6823
0.6743
0.6783
0.6783
0.6763
0.6823
0.6763
0.6803
0.6823
0.6863
0.6823
0.6863
0.6703
0.6903
0.6703
0.6842
0.6743
0.6783
0.6862
0.6803
0.6843
0.6863
0.6902
0.6823
0.6863
0.6803
0.6802
0.6843
0.6723
0.6763
0.6762
0.6882
0.6862
0.6823
0.6743
0.6843
0.6842
0.6743
0.6842
0.6863
0.6803
0.6683
0.6684
0.6823
0.6763
0.6763
0.6823
0.6902
0.6823
0.6822
0.6763
0.6823
0.6782
0.6882
0.6783
0.6823
0.6782
0.6783
0.6743
0.6743
0.6843
0.6803
0.6862
0.6823
0.6822
0.6703
0.6723
0.6842
0.6822
0.6743
0.6783
0.6783
0.6763
0.6763
0.6663
0.6743
0.6821
0.6744
0.6863
0.6862
0.6763
0.6803
0.6723
0.6743
0.6782
0.6823
0.6823
0.6803
0.6842
0.6803
0.6823
0.6764
0.6863
0.6882
0.6822
0.6883
0.6842
0.6922
0.6783
0.6783
0.6882
0.6842
0.6862
0.6762
0.6822
0.6863
0.6743
0.6763
0.6723
0.6703
0.6783
0.6882
0.6783
0.6823
0.6783
0.6782
0.6763
0.6782
0.6803
0.6763
0.6743
0.6882
0.6803
0.6882
0.6823
0.6763
0.6862
0.6723
0.6882
0.6823
0.6843
0.6763
0.6783
0.6862
0.6783
0.6803
0.6822
0.6862
0.6723
0.6784
0.6922
0.6842
0.6743
0.6763
0.6823
0.6783
0.6843
0.6882
0.6842
0.6823
0.6723
0.6823
0.6723
0.6763
0.6863
0.6842
0.6783
0.6842
0.6862
0.6723
0.6863
0.6763
0.6803
0.6783
0.6683
0.6783
0.6763
0.6843
0.6822
0.6703
0.6803
0.6842
0.6763
0.6842
0.6743
0.6783
0.6803
0.6863
0.6883
0.6783
0.6823
0.6763
0.6842
0.6803
0.6823
0.6882
0.6822
0.6723
0.6862
0.6823
0.6763
0.6702
0.6823
0.6822
0.6823
0.6743
0.6843
0.6743
0.6723
0.6882
0.6723
0.6823
0.6704
0.6822
0.6783
0.6763
0.6763
0.6843
0.6743
0.6803
0.6862
0.6763
0.6782
0.6843
0.6803
0.6803
0.6763
0.6882
0.6822
0.6743
0.6862
0.6743
0.6902
0.6763
0.6704
0.6783
0.6743
0.6843
0.6823
0.6823
0.6783
0.6803
0.6783
0.6922
0.6862
0.6843
0.6862
0.6823
0.6862
0.6802
0.6922
0.6902
0.6783
0.6843
0.6743
0.6763
0.6743
0.6843
0.6763
0.6644
0.6683
0.6843
0.6803
0.6743
0.6863
0.6782
0.6743
0.6743
0.6783
0.6783
0.6842
0.6802
0.6823
0.6823
0.6803
0.6823
0.6783
0.6783
0.6782
0.6823
0.6863
0.6723
0.6842
0.6783
0.6802
0.6783
0.6842
0.6783
0.6782
0.6803
0.6743
0.6803
0.6783
0.6802
0.6823
0.6883
0.6882
0.6802
0.6763
0.6783
0.6743
0.6862
0.6863
0.6843
0.6783
0.6803
0.6763
0.6783
0.6822
0.6783
0.6763
0.6703
0.6743
0.6842
0.6862
0.6803
0.6822
0.6783
0.6823
0.6802
0.6783
0.6862
0.6803
0.6783
0.6803
0.6763
0.6883
0.6862
0.6743
0.6843
0.6783
0.6823
0.6883
0.6783
0.6842
0.6803
0.6922
0.6922
0.6763
0.6842
0.6802
0.6803
0.6862
0.6823
0.6843
0.6882
0.6843
0.6882
0.6724
0.6743
0.6823
0.6842
0.6802
0.6743
0.6783
0.6783
0.6763
0.6822
0.6842
0.6842
0.6803
0.6882
0.6783
0.6882
0.6823
0.6823
0.6902
0.6783
0.6822
0.6822
0.6723
0.6803
0.6723
0.6782
0.6763
0.6723
0.6743
0.6862